<?xml version="1.0" encoding="UTF-8"?>
<!-- Generated by org.testng.reporters.JUnitXMLReporter -->
<testsuite hostname="saffron-H81M-S" ignored="0" name="Test2" tests="17" failures="1" timestamp="19 Mar 2019 09:27:31 GMT" time="952.23" errors="0">
  <testcase name="countCategoryTest" time="1.704" classname="com.qa.testCases.CategoriesPageTest"/>
  <testcase name="categoryMenuClickabilityTest" time="0.028" classname="com.qa.testCases.CategoriesPageTest"/>
  <testcase name="verifyCategoryPageTitleTest" time="6.765" classname="com.qa.testCases.CategoriesPageTest">
    <failure type="java.lang.AssertionError" message="expected [] but found [WeeklyPaper - Categories]">
      <![CDATA[java.lang.AssertionError: expected [] but found [WeeklyPaper - Categories]
at com.qa.testCases.CategoriesPageTest.verifyCategoryPageTitleTest(CategoriesPageTest.java:54)
... Removed 31 stack frames]]>
    </failure>
  </testcase> <!-- verifyCategoryPageTitleTest -->
  <testcase name="countArtBookssubcategories" time="11.823" classname="com.qa.testCases.CategoriesPageTest"/>
  <testcase name="countAutomotivesubcategories" time="11.871" classname="com.qa.testCases.CategoriesPageTest"/>
  <testcase name="countBoatsAndSkisSubcategories" time="11.865" classname="com.qa.testCases.CategoriesPageTest"/>
  <testcase name="countClothesAndJewelSubcategories" time="11.951" classname="com.qa.testCases.CategoriesPageTest"/>
  <testcase name="countCommunitySubCategories" time="11.788" classname="com.qa.testCases.CategoriesPageTest"/>
  <testcase name="countConsumerElectronicsSubcategories" time="11.793" classname="com.qa.testCases.CategoriesPageTest"/>
  <testcase name="countDiscussionForumsSubcategories" time="11.877" classname="com.qa.testCases.CategoriesPageTest"/>
  <testcase name="countJobsSubcategories" time="17.037" classname="com.qa.testCases.CategoriesPageTest"/>
  <testcase name="countLocalPlacesSubcategories" time="11.825" classname="com.qa.testCases.CategoriesPageTest"/>
  <testcase name="countOthersSubcategories" time="11.802" classname="com.qa.testCases.CategoriesPageTest"/>
  <testcase name="countPetsSubcategories" time="11.853" classname="com.qa.testCases.CategoriesPageTest"/>
  <testcase name="countRealEstateSubcategories" time="11.896" classname="com.qa.testCases.CategoriesPageTest"/>
  <testcase name="countResumesSubcategories" time="11.844" classname="com.qa.testCases.CategoriesPageTest"/>
  <testcase name="countServicesSubcategories" time="11.941" classname="com.qa.testCases.CategoriesPageTest"/>
</testsuite> <!-- Test2 -->
