<!DOCTYPE html PUBLIC "-//W3C//DTD XHTML 1.1//EN" "http://www.w3.org/TR/xhtml11/DTD/xhtml11.dtd">
<html xmlns="http://www.w3.org/1999/xhtml">
<head>
<meta http-equiv="content-type" content="text/html; charset=UTF-8"/>
<title>TestNG Report</title>
<style type="text/css">table {margin-bottom:10px;border-collapse:collapse;empty-cells:show}th,td {border:1px solid #009;padding:.25em .5em}th {vertical-align:bottom}td {vertical-align:top}table a {font-weight:bold}.stripe td {background-color: #E6EBF9}.num {text-align:right}.passedodd td {background-color: #3F3}.passedeven td {background-color: #0A0}.skippedodd td {background-color: #DDD}.skippedeven td {background-color: #CCC}.failedodd td,.attn {background-color: #F33}.failedeven td,.stripe .attn {background-color: #D00}.stacktrace {white-space:pre;font-family:monospace}.totop {font-size:85%;text-align:center;border-bottom:2px solid #000}.invisible {display:none}</style>
</head>
<body>
<table>
<tr><th>Test</th><th># Passed</th><th># Skipped</th><th># Failed</th><th>Time (ms)</th><th>Included Groups</th><th>Excluded Groups</th></tr>
<tr><th colspan="7">Suite</th></tr>
<tr><td><a href="#t0">Test1</a></td><td class="num">4</td><td class="num">0</td><td class="num attn">1</td><td class="num">357,474</td><td></td><td></td></tr>
<tr class="stripe"><td><a href="#t1">Test2</a></td><td class="num">16</td><td class="num">0</td><td class="num attn">1</td><td class="num">952,230</td><td></td><td></td></tr>
<tr><td><a href="#t2">Test3</a></td><td class="num">3</td><td class="num">0</td><td class="num">0</td><td class="num">207,784</td><td></td><td></td></tr>
<tr class="stripe"><td><a href="#t3">Test4</a></td><td class="num">8</td><td class="num">0</td><td class="num">0</td><td class="num">609,170</td><td></td><td></td></tr>
<tr><td><a href="#t4">Test5</a></td><td class="num">6</td><td class="num">0</td><td class="num">0</td><td class="num">347,531</td><td></td><td></td></tr>
<tr class="stripe"><td><a href="#t5">Test6</a></td><td class="num">9</td><td class="num">0</td><td class="num">0</td><td class="num">624,339</td><td></td><td></td></tr>
<tr><td><a href="#t6">Test7</a></td><td class="num">3</td><td class="num">0</td><td class="num">0</td><td class="num">188,728</td><td></td><td></td></tr>
<tr class="stripe"><td><a href="#t7">Test8</a></td><td class="num">8</td><td class="num">0</td><td class="num attn">2</td><td class="num">805,076</td><td></td><td></td></tr>
<tr><td><a href="#t8">Test9</a></td><td class="num">6</td><td class="num">0</td><td class="num attn">1</td><td class="num">491,454</td><td></td><td></td></tr>
<tr class="stripe"><td><a href="#t9">Test10</a></td><td class="num">5</td><td class="num">0</td><td class="num">0</td><td class="num">240,049</td><td></td><td></td></tr>
<tr><td><a href="#t10">Test11</a></td><td class="num">4</td><td class="num">0</td><td class="num attn">1</td><td class="num">365,259</td><td></td><td></td></tr>
<tr class="stripe"><td><a href="#t11">Test12</a></td><td class="num">12</td><td class="num">0</td><td class="num attn">1</td><td class="num">770,063</td><td></td><td></td></tr>
<tr><th>Total</th><th class="num">84</th><th class="num">0</th><th class="num attn">7</th><th class="num">5,959,157</th><th colspan="2"></th></tr>
</table>
<table id='summary'><thead><tr><th>Class</th><th>Method</th><th>Start</th><th>Time (ms)</th></tr></thead><tbody><tr><th colspan="4">Suite</th></tr></tbody><tbody id="t0"><tr><th colspan="4">Test1 &#8212; failed</th></tr><tr class="failedeven"><td rowspan="1">com.qa.testCases.AddToFavouritePageTest</td><td><a href="#m0">deleteFavouriteAdTest</a></td><td rowspan="1">1552986655917</td><td rowspan="1">42750</td></tr><tr><th colspan="4">Test1 &#8212; passed</th></tr><tr class="passedeven"><td rowspan="4">com.qa.testCases.AddToFavouritePageTest</td><td><a href="#m1">favouriteAdLinkClickabilityTest</a></td><td rowspan="1">1552986393547</td><td rowspan="1">18408</td></tr><tr class="passedeven"><td><a href="#m2">favouriteAdPageTitleTest</a></td><td rowspan="1">1552986458456</td><td rowspan="1">24956</td></tr><tr class="passedeven"><td><a href="#m3">favouriteIconEnableTest</a></td><td rowspan="1">1552986528212</td><td rowspan="1">15167</td></tr><tr class="passedeven"><td><a href="#m4">favouriteVerificationTest</a></td><td rowspan="1">1552986587986</td><td rowspan="1">23174</td></tr></tbody>
<tbody id="t1"><tr><th colspan="4">Test2 &#8212; failed</th></tr><tr class="failedeven"><td rowspan="1">com.qa.testCases.CategoriesPageTest</td><td><a href="#m5">verifyCategoryPageTitleTest</a></td><td rowspan="1">1552986834886</td><td rowspan="1">6765</td></tr><tr><th colspan="4">Test2 &#8212; passed</th></tr><tr class="passedeven"><td rowspan="16">com.qa.testCases.CategoriesPageTest</td><td><a href="#m6">categoryMenuClickabilityTest</a></td><td rowspan="1">1552986790163</td><td rowspan="1">28</td></tr><tr class="passedeven"><td><a href="#m7">countArtBookssubcategories</a></td><td rowspan="1">1552986886290</td><td rowspan="1">11823</td></tr><tr class="passedeven"><td><a href="#m8">countAutomotivesubcategories</a></td><td rowspan="1">1552986945282</td><td rowspan="1">11871</td></tr><tr class="passedeven"><td><a href="#m9">countBoatsAndSkisSubcategories</a></td><td rowspan="1">1552987002144</td><td rowspan="1">11865</td></tr><tr class="passedeven"><td><a href="#m10">countCategoryTest</a></td><td rowspan="1">1552986743860</td><td rowspan="1">1704</td></tr><tr class="passedeven"><td><a href="#m11">countClothesAndJewelSubcategories</a></td><td rowspan="1">1552987058891</td><td rowspan="1">11951</td></tr><tr class="passedeven"><td><a href="#m12">countCommunitySubCategories</a></td><td rowspan="1">1552987115422</td><td rowspan="1">11788</td></tr><tr class="passedeven"><td><a href="#m13">countConsumerElectronicsSubcategories</a></td><td rowspan="1">1552987172051</td><td rowspan="1">11793</td></tr><tr class="passedeven"><td><a href="#m14">countDiscussionForumsSubcategories</a></td><td rowspan="1">1552987228557</td><td rowspan="1">11877</td></tr><tr class="passedeven"><td><a href="#m15">countJobsSubcategories</a></td><td rowspan="1">1552987285079</td><td rowspan="1">17037</td></tr><tr class="passedeven"><td><a href="#m16">countLocalPlacesSubcategories</a></td><td rowspan="1">1552987350079</td><td rowspan="1">11825</td></tr><tr class="passedeven"><td><a href="#m17">countOthersSubcategories</a></td><td rowspan="1">1552987406674</td><td rowspan="1">11802</td></tr><tr class="passedeven"><td><a href="#m18">countPetsSubcategories</a></td><td rowspan="1">1552987463022</td><td rowspan="1">11853</td></tr><tr class="passedeven"><td><a href="#m19">countRealEstateSubcategories</a></td><td rowspan="1">1552987519606</td><td rowspan="1">11896</td></tr><tr class="passedeven"><td><a href="#m20">countResumesSubcategories</a></td><td rowspan="1">1552987583467</td><td rowspan="1">11844</td></tr><tr class="passedeven"><td><a href="#m21">countServicesSubcategories</a></td><td rowspan="1">1552987639720</td><td rowspan="1">11941</td></tr></tbody>
<tbody id="t2"><tr><th colspan="4">Test3 &#8212; passed</th></tr><tr class="passedeven"><td rowspan="3">com.qa.testCases.EditAdTest</td><td><a href="#m22">UpdateAdPageTitleTest</a></td><td rowspan="1">1552987838632</td><td rowspan="1">20834</td></tr><tr class="passedeven"><td><a href="#m23">UpdateAdTest</a></td><td rowspan="1">1552987766005</td><td rowspan="1">24219</td></tr><tr class="passedeven"><td><a href="#m24">editButtonClickabilityTest</a></td><td rowspan="1">1552987696285</td><td rowspan="1">24145</td></tr></tbody>
<tbody id="t3"><tr><th colspan="4">Test4 &#8212; passed</th></tr><tr class="passedeven"><td rowspan="8">com.qa.testCases.EnquiryPageTest</td><td><a href="#m25">EnquirySectionTest</a></td><td rowspan="1">1552987909047</td><td rowspan="1">22232</td></tr><tr class="passedeven"><td><a href="#m26">chooseFileOfEnquirySectiontest</a></td><td rowspan="1">1552988435776</td><td rowspan="1">32864</td></tr><tr class="passedeven"><td><a href="#m27">descriptionFieldValidationMessageTest</a></td><td rowspan="1">1552988129884</td><td rowspan="1">31622</td></tr><tr class="passedeven"><td><a href="#m28">emailidFieldDisabilityTest</a></td><td rowspan="1">1552988288123</td><td rowspan="1">28356</td></tr><tr class="passedeven"><td><a href="#m29">remainingCharacterLengthDescriptionTest</a></td><td rowspan="1">1552988364857</td><td rowspan="1">22606</td></tr><tr class="passedeven"><td><a href="#m30">sendEnquiryTest</a></td><td rowspan="1">1552988209688</td><td rowspan="1">29624</td></tr><tr class="passedeven"><td><a href="#m31">subjectFieldValidationMessageTest</a></td><td rowspan="1">1552988050315</td><td rowspan="1">31145</td></tr><tr class="passedeven"><td><a href="#m32">textboxPlaceholderTest</a></td><td rowspan="1">1552987979779</td><td rowspan="1">21860</td></tr></tbody>
<tbody id="t4"><tr><th colspan="4">Test5 &#8212; passed</th></tr><tr class="passedeven"><td rowspan="6">com.qa.testCases.LoginPageTest</td><td><a href="#m33">ForgotPasswordToLoginPopUpSwitchTest</a></td><td rowspan="1">1552988801031</td><td rowspan="1">15135</td></tr><tr class="passedeven"><td><a href="#m34">forgotPasswordTest</a></td><td rowspan="1">1552988738479</td><td rowspan="1">15301</td></tr><tr class="passedeven"><td><a href="#m35">inValidEmailTest</a></td><td rowspan="1">1552988633152</td><td rowspan="1">5411</td></tr><tr class="passedeven"><td><a href="#m36">loginTest</a></td><td rowspan="1">1552988517346</td><td rowspan="1">13367</td></tr><tr class="passedeven"><td><a href="#m37">loginWithNotMatchedRecoredsTest</a></td><td rowspan="1">1552988684985</td><td rowspan="1">5483</td></tr><tr class="passedeven"><td><a href="#m38">loginpageValidationTest</a></td><td rowspan="1">1552988579014</td><td rowspan="1">5103</td></tr></tbody>
<tbody id="t5"><tr><th colspan="4">Test6 &#8212; passed</th></tr><tr class="passedeven"><td rowspan="9">com.qa.testCases.MyAccountPageTest</td><td><a href="#m39">MyAccountButtonClickabilityTest</a></td><td rowspan="1">1552988862611</td><td rowspan="1">16447</td></tr><tr class="passedeven"><td><a href="#m40">SubscriptioTypeButtonClickabilityTest</a></td><td rowspan="1">1552989327354</td><td rowspan="1">20337</td></tr><tr class="passedeven"><td><a href="#m41">SwitchToPayPalLoginTest</a></td><td rowspan="1">1552989411383</td><td rowspan="1">29129</td></tr><tr class="passedeven"><td><a href="#m42">editButtonClickabilityTest</a></td><td rowspan="1">1552989060765</td><td rowspan="1">17890</td></tr><tr class="passedeven"><td><a href="#m43">fieldDisabilityTestBeforEdit</a></td><td rowspan="1">1552989124883</td><td rowspan="1">17999</td></tr><tr class="passedeven"><td><a href="#m44">myAccountPageTitleTest</a></td><td rowspan="1">1552988926717</td><td rowspan="1">18145</td></tr><tr class="passedeven"><td><a href="#m45">upGradeNowButtonClickabilityTest</a></td><td rowspan="1">1552988991788</td><td rowspan="1">21443</td></tr><tr class="passedeven"><td><a href="#m46">updateAccountInfoTest</a></td><td rowspan="1">1552989189348</td><td rowspan="1">23548</td></tr><tr class="passedeven"><td><a href="#m47">upgradeNowPageTest</a></td><td rowspan="1">1552989259618</td><td rowspan="1">19280</td></tr></tbody>
<tbody id="t6"><tr><th colspan="4">Test7 &#8212; passed</th></tr><tr class="passedeven"><td rowspan="3">com.qa.testCases.PastAdTest</td><td><a href="#m48">noPastAdMessageTest</a></td><td rowspan="1">1552989611377</td><td rowspan="1">17885</td></tr><tr class="passedeven"><td><a href="#m49">pastAdClickability</a></td><td rowspan="1">1552989487126</td><td rowspan="1">13581</td></tr><tr class="passedeven"><td><a href="#m50">pastAdPageTitletest</a></td><td rowspan="1">1552989547234</td><td rowspan="1">17895</td></tr></tbody>
<tbody id="t7"><tr><th colspan="4">Test8 &#8212; failed</th></tr><tr class="failedeven"><td rowspan="2">com.qa.testCases.PostAddTest</td><td><a href="#m51">categoryCountTest</a></td><td rowspan="1">1552990040331</td><td rowspan="1">20068</td></tr><tr class="failedeven"><td><a href="#m52">verfyPostAdPageTest</a></td><td rowspan="1">1552989875928</td><td rowspan="1">20061</td></tr><tr><th colspan="4">Test8 &#8212; passed</th></tr><tr class="passedeven"><td rowspan="8">com.qa.testCases.PostAddTest</td><td><a href="#m53">SubCategoryCorresspondingCategoryTest</a></td><td rowspan="1">1552990289094</td><td rowspan="1">35426</td></tr><tr class="passedeven"><td><a href="#m54">VerifydeleteAdTest</a></td><td rowspan="1">1552990214346</td><td rowspan="1">26252</td></tr><tr class="passedeven"><td><a href="#m55">postAddButtonClickabilityTest</a></td><td rowspan="1">1552989677067</td><td rowspan="1">23</td></tr><tr class="passedeven"><td><a href="#m56">postAddTest</a></td><td rowspan="1">1552989943353</td><td rowspan="1">49859</td></tr><tr class="passedeven"><td><a href="#m57">requiredFieldValidationTest</a></td><td rowspan="1">1552989791495</td><td rowspan="1">38031</td></tr><tr class="passedeven"><td><a href="#m58">requiredFieldVerificationTest</a></td><td rowspan="1">1552989726722</td><td rowspan="1">18309</td></tr><tr class="passedeven"><td><a href="#m59">tabFunctionalityOfPostAdFormTest</a></td><td rowspan="1">1552990371099</td><td rowspan="1">63238</td></tr><tr class="passedeven"><td><a href="#m60">uploadImageTest</a></td><td rowspan="1">1552990112599</td><td rowspan="1">54637</td></tr></tbody>
<tbody id="t8"><tr><th colspan="4">Test9 &#8212; failed</th></tr><tr class="failedeven"><td rowspan="1">com.qa.testCases.ReceivedEnquiryPageTest</td><td><a href="#m61">fileLinkClickabilityTest</a></td><td rowspan="1">1552990676664</td><td rowspan="1">39857</td></tr><tr><th colspan="4">Test9 &#8212; passed</th></tr><tr class="passedeven"><td rowspan="6">com.qa.testCases.ReceivedEnquiryPageTest</td><td><a href="#m62">DeleteReceivedEnquiryTest</a></td><td rowspan="1">1552990903242</td><td rowspan="1">22563</td></tr><tr class="passedeven"><td><a href="#m63">deleteLinkClickabilityTest</a></td><td rowspan="1">1552990763312</td><td rowspan="1">19946</td></tr><tr class="passedeven"><td><a href="#m64">productLinkClickabiltyTest</a></td><td rowspan="1">1552990609869</td><td rowspan="1">19848</td></tr><tr class="passedeven"><td><a href="#m65">receivedEnquiryPageTitleTest</a></td><td rowspan="1">1552990544587</td><td rowspan="1">17876</td></tr><tr class="passedeven"><td><a href="#m66">receivedLinkClickabilityTest</a></td><td rowspan="1">1552990481285</td><td rowspan="1">16325</td></tr><tr class="passedeven"><td><a href="#m67">verifyproductLinkOnProductPageTest</a></td><td rowspan="1">1552990830447</td><td rowspan="1">24435</td></tr></tbody>
<tbody id="t9"><tr><th colspan="4">Test10 &#8212; passed</th></tr><tr class="passedeven"><td rowspan="5">com.qa.testCases.SearchPageTest</td><td><a href="#m68">NoResultFoundOnSearchTest</a></td><td rowspan="1">1552991064953</td><td rowspan="1">2572</td></tr><tr class="passedeven"><td><a href="#m69">placeholderTest</a></td><td rowspan="1">1552991165847</td><td rowspan="1">22</td></tr><tr class="passedeven"><td><a href="#m70">searchButtonClickabilityTest</a></td><td rowspan="1">1552991018660</td><td rowspan="1">24</td></tr><tr class="passedeven"><td><a href="#m71">searchWithEmptyKeywordTest</a></td><td rowspan="1">1552990972180</td><td rowspan="1">62</td></tr><tr class="passedeven"><td><a href="#m72">verifySearchResultTest</a></td><td rowspan="1">1552991114534</td><td rowspan="1">4221</td></tr></tbody>
<tbody id="t10"><tr><th colspan="4">Test11 &#8212; failed</th></tr><tr class="failedeven"><td rowspan="1">com.qa.testCases.SentEnquiryTest</td><td><a href="#m73">verifyEnquiredProductTest</a></td><td rowspan="1">1552991419627</td><td rowspan="1">42859</td></tr><tr><th colspan="4">Test11 &#8212; passed</th></tr><tr class="passedeven"><td rowspan="4">com.qa.testCases.SentEnquiryTest</td><td><a href="#m74">deleteSentEnquiryTest</a></td><td rowspan="1">1552991510636</td><td rowspan="1">20495</td></tr><tr class="passedeven"><td><a href="#m75">sentEnquiryLinkTest</a></td><td rowspan="1">1552991215127</td><td rowspan="1">19134</td></tr><tr class="passedeven"><td><a href="#m76">sentEnquiryPageTitleTest</a></td><td rowspan="1">1552991290314</td><td rowspan="1">17762</td></tr><tr class="passedeven"><td><a href="#m77">verifyLinkOnSentEnquiryPageTest</a></td><td rowspan="1">1552991354802</td><td rowspan="1">18107</td></tr></tbody>
<tbody id="t11"><tr><th colspan="4">Test12 &#8212; failed</th></tr><tr class="failedeven"><td rowspan="1">com.qa.testCases.SignUpPageTest</td><td><a href="#m78">SignUpFormTest</a></td><td rowspan="1">1552991634783</td><td rowspan="1">25752</td></tr><tr><th colspan="4">Test12 &#8212; passed</th></tr><tr class="passedeven"><td rowspan="12">com.qa.testCases.SignUpPageTest</td><td><a href="#m79">SignUpPlaceholderTest</a></td><td rowspan="1">1552992134554</td><td rowspan="1">5096</td></tr><tr class="passedeven"><td><a href="#m80">SignUpPopUpTest</a></td><td rowspan="1">1552991578238</td><td rowspan="1">10077</td></tr><tr class="passedeven"><td><a href="#m81">checkBoxSelectionTest</a></td><td rowspan="1">1552992296148</td><td rowspan="1">5055</td></tr><tr class="passedeven"><td><a href="#m82">checkBoxValidationTest</a></td><td rowspan="1">1552991990256</td><td rowspan="1">6622</td></tr><tr class="passedeven"><td><a href="#m83">invalidEmailTest</a></td><td rowspan="1">1552992239466</td><td rowspan="1">9497</td></tr><tr class="passedeven"><td><a href="#m84">maximumPasswordLenghtValidationTest</a></td><td rowspan="1">1552992190777</td><td rowspan="1">2110</td></tr><tr class="passedeven"><td><a href="#m85">passwordAndConfirmPasswordMismatchTest</a></td><td rowspan="1">1552991936936</td><td rowspan="1">6721</td></tr><tr class="passedeven"><td><a href="#m86">privacyPolicyLinksTest</a></td><td rowspan="1">1552991813066</td><td rowspan="1">6496</td></tr><tr class="passedeven"><td><a href="#m87">signUpWithTabTest</a></td><td rowspan="1">1552992058149</td><td rowspan="1">28011</td></tr><tr class="passedeven"><td><a href="#m88">signUpWithalreadyRegisteredEmail</a></td><td rowspan="1">1552991866072</td><td rowspan="1">6742</td></tr><tr class="passedeven"><td><a href="#m89">termsAndConditionsLinkTest</a></td><td rowspan="1">1552991759972</td><td rowspan="1">6568</td></tr><tr class="passedeven"><td><a href="#m90">usernameValidationTest</a></td><td rowspan="1">1552991707620</td><td rowspan="1">5108</td></tr></tbody>
</table>
<h2>Test1</h2><h3 id="m0">com.qa.testCases.AddToFavouritePageTest#deleteFavouriteAdTest</h3><table class="result"><tr><th>Messages</th></tr><tr><td><div class="messages"><a href='/home/day/eclipse-workspace/WeeklyPaper/target/surefire-reports/failure_screenshots/deleteFavouriteAdTest_19_03_2019_02_41_38.png'> <img src='/home/day/eclipse-workspace/WeeklyPaper/target/surefire-reports/failure_screenshots/deleteFavouriteAdTest_19_03_2019_02_41_38.png' height='100' width='100'/> </a></div></td></tr><tr><th>Exception</th></tr><tr><td><div class="stacktrace">org.openqa.selenium.NoSuchElementException: no such element: Unable to locate element: {&quot;method&quot;:&quot;xpath&quot;,&quot;selector&quot;:&quot;//i[@class=&apos;fa fa-times&apos;]&quot;}
  (Session info: chrome=72.0.3626.121)
  (Driver info: chromedriver=2.46.628388 (4a34a70827ac54148e092aafb70504c4ea7ae926),platform=Linux 4.4.0-142-generic x86_64) (WARNING: The server did not provide any stacktrace information)
Command duration or timeout: 0 milliseconds
For documentation on this error, please visit: https://www.seleniumhq.org/exceptions/no_such_element.html
Build info: version: &apos;3.141.59&apos;, revision: &apos;e82be7d358&apos;, time: &apos;2018-11-14T08:17:03&apos;
System info: host: &apos;saffron-H81M-S&apos;, ip: &apos;127.0.1.1&apos;, os.name: &apos;Linux&apos;, os.arch: &apos;amd64&apos;, os.version: &apos;4.4.0-142-generic&apos;, java.version: &apos;1.8.0_191&apos;
Driver info: org.openqa.selenium.chrome.ChromeDriver
Capabilities {acceptInsecureCerts: false, acceptSslCerts: false, applicationCacheEnabled: false, browserConnectionEnabled: false, browserName: chrome, chrome: {chromedriverVersion: 2.46.628388 (4a34a70827ac54..., userDataDir: /tmp/.org.chromium.Chromium...}, cssSelectorsEnabled: true, databaseEnabled: false, goog:chromeOptions: {debuggerAddress: localhost:44832}, handlesAlerts: true, hasTouchScreen: false, javascriptEnabled: true, locationContextEnabled: true, mobileEmulationEnabled: false, nativeEvents: true, networkConnectionEnabled: false, pageLoadStrategy: normal, platform: LINUX, platformName: LINUX, proxy: Proxy(), rotatable: false, setWindowRect: true, strictFileInteractability: false, takesHeapSnapshot: true, takesScreenshot: true, timeouts: {implicit: 0, pageLoad: 300000, script: 30000}, unexpectedAlertBehaviour: ignore, unhandledPromptBehavior: ignore, version: 72.0.3626.121, webStorageEnabled: true}
Session ID: 65ac2aa94ab66b4c787d379e2d0edc5d
*** Element info: {Using=xpath, value=//i[@class=&apos;fa fa-times&apos;]}
	at org.openqa.selenium.remote.ErrorHandler.createThrowable(ErrorHandler.java:214)
	at org.openqa.selenium.remote.ErrorHandler.throwIfResponseFailed(ErrorHandler.java:166)
	at org.openqa.selenium.remote.http.JsonHttpResponseCodec.reconstructValue(JsonHttpResponseCodec.java:40)
	at org.openqa.selenium.remote.http.AbstractHttpResponseCodec.decode(AbstractHttpResponseCodec.java:80)
	at org.openqa.selenium.remote.http.AbstractHttpResponseCodec.decode(AbstractHttpResponseCodec.java:44)
	at org.openqa.selenium.remote.HttpCommandExecutor.execute(HttpCommandExecutor.java:158)
	at org.openqa.selenium.remote.service.DriverCommandExecutor.execute(DriverCommandExecutor.java:83)
	at org.openqa.selenium.remote.RemoteWebDriver.execute(RemoteWebDriver.java:552)
	at org.openqa.selenium.remote.RemoteWebDriver.findElement(RemoteWebDriver.java:323)
	at org.openqa.selenium.remote.RemoteWebDriver.findElementByXPath(RemoteWebDriver.java:428)
	at org.openqa.selenium.By$ByXPath.findElement(By.java:353)
	at org.openqa.selenium.remote.RemoteWebDriver.findElement(RemoteWebDriver.java:315)
	at org.openqa.selenium.support.pagefactory.DefaultElementLocator.findElement(DefaultElementLocator.java:69)
	at org.openqa.selenium.support.pagefactory.internal.LocatingElementHandler.invoke(LocatingElementHandler.java:38)
	at com.sun.proxy.$Proxy9.click(Unknown Source)
	at com.qa.pages.AddToFavouritePage.verifyDeleteAd(AddToFavouritePage.java:95)
	at com.qa.testCases.AddToFavouritePageTest.deleteFavouriteAdTest(AddToFavouritePageTest.java:78)
... Removed 29 stack frames</div></td></tr></table><p class="totop"><a href="#summary">back to summary</a></p>
<h3 id="m1">com.qa.testCases.AddToFavouritePageTest#favouriteAdLinkClickabilityTest</h3><table class="result"><tr><th class="invisible"/></tr></table><p class="totop"><a href="#summary">back to summary</a></p>
<h3 id="m2">com.qa.testCases.AddToFavouritePageTest#favouriteAdPageTitleTest</h3><table class="result"><tr><th class="invisible"/></tr></table><p class="totop"><a href="#summary">back to summary</a></p>
<h3 id="m3">com.qa.testCases.AddToFavouritePageTest#favouriteIconEnableTest</h3><table class="result"><tr><th class="invisible"/></tr></table><p class="totop"><a href="#summary">back to summary</a></p>
<h3 id="m4">com.qa.testCases.AddToFavouritePageTest#favouriteVerificationTest</h3><table class="result"><tr><th class="invisible"/></tr></table><p class="totop"><a href="#summary">back to summary</a></p>
<h2>Test2</h2><h3 id="m5">com.qa.testCases.CategoriesPageTest#verifyCategoryPageTitleTest</h3><table class="result"><tr><th>Messages</th></tr><tr><td><div class="messages"><a href='/home/day/eclipse-workspace/WeeklyPaper/target/surefire-reports/failure_screenshots/verifyCategoryPageTitleTest_19_03_2019_02_44_01.png'> <img src='/home/day/eclipse-workspace/WeeklyPaper/target/surefire-reports/failure_screenshots/verifyCategoryPageTitleTest_19_03_2019_02_44_01.png' height='100' width='100'/> </a></div></td></tr><tr><th>Exception</th></tr><tr><td><div class="stacktrace">java.lang.AssertionError: expected [] but found [WeeklyPaper - Categories]
	at com.qa.testCases.CategoriesPageTest.verifyCategoryPageTitleTest(CategoriesPageTest.java:54)
... Removed 31 stack frames</div></td></tr></table><p class="totop"><a href="#summary">back to summary</a></p>
<h3 id="m6">com.qa.testCases.CategoriesPageTest#categoryMenuClickabilityTest</h3><table class="result"><tr><th class="invisible"/></tr></table><p class="totop"><a href="#summary">back to summary</a></p>
<h3 id="m7">com.qa.testCases.CategoriesPageTest#countArtBookssubcategories</h3><table class="result"><tr><th class="invisible"/></tr></table><p class="totop"><a href="#summary">back to summary</a></p>
<h3 id="m8">com.qa.testCases.CategoriesPageTest#countAutomotivesubcategories</h3><table class="result"><tr><th class="invisible"/></tr></table><p class="totop"><a href="#summary">back to summary</a></p>
<h3 id="m9">com.qa.testCases.CategoriesPageTest#countBoatsAndSkisSubcategories</h3><table class="result"><tr><th class="invisible"/></tr></table><p class="totop"><a href="#summary">back to summary</a></p>
<h3 id="m10">com.qa.testCases.CategoriesPageTest#countCategoryTest</h3><table class="result"><tr><th class="invisible"/></tr></table><p class="totop"><a href="#summary">back to summary</a></p>
<h3 id="m11">com.qa.testCases.CategoriesPageTest#countClothesAndJewelSubcategories</h3><table class="result"><tr><th class="invisible"/></tr></table><p class="totop"><a href="#summary">back to summary</a></p>
<h3 id="m12">com.qa.testCases.CategoriesPageTest#countCommunitySubCategories</h3><table class="result"><tr><th class="invisible"/></tr></table><p class="totop"><a href="#summary">back to summary</a></p>
<h3 id="m13">com.qa.testCases.CategoriesPageTest#countConsumerElectronicsSubcategories</h3><table class="result"><tr><th class="invisible"/></tr></table><p class="totop"><a href="#summary">back to summary</a></p>
<h3 id="m14">com.qa.testCases.CategoriesPageTest#countDiscussionForumsSubcategories</h3><table class="result"><tr><th class="invisible"/></tr></table><p class="totop"><a href="#summary">back to summary</a></p>
<h3 id="m15">com.qa.testCases.CategoriesPageTest#countJobsSubcategories</h3><table class="result"><tr><th class="invisible"/></tr></table><p class="totop"><a href="#summary">back to summary</a></p>
<h3 id="m16">com.qa.testCases.CategoriesPageTest#countLocalPlacesSubcategories</h3><table class="result"><tr><th class="invisible"/></tr></table><p class="totop"><a href="#summary">back to summary</a></p>
<h3 id="m17">com.qa.testCases.CategoriesPageTest#countOthersSubcategories</h3><table class="result"><tr><th class="invisible"/></tr></table><p class="totop"><a href="#summary">back to summary</a></p>
<h3 id="m18">com.qa.testCases.CategoriesPageTest#countPetsSubcategories</h3><table class="result"><tr><th class="invisible"/></tr></table><p class="totop"><a href="#summary">back to summary</a></p>
<h3 id="m19">com.qa.testCases.CategoriesPageTest#countRealEstateSubcategories</h3><table class="result"><tr><th class="invisible"/></tr></table><p class="totop"><a href="#summary">back to summary</a></p>
<h3 id="m20">com.qa.testCases.CategoriesPageTest#countResumesSubcategories</h3><table class="result"><tr><th class="invisible"/></tr></table><p class="totop"><a href="#summary">back to summary</a></p>
<h3 id="m21">com.qa.testCases.CategoriesPageTest#countServicesSubcategories</h3><table class="result"><tr><th class="invisible"/></tr></table><p class="totop"><a href="#summary">back to summary</a></p>
<h2>Test3</h2><h3 id="m22">com.qa.testCases.EditAdTest#UpdateAdPageTitleTest</h3><table class="result"><tr><th class="invisible"/></tr></table><p class="totop"><a href="#summary">back to summary</a></p>
<h3 id="m23">com.qa.testCases.EditAdTest#UpdateAdTest</h3><table class="result"><tr><th class="invisible"/></tr></table><p class="totop"><a href="#summary">back to summary</a></p>
<h3 id="m24">com.qa.testCases.EditAdTest#editButtonClickabilityTest</h3><table class="result"><tr><th class="invisible"/></tr></table><p class="totop"><a href="#summary">back to summary</a></p>
<h2>Test4</h2><h3 id="m25">com.qa.testCases.EnquiryPageTest#EnquirySectionTest</h3><table class="result"><tr><th class="invisible"/></tr></table><p class="totop"><a href="#summary">back to summary</a></p>
<h3 id="m26">com.qa.testCases.EnquiryPageTest#chooseFileOfEnquirySectiontest</h3><table class="result"><tr><th class="invisible"/></tr></table><p class="totop"><a href="#summary">back to summary</a></p>
<h3 id="m27">com.qa.testCases.EnquiryPageTest#descriptionFieldValidationMessageTest</h3><table class="result"><tr><th class="invisible"/></tr></table><p class="totop"><a href="#summary">back to summary</a></p>
<h3 id="m28">com.qa.testCases.EnquiryPageTest#emailidFieldDisabilityTest</h3><table class="result"><tr><th class="invisible"/></tr></table><p class="totop"><a href="#summary">back to summary</a></p>
<h3 id="m29">com.qa.testCases.EnquiryPageTest#remainingCharacterLengthDescriptionTest</h3><table class="result"><tr><th class="invisible"/></tr></table><p class="totop"><a href="#summary">back to summary</a></p>
<h3 id="m30">com.qa.testCases.EnquiryPageTest#sendEnquiryTest</h3><table class="result"><tr><th class="invisible"/></tr></table><p class="totop"><a href="#summary">back to summary</a></p>
<h3 id="m31">com.qa.testCases.EnquiryPageTest#subjectFieldValidationMessageTest</h3><table class="result"><tr><th class="invisible"/></tr></table><p class="totop"><a href="#summary">back to summary</a></p>
<h3 id="m32">com.qa.testCases.EnquiryPageTest#textboxPlaceholderTest</h3><table class="result"><tr><th class="invisible"/></tr></table><p class="totop"><a href="#summary">back to summary</a></p>
<h2>Test5</h2><h3 id="m33">com.qa.testCases.LoginPageTest#ForgotPasswordToLoginPopUpSwitchTest</h3><table class="result"><tr><th class="invisible"/></tr></table><p class="totop"><a href="#summary">back to summary</a></p>
<h3 id="m34">com.qa.testCases.LoginPageTest#forgotPasswordTest</h3><table class="result"><tr><th class="invisible"/></tr></table><p class="totop"><a href="#summary">back to summary</a></p>
<h3 id="m35">com.qa.testCases.LoginPageTest#inValidEmailTest</h3><table class="result"><tr><th class="invisible"/></tr></table><p class="totop"><a href="#summary">back to summary</a></p>
<h3 id="m36">com.qa.testCases.LoginPageTest#loginTest</h3><table class="result"><tr><th class="invisible"/></tr></table><p class="totop"><a href="#summary">back to summary</a></p>
<h3 id="m37">com.qa.testCases.LoginPageTest#loginWithNotMatchedRecoredsTest</h3><table class="result"><tr><th class="invisible"/></tr></table><p class="totop"><a href="#summary">back to summary</a></p>
<h3 id="m38">com.qa.testCases.LoginPageTest#loginpageValidationTest</h3><table class="result"><tr><th class="invisible"/></tr></table><p class="totop"><a href="#summary">back to summary</a></p>
<h2>Test6</h2><h3 id="m39">com.qa.testCases.MyAccountPageTest#MyAccountButtonClickabilityTest</h3><table class="result"><tr><th class="invisible"/></tr></table><p class="totop"><a href="#summary">back to summary</a></p>
<h3 id="m40">com.qa.testCases.MyAccountPageTest#SubscriptioTypeButtonClickabilityTest</h3><table class="result"><tr><th class="invisible"/></tr></table><p class="totop"><a href="#summary">back to summary</a></p>
<h3 id="m41">com.qa.testCases.MyAccountPageTest#SwitchToPayPalLoginTest</h3><table class="result"><tr><th class="invisible"/></tr></table><p class="totop"><a href="#summary">back to summary</a></p>
<h3 id="m42">com.qa.testCases.MyAccountPageTest#editButtonClickabilityTest</h3><table class="result"><tr><th class="invisible"/></tr></table><p class="totop"><a href="#summary">back to summary</a></p>
<h3 id="m43">com.qa.testCases.MyAccountPageTest#fieldDisabilityTestBeforEdit</h3><table class="result"><tr><th class="invisible"/></tr></table><p class="totop"><a href="#summary">back to summary</a></p>
<h3 id="m44">com.qa.testCases.MyAccountPageTest#myAccountPageTitleTest</h3><table class="result"><tr><th class="invisible"/></tr></table><p class="totop"><a href="#summary">back to summary</a></p>
<h3 id="m45">com.qa.testCases.MyAccountPageTest#upGradeNowButtonClickabilityTest</h3><table class="result"><tr><th class="invisible"/></tr></table><p class="totop"><a href="#summary">back to summary</a></p>
<h3 id="m46">com.qa.testCases.MyAccountPageTest#updateAccountInfoTest</h3><table class="result"><tr><th class="invisible"/></tr></table><p class="totop"><a href="#summary">back to summary</a></p>
<h3 id="m47">com.qa.testCases.MyAccountPageTest#upgradeNowPageTest</h3><table class="result"><tr><th class="invisible"/></tr></table><p class="totop"><a href="#summary">back to summary</a></p>
<h2>Test7</h2><h3 id="m48">com.qa.testCases.PastAdTest#noPastAdMessageTest</h3><table class="result"><tr><th class="invisible"/></tr></table><p class="totop"><a href="#summary">back to summary</a></p>
<h3 id="m49">com.qa.testCases.PastAdTest#pastAdClickability</h3><table class="result"><tr><th class="invisible"/></tr></table><p class="totop"><a href="#summary">back to summary</a></p>
<h3 id="m50">com.qa.testCases.PastAdTest#pastAdPageTitletest</h3><table class="result"><tr><th class="invisible"/></tr></table><p class="totop"><a href="#summary">back to summary</a></p>
<h2>Test8</h2><h3 id="m51">com.qa.testCases.PostAddTest#categoryCountTest</h3><table class="result"><tr><th>Messages</th></tr><tr><td><div class="messages"><a href='/home/day/eclipse-workspace/WeeklyPaper/target/surefire-reports/failure_screenshots/categoryCountTest_19_03_2019_03_37_40.png'> <img src='/home/day/eclipse-workspace/WeeklyPaper/target/surefire-reports/failure_screenshots/categoryCountTest_19_03_2019_03_37_40.png' height='100' width='100'/> </a></div></td></tr><tr><th>Exception</th></tr><tr><td><div class="stacktrace">org.openqa.selenium.NoSuchElementException: no such element: Unable to locate element: {&quot;method&quot;:&quot;xpath&quot;,&quot;selector&quot;:&quot;//select[@id=&apos;category_id&apos;]&quot;}
  (Session info: chrome=72.0.3626.121)
  (Driver info: chromedriver=2.46.628388 (4a34a70827ac54148e092aafb70504c4ea7ae926),platform=Linux 4.4.0-142-generic x86_64) (WARNING: The server did not provide any stacktrace information)
Command duration or timeout: 0 milliseconds
For documentation on this error, please visit: https://www.seleniumhq.org/exceptions/no_such_element.html
Build info: version: &apos;3.141.59&apos;, revision: &apos;e82be7d358&apos;, time: &apos;2018-11-14T08:17:03&apos;
System info: host: &apos;saffron-H81M-S&apos;, ip: &apos;127.0.1.1&apos;, os.name: &apos;Linux&apos;, os.arch: &apos;amd64&apos;, os.version: &apos;4.4.0-142-generic&apos;, java.version: &apos;1.8.0_191&apos;
Driver info: org.openqa.selenium.chrome.ChromeDriver
Capabilities {acceptInsecureCerts: false, acceptSslCerts: false, applicationCacheEnabled: false, browserConnectionEnabled: false, browserName: chrome, chrome: {chromedriverVersion: 2.46.628388 (4a34a70827ac54..., userDataDir: /tmp/.org.chromium.Chromium...}, cssSelectorsEnabled: true, databaseEnabled: false, goog:chromeOptions: {debuggerAddress: localhost:46764}, handlesAlerts: true, hasTouchScreen: false, javascriptEnabled: true, locationContextEnabled: true, mobileEmulationEnabled: false, nativeEvents: true, networkConnectionEnabled: false, pageLoadStrategy: normal, platform: LINUX, platformName: LINUX, proxy: Proxy(), rotatable: false, setWindowRect: true, strictFileInteractability: false, takesHeapSnapshot: true, takesScreenshot: true, timeouts: {implicit: 0, pageLoad: 300000, script: 30000}, unexpectedAlertBehaviour: ignore, unhandledPromptBehavior: ignore, version: 72.0.3626.121, webStorageEnabled: true}
Session ID: 66c7bd3099a79c83f409ed4ba94000de
*** Element info: {Using=xpath, value=//select[@id=&apos;category_id&apos;]}
	at org.openqa.selenium.remote.ErrorHandler.createThrowable(ErrorHandler.java:214)
	at org.openqa.selenium.remote.ErrorHandler.throwIfResponseFailed(ErrorHandler.java:166)
	at org.openqa.selenium.remote.http.JsonHttpResponseCodec.reconstructValue(JsonHttpResponseCodec.java:40)
	at org.openqa.selenium.remote.http.AbstractHttpResponseCodec.decode(AbstractHttpResponseCodec.java:80)
	at org.openqa.selenium.remote.http.AbstractHttpResponseCodec.decode(AbstractHttpResponseCodec.java:44)
	at org.openqa.selenium.remote.HttpCommandExecutor.execute(HttpCommandExecutor.java:158)
	at org.openqa.selenium.remote.service.DriverCommandExecutor.execute(DriverCommandExecutor.java:83)
	at org.openqa.selenium.remote.RemoteWebDriver.execute(RemoteWebDriver.java:552)
	at org.openqa.selenium.remote.RemoteWebDriver.findElement(RemoteWebDriver.java:323)
	at org.openqa.selenium.remote.RemoteWebDriver.findElementByXPath(RemoteWebDriver.java:428)
	at org.openqa.selenium.By$ByXPath.findElement(By.java:353)
	at org.openqa.selenium.remote.RemoteWebDriver.findElement(RemoteWebDriver.java:315)
	at com.qa.pages.PostAddPage.countCategoryonPostAddPage(PostAddPage.java:207)
	at com.qa.testCases.PostAddTest.categoryCountTest(PostAddTest.java:83)
... Removed 29 stack frames</div></td></tr></table><p class="totop"><a href="#summary">back to summary</a></p>
<h3 id="m52">com.qa.testCases.PostAddTest#verfyPostAdPageTest</h3><table class="result"><tr><th>Messages</th></tr><tr><td><div class="messages"><a href='/home/day/eclipse-workspace/WeeklyPaper/target/surefire-reports/failure_screenshots/verfyPostAdPageTest_19_03_2019_03_34_55.png'> <img src='/home/day/eclipse-workspace/WeeklyPaper/target/surefire-reports/failure_screenshots/verfyPostAdPageTest_19_03_2019_03_34_55.png' height='100' width='100'/> </a></div></td></tr><tr><th>Exception</th></tr><tr><td><div class="stacktrace">org.openqa.selenium.NoSuchElementException: no such element: Unable to locate element: {&quot;method&quot;:&quot;xpath&quot;,&quot;selector&quot;:&quot;//h3[text()=&apos; Post Your Free Ads &apos;]&quot;}
  (Session info: chrome=72.0.3626.121)
  (Driver info: chromedriver=2.46.628388 (4a34a70827ac54148e092aafb70504c4ea7ae926),platform=Linux 4.4.0-142-generic x86_64) (WARNING: The server did not provide any stacktrace information)
Command duration or timeout: 0 milliseconds
For documentation on this error, please visit: https://www.seleniumhq.org/exceptions/no_such_element.html
Build info: version: &apos;3.141.59&apos;, revision: &apos;e82be7d358&apos;, time: &apos;2018-11-14T08:17:03&apos;
System info: host: &apos;saffron-H81M-S&apos;, ip: &apos;127.0.1.1&apos;, os.name: &apos;Linux&apos;, os.arch: &apos;amd64&apos;, os.version: &apos;4.4.0-142-generic&apos;, java.version: &apos;1.8.0_191&apos;
Driver info: org.openqa.selenium.chrome.ChromeDriver
Capabilities {acceptInsecureCerts: false, acceptSslCerts: false, applicationCacheEnabled: false, browserConnectionEnabled: false, browserName: chrome, chrome: {chromedriverVersion: 2.46.628388 (4a34a70827ac54..., userDataDir: /tmp/.org.chromium.Chromium...}, cssSelectorsEnabled: true, databaseEnabled: false, goog:chromeOptions: {debuggerAddress: localhost:36923}, handlesAlerts: true, hasTouchScreen: false, javascriptEnabled: true, locationContextEnabled: true, mobileEmulationEnabled: false, nativeEvents: true, networkConnectionEnabled: false, pageLoadStrategy: normal, platform: LINUX, platformName: LINUX, proxy: Proxy(), rotatable: false, setWindowRect: true, strictFileInteractability: false, takesHeapSnapshot: true, takesScreenshot: true, timeouts: {implicit: 0, pageLoad: 300000, script: 30000}, unexpectedAlertBehaviour: ignore, unhandledPromptBehavior: ignore, version: 72.0.3626.121, webStorageEnabled: true}
Session ID: 2e08ff0760bf4a5a73fdca3cb64e307a
*** Element info: {Using=xpath, value=//h3[text()=&apos; Post Your Free Ads &apos;]}
	at org.openqa.selenium.remote.ErrorHandler.createThrowable(ErrorHandler.java:214)
	at org.openqa.selenium.remote.ErrorHandler.throwIfResponseFailed(ErrorHandler.java:166)
	at org.openqa.selenium.remote.http.JsonHttpResponseCodec.reconstructValue(JsonHttpResponseCodec.java:40)
	at org.openqa.selenium.remote.http.AbstractHttpResponseCodec.decode(AbstractHttpResponseCodec.java:80)
	at org.openqa.selenium.remote.http.AbstractHttpResponseCodec.decode(AbstractHttpResponseCodec.java:44)
	at org.openqa.selenium.remote.HttpCommandExecutor.execute(HttpCommandExecutor.java:158)
	at org.openqa.selenium.remote.service.DriverCommandExecutor.execute(DriverCommandExecutor.java:83)
	at org.openqa.selenium.remote.RemoteWebDriver.execute(RemoteWebDriver.java:552)
	at org.openqa.selenium.remote.RemoteWebDriver.findElement(RemoteWebDriver.java:323)
	at org.openqa.selenium.remote.RemoteWebDriver.findElementByXPath(RemoteWebDriver.java:428)
	at org.openqa.selenium.By$ByXPath.findElement(By.java:353)
	at org.openqa.selenium.remote.RemoteWebDriver.findElement(RemoteWebDriver.java:315)
	at com.qa.pages.PostAddPage.verifyPostFreeAdPage(PostAddPage.java:193)
	at com.qa.testCases.PostAddTest.verfyPostAdPageTest(PostAddTest.java:61)
... Removed 29 stack frames</div></td></tr></table><p class="totop"><a href="#summary">back to summary</a></p>
<h3 id="m53">com.qa.testCases.PostAddTest#SubCategoryCorresspondingCategoryTest</h3><table class="result"><tr><th class="invisible"/></tr></table><p class="totop"><a href="#summary">back to summary</a></p>
<h3 id="m54">com.qa.testCases.PostAddTest#VerifydeleteAdTest</h3><table class="result"><tr><th class="invisible"/></tr></table><p class="totop"><a href="#summary">back to summary</a></p>
<h3 id="m55">com.qa.testCases.PostAddTest#postAddButtonClickabilityTest</h3><table class="result"><tr><th class="invisible"/></tr></table><p class="totop"><a href="#summary">back to summary</a></p>
<h3 id="m56">com.qa.testCases.PostAddTest#postAddTest</h3><table class="result"><tr><th class="invisible"/></tr></table><p class="totop"><a href="#summary">back to summary</a></p>
<h3 id="m57">com.qa.testCases.PostAddTest#requiredFieldValidationTest</h3><table class="result"><tr><th class="invisible"/></tr></table><p class="totop"><a href="#summary">back to summary</a></p>
<h3 id="m58">com.qa.testCases.PostAddTest#requiredFieldVerificationTest</h3><table class="result"><tr><th class="invisible"/></tr></table><p class="totop"><a href="#summary">back to summary</a></p>
<h3 id="m59">com.qa.testCases.PostAddTest#tabFunctionalityOfPostAdFormTest</h3><table class="result"><tr><th class="invisible"/></tr></table><p class="totop"><a href="#summary">back to summary</a></p>
<h3 id="m60">com.qa.testCases.PostAddTest#uploadImageTest</h3><table class="result"><tr><th class="invisible"/></tr></table><p class="totop"><a href="#summary">back to summary</a></p>
<h2>Test9</h2><h3 id="m61">com.qa.testCases.ReceivedEnquiryPageTest#fileLinkClickabilityTest</h3><table class="result"><tr><th>Messages</th></tr><tr><td><div class="messages"><a href='/home/day/eclipse-workspace/WeeklyPaper/target/surefire-reports/failure_screenshots/fileLinkClickabilityTest_19_03_2019_03_48_36.png'> <img src='/home/day/eclipse-workspace/WeeklyPaper/target/surefire-reports/failure_screenshots/fileLinkClickabilityTest_19_03_2019_03_48_36.png' height='100' width='100'/> </a></div></td></tr><tr><th>Exception</th></tr><tr><td><div class="stacktrace">org.openqa.selenium.NoSuchElementException: no such element: Unable to locate element: {&quot;method&quot;:&quot;xpath&quot;,&quot;selector&quot;:&quot;//a[text()=&apos;File Link&apos;]&quot;}
  (Session info: chrome=72.0.3626.121)
  (Driver info: chromedriver=2.46.628388 (4a34a70827ac54148e092aafb70504c4ea7ae926),platform=Linux 4.4.0-142-generic x86_64) (WARNING: The server did not provide any stacktrace information)
Command duration or timeout: 0 milliseconds
For documentation on this error, please visit: https://www.seleniumhq.org/exceptions/no_such_element.html
Build info: version: &apos;3.141.59&apos;, revision: &apos;e82be7d358&apos;, time: &apos;2018-11-14T08:17:03&apos;
System info: host: &apos;saffron-H81M-S&apos;, ip: &apos;127.0.1.1&apos;, os.name: &apos;Linux&apos;, os.arch: &apos;amd64&apos;, os.version: &apos;4.4.0-142-generic&apos;, java.version: &apos;1.8.0_191&apos;
Driver info: org.openqa.selenium.chrome.ChromeDriver
Capabilities {acceptInsecureCerts: false, acceptSslCerts: false, applicationCacheEnabled: false, browserConnectionEnabled: false, browserName: chrome, chrome: {chromedriverVersion: 2.46.628388 (4a34a70827ac54..., userDataDir: /tmp/.org.chromium.Chromium...}, cssSelectorsEnabled: true, databaseEnabled: false, goog:chromeOptions: {debuggerAddress: localhost:33172}, handlesAlerts: true, hasTouchScreen: false, javascriptEnabled: true, locationContextEnabled: true, mobileEmulationEnabled: false, nativeEvents: true, networkConnectionEnabled: false, pageLoadStrategy: normal, platform: LINUX, platformName: LINUX, proxy: Proxy(), rotatable: false, setWindowRect: true, strictFileInteractability: false, takesHeapSnapshot: true, takesScreenshot: true, timeouts: {implicit: 0, pageLoad: 300000, script: 30000}, unexpectedAlertBehaviour: ignore, unhandledPromptBehavior: ignore, version: 72.0.3626.121, webStorageEnabled: true}
Session ID: 19523df87d8f42b4c97bcf1c21802fa6
*** Element info: {Using=xpath, value=//a[text()=&apos;File Link&apos;]}
	at org.openqa.selenium.remote.ErrorHandler.createThrowable(ErrorHandler.java:214)
	at org.openqa.selenium.remote.ErrorHandler.throwIfResponseFailed(ErrorHandler.java:166)
	at org.openqa.selenium.remote.http.JsonHttpResponseCodec.reconstructValue(JsonHttpResponseCodec.java:40)
	at org.openqa.selenium.remote.http.AbstractHttpResponseCodec.decode(AbstractHttpResponseCodec.java:80)
	at org.openqa.selenium.remote.http.AbstractHttpResponseCodec.decode(AbstractHttpResponseCodec.java:44)
	at org.openqa.selenium.remote.HttpCommandExecutor.execute(HttpCommandExecutor.java:158)
	at org.openqa.selenium.remote.service.DriverCommandExecutor.execute(DriverCommandExecutor.java:83)
	at org.openqa.selenium.remote.RemoteWebDriver.execute(RemoteWebDriver.java:552)
	at org.openqa.selenium.remote.RemoteWebDriver.findElement(RemoteWebDriver.java:323)
	at org.openqa.selenium.remote.RemoteWebDriver.findElementByXPath(RemoteWebDriver.java:428)
	at org.openqa.selenium.By$ByXPath.findElement(By.java:353)
	at org.openqa.selenium.remote.RemoteWebDriver.findElement(RemoteWebDriver.java:315)
	at org.openqa.selenium.support.pagefactory.DefaultElementLocator.findElement(DefaultElementLocator.java:69)
	at org.openqa.selenium.support.pagefactory.internal.LocatingElementHandler.invoke(LocatingElementHandler.java:38)
	at com.sun.proxy.$Proxy9.isEnabled(Unknown Source)
	at com.qa.pages.ReceivedEnquiryPage.fileLinkClickability(ReceivedEnquiryPage.java:73)
	at com.qa.testCases.ReceivedEnquiryPageTest.fileLinkClickabilityTest(ReceivedEnquiryPageTest.java:64)
... Removed 29 stack frames</div></td></tr></table><p class="totop"><a href="#summary">back to summary</a></p>
<h3 id="m62">com.qa.testCases.ReceivedEnquiryPageTest#DeleteReceivedEnquiryTest</h3><table class="result"><tr><th class="invisible"/></tr></table><p class="totop"><a href="#summary">back to summary</a></p>
<h3 id="m63">com.qa.testCases.ReceivedEnquiryPageTest#deleteLinkClickabilityTest</h3><table class="result"><tr><th class="invisible"/></tr></table><p class="totop"><a href="#summary">back to summary</a></p>
<h3 id="m64">com.qa.testCases.ReceivedEnquiryPageTest#productLinkClickabiltyTest</h3><table class="result"><tr><th class="invisible"/></tr></table><p class="totop"><a href="#summary">back to summary</a></p>
<h3 id="m65">com.qa.testCases.ReceivedEnquiryPageTest#receivedEnquiryPageTitleTest</h3><table class="result"><tr><th class="invisible"/></tr></table><p class="totop"><a href="#summary">back to summary</a></p>
<h3 id="m66">com.qa.testCases.ReceivedEnquiryPageTest#receivedLinkClickabilityTest</h3><table class="result"><tr><th class="invisible"/></tr></table><p class="totop"><a href="#summary">back to summary</a></p>
<h3 id="m67">com.qa.testCases.ReceivedEnquiryPageTest#verifyproductLinkOnProductPageTest</h3><table class="result"><tr><th class="invisible"/></tr></table><p class="totop"><a href="#summary">back to summary</a></p>
<h2>Test10</h2><h3 id="m68">com.qa.testCases.SearchPageTest#NoResultFoundOnSearchTest</h3><table class="result"><tr><th class="invisible"/></tr></table><p class="totop"><a href="#summary">back to summary</a></p>
<h3 id="m69">com.qa.testCases.SearchPageTest#placeholderTest</h3><table class="result"><tr><th class="invisible"/></tr></table><p class="totop"><a href="#summary">back to summary</a></p>
<h3 id="m70">com.qa.testCases.SearchPageTest#searchButtonClickabilityTest</h3><table class="result"><tr><th class="invisible"/></tr></table><p class="totop"><a href="#summary">back to summary</a></p>
<h3 id="m71">com.qa.testCases.SearchPageTest#searchWithEmptyKeywordTest</h3><table class="result"><tr><th class="invisible"/></tr></table><p class="totop"><a href="#summary">back to summary</a></p>
<h3 id="m72">com.qa.testCases.SearchPageTest#verifySearchResultTest</h3><table class="result"><tr><th class="invisible"/></tr></table><p class="totop"><a href="#summary">back to summary</a></p>
<h2>Test11</h2><h3 id="m73">com.qa.testCases.SentEnquiryTest#verifyEnquiredProductTest</h3><table class="result"><tr><th>Messages</th></tr><tr><td><div class="messages"><a href='/home/day/eclipse-workspace/WeeklyPaper/target/surefire-reports/failure_screenshots/verifyEnquiredProductTest_19_03_2019_04_01_02.png'> <img src='/home/day/eclipse-workspace/WeeklyPaper/target/surefire-reports/failure_screenshots/verifyEnquiredProductTest_19_03_2019_04_01_02.png' height='100' width='100'/> </a></div></td></tr><tr><th>Exception</th></tr><tr><td><div class="stacktrace">org.openqa.selenium.NoSuchElementException: no such element: Unable to locate element: {&quot;method&quot;:&quot;xpath&quot;,&quot;selector&quot;:&quot;//h2[text()=&apos; gfhf &apos;]&quot;}
  (Session info: chrome=72.0.3626.121)
  (Driver info: chromedriver=2.46.628388 (4a34a70827ac54148e092aafb70504c4ea7ae926),platform=Linux 4.4.0-142-generic x86_64) (WARNING: The server did not provide any stacktrace information)
Command duration or timeout: 0 milliseconds
For documentation on this error, please visit: https://www.seleniumhq.org/exceptions/no_such_element.html
Build info: version: &apos;3.141.59&apos;, revision: &apos;e82be7d358&apos;, time: &apos;2018-11-14T08:17:03&apos;
System info: host: &apos;saffron-H81M-S&apos;, ip: &apos;127.0.1.1&apos;, os.name: &apos;Linux&apos;, os.arch: &apos;amd64&apos;, os.version: &apos;4.4.0-142-generic&apos;, java.version: &apos;1.8.0_191&apos;
Driver info: org.openqa.selenium.chrome.ChromeDriver
Capabilities {acceptInsecureCerts: false, acceptSslCerts: false, applicationCacheEnabled: false, browserConnectionEnabled: false, browserName: chrome, chrome: {chromedriverVersion: 2.46.628388 (4a34a70827ac54..., userDataDir: /tmp/.org.chromium.Chromium...}, cssSelectorsEnabled: true, databaseEnabled: false, goog:chromeOptions: {debuggerAddress: localhost:39727}, handlesAlerts: true, hasTouchScreen: false, javascriptEnabled: true, locationContextEnabled: true, mobileEmulationEnabled: false, nativeEvents: true, networkConnectionEnabled: false, pageLoadStrategy: normal, platform: LINUX, platformName: LINUX, proxy: Proxy(), rotatable: false, setWindowRect: true, strictFileInteractability: false, takesHeapSnapshot: true, takesScreenshot: true, timeouts: {implicit: 0, pageLoad: 300000, script: 30000}, unexpectedAlertBehaviour: ignore, unhandledPromptBehavior: ignore, version: 72.0.3626.121, webStorageEnabled: true}
Session ID: 7f822c79b64001599bc882ee8a245575
*** Element info: {Using=xpath, value=//h2[text()=&apos; gfhf &apos;]}
	at org.openqa.selenium.remote.ErrorHandler.createThrowable(ErrorHandler.java:214)
	at org.openqa.selenium.remote.ErrorHandler.throwIfResponseFailed(ErrorHandler.java:166)
	at org.openqa.selenium.remote.http.JsonHttpResponseCodec.reconstructValue(JsonHttpResponseCodec.java:40)
	at org.openqa.selenium.remote.http.AbstractHttpResponseCodec.decode(AbstractHttpResponseCodec.java:80)
	at org.openqa.selenium.remote.http.AbstractHttpResponseCodec.decode(AbstractHttpResponseCodec.java:44)
	at org.openqa.selenium.remote.HttpCommandExecutor.execute(HttpCommandExecutor.java:158)
	at org.openqa.selenium.remote.service.DriverCommandExecutor.execute(DriverCommandExecutor.java:83)
	at org.openqa.selenium.remote.RemoteWebDriver.execute(RemoteWebDriver.java:552)
	at org.openqa.selenium.remote.RemoteWebDriver.findElement(RemoteWebDriver.java:323)
	at org.openqa.selenium.remote.RemoteWebDriver.findElementByXPath(RemoteWebDriver.java:428)
	at org.openqa.selenium.By$ByXPath.findElement(By.java:353)
	at org.openqa.selenium.remote.RemoteWebDriver.findElement(RemoteWebDriver.java:315)
	at org.openqa.selenium.support.pagefactory.DefaultElementLocator.findElement(DefaultElementLocator.java:69)
	at org.openqa.selenium.support.pagefactory.internal.LocatingElementHandler.invoke(LocatingElementHandler.java:38)
	at com.sun.proxy.$Proxy9.getText(Unknown Source)
	at com.qa.pages.SentEnquiryPage.verifyEnquiriedProduct(SentEnquiryPage.java:84)
	at com.qa.testCases.SentEnquiryTest.verifyEnquiredProductTest(SentEnquiryTest.java:63)
... Removed 29 stack frames</div></td></tr></table><p class="totop"><a href="#summary">back to summary</a></p>
<h3 id="m74">com.qa.testCases.SentEnquiryTest#deleteSentEnquiryTest</h3><table class="result"><tr><th class="invisible"/></tr></table><p class="totop"><a href="#summary">back to summary</a></p>
<h3 id="m75">com.qa.testCases.SentEnquiryTest#sentEnquiryLinkTest</h3><table class="result"><tr><th class="invisible"/></tr></table><p class="totop"><a href="#summary">back to summary</a></p>
<h3 id="m76">com.qa.testCases.SentEnquiryTest#sentEnquiryPageTitleTest</h3><table class="result"><tr><th class="invisible"/></tr></table><p class="totop"><a href="#summary">back to summary</a></p>
<h3 id="m77">com.qa.testCases.SentEnquiryTest#verifyLinkOnSentEnquiryPageTest</h3><table class="result"><tr><th class="invisible"/></tr></table><p class="totop"><a href="#summary">back to summary</a></p>
<h2>Test12</h2><h3 id="m78">com.qa.testCases.SignUpPageTest#SignUpFormTest</h3><table class="result"><tr><th>Messages</th></tr><tr><td><div class="messages"><a href='/home/day/eclipse-workspace/WeeklyPaper/target/surefire-reports/failure_screenshots/SignUpFormTest_19_03_2019_04_04_20.png'> <img src='/home/day/eclipse-workspace/WeeklyPaper/target/surefire-reports/failure_screenshots/SignUpFormTest_19_03_2019_04_04_20.png' height='100' width='100'/> </a></div></td></tr><tr><th>Exception</th></tr><tr><td><div class="stacktrace">org.openqa.selenium.NoSuchElementException: no such element: Unable to locate element: {&quot;method&quot;:&quot;xpath&quot;,&quot;selector&quot;:&quot;//div[text()=&apos;A verification link has been sent to your email address.&apos;]&quot;}
  (Session info: chrome=72.0.3626.121)
  (Driver info: chromedriver=2.46.628388 (4a34a70827ac54148e092aafb70504c4ea7ae926),platform=Linux 4.4.0-142-generic x86_64) (WARNING: The server did not provide any stacktrace information)
Command duration or timeout: 0 milliseconds
For documentation on this error, please visit: https://www.seleniumhq.org/exceptions/no_such_element.html
Build info: version: &apos;3.141.59&apos;, revision: &apos;e82be7d358&apos;, time: &apos;2018-11-14T08:17:03&apos;
System info: host: &apos;saffron-H81M-S&apos;, ip: &apos;127.0.1.1&apos;, os.name: &apos;Linux&apos;, os.arch: &apos;amd64&apos;, os.version: &apos;4.4.0-142-generic&apos;, java.version: &apos;1.8.0_191&apos;
Driver info: org.openqa.selenium.chrome.ChromeDriver
Capabilities {acceptInsecureCerts: false, acceptSslCerts: false, applicationCacheEnabled: false, browserConnectionEnabled: false, browserName: chrome, chrome: {chromedriverVersion: 2.46.628388 (4a34a70827ac54..., userDataDir: /tmp/.org.chromium.Chromium...}, cssSelectorsEnabled: true, databaseEnabled: false, goog:chromeOptions: {debuggerAddress: localhost:37141}, handlesAlerts: true, hasTouchScreen: false, javascriptEnabled: true, locationContextEnabled: true, mobileEmulationEnabled: false, nativeEvents: true, networkConnectionEnabled: false, pageLoadStrategy: normal, platform: LINUX, platformName: LINUX, proxy: Proxy(), rotatable: false, setWindowRect: true, strictFileInteractability: false, takesHeapSnapshot: true, takesScreenshot: true, timeouts: {implicit: 0, pageLoad: 300000, script: 30000}, unexpectedAlertBehaviour: ignore, unhandledPromptBehavior: ignore, version: 72.0.3626.121, webStorageEnabled: true}
Session ID: 5ca262cd800de92b85fa01a35afa133b
*** Element info: {Using=xpath, value=//div[text()=&apos;A verification link has been sent to your email address.&apos;]}
	at org.openqa.selenium.remote.ErrorHandler.createThrowable(ErrorHandler.java:214)
	at org.openqa.selenium.remote.ErrorHandler.throwIfResponseFailed(ErrorHandler.java:166)
	at org.openqa.selenium.remote.http.JsonHttpResponseCodec.reconstructValue(JsonHttpResponseCodec.java:40)
	at org.openqa.selenium.remote.http.AbstractHttpResponseCodec.decode(AbstractHttpResponseCodec.java:80)
	at org.openqa.selenium.remote.http.AbstractHttpResponseCodec.decode(AbstractHttpResponseCodec.java:44)
	at org.openqa.selenium.remote.HttpCommandExecutor.execute(HttpCommandExecutor.java:158)
	at org.openqa.selenium.remote.service.DriverCommandExecutor.execute(DriverCommandExecutor.java:83)
	at org.openqa.selenium.remote.RemoteWebDriver.execute(RemoteWebDriver.java:552)
	at org.openqa.selenium.remote.RemoteWebDriver.findElement(RemoteWebDriver.java:323)
	at org.openqa.selenium.remote.RemoteWebDriver.findElementByXPath(RemoteWebDriver.java:428)
	at org.openqa.selenium.By$ByXPath.findElement(By.java:353)
	at org.openqa.selenium.remote.RemoteWebDriver.findElement(RemoteWebDriver.java:315)
	at org.openqa.selenium.support.pagefactory.DefaultElementLocator.findElement(DefaultElementLocator.java:69)
	at org.openqa.selenium.support.pagefactory.internal.LocatingElementHandler.invoke(LocatingElementHandler.java:38)
	at com.sun.proxy.$Proxy9.getText(Unknown Source)
	at com.qa.pages.RegistrationPage.getSignUpMessage(RegistrationPage.java:233)
	at com.qa.testCases.SignUpPageTest.SignUpFormTest(SignUpPageTest.java:55)
... Removed 29 stack frames</div></td></tr></table><p class="totop"><a href="#summary">back to summary</a></p>
<h3 id="m79">com.qa.testCases.SignUpPageTest#SignUpPlaceholderTest</h3><table class="result"><tr><th class="invisible"/></tr></table><p class="totop"><a href="#summary">back to summary</a></p>
<h3 id="m80">com.qa.testCases.SignUpPageTest#SignUpPopUpTest</h3><table class="result"><tr><th class="invisible"/></tr></table><p class="totop"><a href="#summary">back to summary</a></p>
<h3 id="m81">com.qa.testCases.SignUpPageTest#checkBoxSelectionTest</h3><table class="result"><tr><th class="invisible"/></tr></table><p class="totop"><a href="#summary">back to summary</a></p>
<h3 id="m82">com.qa.testCases.SignUpPageTest#checkBoxValidationTest</h3><table class="result"><tr><th class="invisible"/></tr></table><p class="totop"><a href="#summary">back to summary</a></p>
<h3 id="m83">com.qa.testCases.SignUpPageTest#invalidEmailTest</h3><table class="result"><tr><th class="invisible"/></tr></table><p class="totop"><a href="#summary">back to summary</a></p>
<h3 id="m84">com.qa.testCases.SignUpPageTest#maximumPasswordLenghtValidationTest</h3><table class="result"><tr><th class="invisible"/></tr></table><p class="totop"><a href="#summary">back to summary</a></p>
<h3 id="m85">com.qa.testCases.SignUpPageTest#passwordAndConfirmPasswordMismatchTest</h3><table class="result"><tr><th class="invisible"/></tr></table><p class="totop"><a href="#summary">back to summary</a></p>
<h3 id="m86">com.qa.testCases.SignUpPageTest#privacyPolicyLinksTest</h3><table class="result"><tr><th class="invisible"/></tr></table><p class="totop"><a href="#summary">back to summary</a></p>
<h3 id="m87">com.qa.testCases.SignUpPageTest#signUpWithTabTest</h3><table class="result"><tr><th class="invisible"/></tr></table><p class="totop"><a href="#summary">back to summary</a></p>
<h3 id="m88">com.qa.testCases.SignUpPageTest#signUpWithalreadyRegisteredEmail</h3><table class="result"><tr><th class="invisible"/></tr></table><p class="totop"><a href="#summary">back to summary</a></p>
<h3 id="m89">com.qa.testCases.SignUpPageTest#termsAndConditionsLinkTest</h3><table class="result"><tr><th class="invisible"/></tr></table><p class="totop"><a href="#summary">back to summary</a></p>
<h3 id="m90">com.qa.testCases.SignUpPageTest#usernameValidationTest</h3><table class="result"><tr><th class="invisible"/></tr></table><p class="totop"><a href="#summary">back to summary</a></p>
</body>
</html>
