<!DOCTYPE html>

<html>
  <head>
  <meta charset='utf-8'>
  <title>TestNG reports</title>

    <link type="text/css" href="testng-reports.css" rel="stylesheet" />
    <script type="text/javascript" src="jquery-1.7.1.min.js"></script>
    <script type="text/javascript" src="testng-reports.js"></script>
    <script type="text/javascript" src="https://www.google.com/jsapi"></script>
    <script type='text/javascript'>
      google.load('visualization', '1', {packages:['table']});
      google.setOnLoadCallback(drawTable);
      var suiteTableInitFunctions = new Array();
      var suiteTableData = new Array();
    </script>
    <!--
      <script type="text/javascript" src="jquery-ui/js/jquery-ui-1.8.16.custom.min.js"></script>
     -->
  </head>

  <body>
    <div class="top-banner-root">
      <span class="top-banner-title-font">Test results</span>
      <br/>
      <span class="top-banner-font-1">1 suite, 7 failed tests</span>
    </div> <!-- top-banner-root -->
    <div class="navigator-root">
      <div class="navigator-suite-header">
        <span>All suites</span>
        <a href="#" class="collapse-all-link" title="Collapse/expand all the suites">
          <img class="collapse-all-icon" src="collapseall.gif">
          </img> <!-- collapse-all-icon -->
        </a> <!-- collapse-all-link -->
      </div> <!-- navigator-suite-header -->
      <div class="suite">
        <div class="rounded-window">
          <div class="suite-header light-rounded-window-top">
            <a href="#" class="navigator-link" panel-name="suite-Suite">
              <span class="suite-name border-failed">Suite</span>
            </a> <!-- navigator-link -->
          </div> <!-- suite-header light-rounded-window-top -->
          <div class="navigator-suite-content">
            <div class="suite-section-title">
              <span>Info</span>
            </div> <!-- suite-section-title -->
            <div class="suite-section-content">
              <ul>
                <li>
                  <a href="#" class="navigator-link " panel-name="test-xml-Suite">
                    <span>testng.xml</span>
                  </a> <!-- navigator-link  -->
                </li>
                <li>
                  <a href="#" class="navigator-link " panel-name="testlist-Suite">
                    <span class="test-stats">12 tests</span>
                  </a> <!-- navigator-link  -->
                </li>
                <li>
                  <a href="#" class="navigator-link " panel-name="group-Suite">
                    <span>0 groups</span>
                  </a> <!-- navigator-link  -->
                </li>
                <li>
                  <a href="#" class="navigator-link " panel-name="times-Suite">
                    <span>Times</span>
                  </a> <!-- navigator-link  -->
                </li>
                <li>
                  <a href="#" class="navigator-link " panel-name="reporter-Suite">
                    <span>Reporter output</span>
                  </a> <!-- navigator-link  -->
                </li>
                <li>
                  <a href="#" class="navigator-link " panel-name="ignored-methods-Suite">
                    <span>Ignored methods</span>
                  </a> <!-- navigator-link  -->
                </li>
                <li>
                  <a href="#" class="navigator-link " panel-name="chronological-Suite">
                    <span>Chronological view</span>
                  </a> <!-- navigator-link  -->
                </li>
              </ul>
            </div> <!-- suite-section-content -->
            <div class="result-section">
              <div class="suite-section-title">
                <span>Results</span>
              </div> <!-- suite-section-title -->
              <div class="suite-section-content">
                <ul>
                  <li>
                    <span class="method-stats">91 methods, 7 failed,   84 passed</span>
                  </li>
                  <li>
                    <span class="method-list-title failed">Failed methods</span>
                    <span class="show-or-hide-methods failed">
                      <a href="#" panel-name="suite-Suite" class="hide-methods failed suite-Suite"> (hide)</a> <!-- hide-methods failed suite-Suite -->
                      <a href="#" panel-name="suite-Suite" class="show-methods failed suite-Suite"> (show)</a> <!-- show-methods failed suite-Suite -->
                    </span>
                    <div class="method-list-content failed suite-Suite">
                      <span>
                        <img width="3%" src="failed.png"/>
                        <a href="#" class="method navigator-link" panel-name="suite-Suite" title="com.qa.testCases.SignUpPageTest" hash-for-method="SignUpFormTest">SignUpFormTest</a> <!-- method navigator-link -->
                      </span>
                      <br/>
                      <span>
                        <img width="3%" src="failed.png"/>
                        <a href="#" class="method navigator-link" panel-name="suite-Suite" title="com.qa.testCases.PostAddTest" hash-for-method="categoryCountTest">categoryCountTest</a> <!-- method navigator-link -->
                      </span>
                      <br/>
                      <span>
                        <img width="3%" src="failed.png"/>
                        <a href="#" class="method navigator-link" panel-name="suite-Suite" title="com.qa.testCases.AddToFavouritePageTest" hash-for-method="deleteFavouriteAdTest">deleteFavouriteAdTest</a> <!-- method navigator-link -->
                      </span>
                      <br/>
                      <span>
                        <img width="3%" src="failed.png"/>
                        <a href="#" class="method navigator-link" panel-name="suite-Suite" title="com.qa.testCases.ReceivedEnquiryPageTest" hash-for-method="fileLinkClickabilityTest">fileLinkClickabilityTest</a> <!-- method navigator-link -->
                      </span>
                      <br/>
                      <span>
                        <img width="3%" src="failed.png"/>
                        <a href="#" class="method navigator-link" panel-name="suite-Suite" title="com.qa.testCases.PostAddTest" hash-for-method="verfyPostAdPageTest">verfyPostAdPageTest</a> <!-- method navigator-link -->
                      </span>
                      <br/>
                      <span>
                        <img width="3%" src="failed.png"/>
                        <a href="#" class="method navigator-link" panel-name="suite-Suite" title="com.qa.testCases.CategoriesPageTest" hash-for-method="verifyCategoryPageTitleTest">verifyCategoryPageTitleTest</a> <!-- method navigator-link -->
                      </span>
                      <br/>
                      <span>
                        <img width="3%" src="failed.png"/>
                        <a href="#" class="method navigator-link" panel-name="suite-Suite" title="com.qa.testCases.SentEnquiryTest" hash-for-method="verifyEnquiredProductTest">verifyEnquiredProductTest</a> <!-- method navigator-link -->
                      </span>
                      <br/>
                    </div> <!-- method-list-content failed suite-Suite -->
                  </li>
                  <li>
                    <span class="method-list-title passed">Passed methods</span>
                    <span class="show-or-hide-methods passed">
                      <a href="#" panel-name="suite-Suite" class="hide-methods passed suite-Suite"> (hide)</a> <!-- hide-methods passed suite-Suite -->
                      <a href="#" panel-name="suite-Suite" class="show-methods passed suite-Suite"> (show)</a> <!-- show-methods passed suite-Suite -->
                    </span>
                    <div class="method-list-content passed suite-Suite">
                      <span>
                        <img width="3%" src="passed.png"/>
                        <a href="#" class="method navigator-link" panel-name="suite-Suite" title="com.qa.testCases.ReceivedEnquiryPageTest" hash-for-method="DeleteReceivedEnquiryTest">DeleteReceivedEnquiryTest</a> <!-- method navigator-link -->
                      </span>
                      <br/>
                      <span>
                        <img width="3%" src="passed.png"/>
                        <a href="#" class="method navigator-link" panel-name="suite-Suite" title="com.qa.testCases.EnquiryPageTest" hash-for-method="EnquirySectionTest">EnquirySectionTest</a> <!-- method navigator-link -->
                      </span>
                      <br/>
                      <span>
                        <img width="3%" src="passed.png"/>
                        <a href="#" class="method navigator-link" panel-name="suite-Suite" title="com.qa.testCases.LoginPageTest" hash-for-method="ForgotPasswordToLoginPopUpSwitchTest">ForgotPasswordToLoginPopUpSwitchTest</a> <!-- method navigator-link -->
                      </span>
                      <br/>
                      <span>
                        <img width="3%" src="passed.png"/>
                        <a href="#" class="method navigator-link" panel-name="suite-Suite" title="com.qa.testCases.MyAccountPageTest" hash-for-method="MyAccountButtonClickabilityTest">MyAccountButtonClickabilityTest</a> <!-- method navigator-link -->
                      </span>
                      <br/>
                      <span>
                        <img width="3%" src="passed.png"/>
                        <a href="#" class="method navigator-link" panel-name="suite-Suite" title="com.qa.testCases.SearchPageTest" hash-for-method="NoResultFoundOnSearchTest">NoResultFoundOnSearchTest</a> <!-- method navigator-link -->
                      </span>
                      <br/>
                      <span>
                        <img width="3%" src="passed.png"/>
                        <a href="#" class="method navigator-link" panel-name="suite-Suite" title="com.qa.testCases.SignUpPageTest" hash-for-method="SignUpPlaceholderTest">SignUpPlaceholderTest</a> <!-- method navigator-link -->
                      </span>
                      <br/>
                      <span>
                        <img width="3%" src="passed.png"/>
                        <a href="#" class="method navigator-link" panel-name="suite-Suite" title="com.qa.testCases.SignUpPageTest" hash-for-method="SignUpPopUpTest">SignUpPopUpTest</a> <!-- method navigator-link -->
                      </span>
                      <br/>
                      <span>
                        <img width="3%" src="passed.png"/>
                        <a href="#" class="method navigator-link" panel-name="suite-Suite" title="com.qa.testCases.PostAddTest" hash-for-method="SubCategoryCorresspondingCategoryTest">SubCategoryCorresspondingCategoryTest</a> <!-- method navigator-link -->
                      </span>
                      <br/>
                      <span>
                        <img width="3%" src="passed.png"/>
                        <a href="#" class="method navigator-link" panel-name="suite-Suite" title="com.qa.testCases.MyAccountPageTest" hash-for-method="SubscriptioTypeButtonClickabilityTest">SubscriptioTypeButtonClickabilityTest</a> <!-- method navigator-link -->
                      </span>
                      <br/>
                      <span>
                        <img width="3%" src="passed.png"/>
                        <a href="#" class="method navigator-link" panel-name="suite-Suite" title="com.qa.testCases.MyAccountPageTest" hash-for-method="SwitchToPayPalLoginTest">SwitchToPayPalLoginTest</a> <!-- method navigator-link -->
                      </span>
                      <br/>
                      <span>
                        <img width="3%" src="passed.png"/>
                        <a href="#" class="method navigator-link" panel-name="suite-Suite" title="com.qa.testCases.EditAdTest" hash-for-method="UpdateAdPageTitleTest">UpdateAdPageTitleTest</a> <!-- method navigator-link -->
                      </span>
                      <br/>
                      <span>
                        <img width="3%" src="passed.png"/>
                        <a href="#" class="method navigator-link" panel-name="suite-Suite" title="com.qa.testCases.EditAdTest" hash-for-method="UpdateAdTest">UpdateAdTest</a> <!-- method navigator-link -->
                      </span>
                      <br/>
                      <span>
                        <img width="3%" src="passed.png"/>
                        <a href="#" class="method navigator-link" panel-name="suite-Suite" title="com.qa.testCases.PostAddTest" hash-for-method="VerifydeleteAdTest">VerifydeleteAdTest</a> <!-- method navigator-link -->
                      </span>
                      <br/>
                      <span>
                        <img width="3%" src="passed.png"/>
                        <a href="#" class="method navigator-link" panel-name="suite-Suite" title="com.qa.testCases.CategoriesPageTest" hash-for-method="categoryMenuClickabilityTest">categoryMenuClickabilityTest</a> <!-- method navigator-link -->
                      </span>
                      <br/>
                      <span>
                        <img width="3%" src="passed.png"/>
                        <a href="#" class="method navigator-link" panel-name="suite-Suite" title="com.qa.testCases.SignUpPageTest" hash-for-method="checkBoxSelectionTest">checkBoxSelectionTest</a> <!-- method navigator-link -->
                      </span>
                      <br/>
                      <span>
                        <img width="3%" src="passed.png"/>
                        <a href="#" class="method navigator-link" panel-name="suite-Suite" title="com.qa.testCases.SignUpPageTest" hash-for-method="checkBoxValidationTest">checkBoxValidationTest</a> <!-- method navigator-link -->
                      </span>
                      <br/>
                      <span>
                        <img width="3%" src="passed.png"/>
                        <a href="#" class="method navigator-link" panel-name="suite-Suite" title="com.qa.testCases.EnquiryPageTest" hash-for-method="chooseFileOfEnquirySectiontest">chooseFileOfEnquirySectiontest</a> <!-- method navigator-link -->
                      </span>
                      <br/>
                      <span>
                        <img width="3%" src="passed.png"/>
                        <a href="#" class="method navigator-link" panel-name="suite-Suite" title="com.qa.testCases.CategoriesPageTest" hash-for-method="countArtBookssubcategories">countArtBookssubcategories</a> <!-- method navigator-link -->
                      </span>
                      <br/>
                      <span>
                        <img width="3%" src="passed.png"/>
                        <a href="#" class="method navigator-link" panel-name="suite-Suite" title="com.qa.testCases.CategoriesPageTest" hash-for-method="countAutomotivesubcategories">countAutomotivesubcategories</a> <!-- method navigator-link -->
                      </span>
                      <br/>
                      <span>
                        <img width="3%" src="passed.png"/>
                        <a href="#" class="method navigator-link" panel-name="suite-Suite" title="com.qa.testCases.CategoriesPageTest" hash-for-method="countBoatsAndSkisSubcategories">countBoatsAndSkisSubcategories</a> <!-- method navigator-link -->
                      </span>
                      <br/>
                      <span>
                        <img width="3%" src="passed.png"/>
                        <a href="#" class="method navigator-link" panel-name="suite-Suite" title="com.qa.testCases.CategoriesPageTest" hash-for-method="countCategoryTest">countCategoryTest</a> <!-- method navigator-link -->
                      </span>
                      <br/>
                      <span>
                        <img width="3%" src="passed.png"/>
                        <a href="#" class="method navigator-link" panel-name="suite-Suite" title="com.qa.testCases.CategoriesPageTest" hash-for-method="countClothesAndJewelSubcategories">countClothesAndJewelSubcategories</a> <!-- method navigator-link -->
                      </span>
                      <br/>
                      <span>
                        <img width="3%" src="passed.png"/>
                        <a href="#" class="method navigator-link" panel-name="suite-Suite" title="com.qa.testCases.CategoriesPageTest" hash-for-method="countCommunitySubCategories">countCommunitySubCategories</a> <!-- method navigator-link -->
                      </span>
                      <br/>
                      <span>
                        <img width="3%" src="passed.png"/>
                        <a href="#" class="method navigator-link" panel-name="suite-Suite" title="com.qa.testCases.CategoriesPageTest" hash-for-method="countConsumerElectronicsSubcategories">countConsumerElectronicsSubcategories</a> <!-- method navigator-link -->
                      </span>
                      <br/>
                      <span>
                        <img width="3%" src="passed.png"/>
                        <a href="#" class="method navigator-link" panel-name="suite-Suite" title="com.qa.testCases.CategoriesPageTest" hash-for-method="countDiscussionForumsSubcategories">countDiscussionForumsSubcategories</a> <!-- method navigator-link -->
                      </span>
                      <br/>
                      <span>
                        <img width="3%" src="passed.png"/>
                        <a href="#" class="method navigator-link" panel-name="suite-Suite" title="com.qa.testCases.CategoriesPageTest" hash-for-method="countJobsSubcategories">countJobsSubcategories</a> <!-- method navigator-link -->
                      </span>
                      <br/>
                      <span>
                        <img width="3%" src="passed.png"/>
                        <a href="#" class="method navigator-link" panel-name="suite-Suite" title="com.qa.testCases.CategoriesPageTest" hash-for-method="countLocalPlacesSubcategories">countLocalPlacesSubcategories</a> <!-- method navigator-link -->
                      </span>
                      <br/>
                      <span>
                        <img width="3%" src="passed.png"/>
                        <a href="#" class="method navigator-link" panel-name="suite-Suite" title="com.qa.testCases.CategoriesPageTest" hash-for-method="countOthersSubcategories">countOthersSubcategories</a> <!-- method navigator-link -->
                      </span>
                      <br/>
                      <span>
                        <img width="3%" src="passed.png"/>
                        <a href="#" class="method navigator-link" panel-name="suite-Suite" title="com.qa.testCases.CategoriesPageTest" hash-for-method="countPetsSubcategories">countPetsSubcategories</a> <!-- method navigator-link -->
                      </span>
                      <br/>
                      <span>
                        <img width="3%" src="passed.png"/>
                        <a href="#" class="method navigator-link" panel-name="suite-Suite" title="com.qa.testCases.CategoriesPageTest" hash-for-method="countRealEstateSubcategories">countRealEstateSubcategories</a> <!-- method navigator-link -->
                      </span>
                      <br/>
                      <span>
                        <img width="3%" src="passed.png"/>
                        <a href="#" class="method navigator-link" panel-name="suite-Suite" title="com.qa.testCases.CategoriesPageTest" hash-for-method="countResumesSubcategories">countResumesSubcategories</a> <!-- method navigator-link -->
                      </span>
                      <br/>
                      <span>
                        <img width="3%" src="passed.png"/>
                        <a href="#" class="method navigator-link" panel-name="suite-Suite" title="com.qa.testCases.CategoriesPageTest" hash-for-method="countServicesSubcategories">countServicesSubcategories</a> <!-- method navigator-link -->
                      </span>
                      <br/>
                      <span>
                        <img width="3%" src="passed.png"/>
                        <a href="#" class="method navigator-link" panel-name="suite-Suite" title="com.qa.testCases.ReceivedEnquiryPageTest" hash-for-method="deleteLinkClickabilityTest">deleteLinkClickabilityTest</a> <!-- method navigator-link -->
                      </span>
                      <br/>
                      <span>
                        <img width="3%" src="passed.png"/>
                        <a href="#" class="method navigator-link" panel-name="suite-Suite" title="com.qa.testCases.SentEnquiryTest" hash-for-method="deleteSentEnquiryTest">deleteSentEnquiryTest</a> <!-- method navigator-link -->
                      </span>
                      <br/>
                      <span>
                        <img width="3%" src="passed.png"/>
                        <a href="#" class="method navigator-link" panel-name="suite-Suite" title="com.qa.testCases.EnquiryPageTest" hash-for-method="descriptionFieldValidationMessageTest">descriptionFieldValidationMessageTest</a> <!-- method navigator-link -->
                      </span>
                      <br/>
                      <span>
                        <img width="3%" src="passed.png"/>
                        <a href="#" class="method navigator-link" panel-name="suite-Suite" title="com.qa.testCases.EditAdTest" hash-for-method="editButtonClickabilityTest">editButtonClickabilityTest</a> <!-- method navigator-link -->
                      </span>
                      <br/>
                      <span>
                        <img width="3%" src="passed.png"/>
                        <a href="#" class="method navigator-link" panel-name="suite-Suite" title="com.qa.testCases.MyAccountPageTest" hash-for-method="editButtonClickabilityTest">editButtonClickabilityTest</a> <!-- method navigator-link -->
                      </span>
                      <br/>
                      <span>
                        <img width="3%" src="passed.png"/>
                        <a href="#" class="method navigator-link" panel-name="suite-Suite" title="com.qa.testCases.EnquiryPageTest" hash-for-method="emailidFieldDisabilityTest">emailidFieldDisabilityTest</a> <!-- method navigator-link -->
                      </span>
                      <br/>
                      <span>
                        <img width="3%" src="passed.png"/>
                        <a href="#" class="method navigator-link" panel-name="suite-Suite" title="com.qa.testCases.AddToFavouritePageTest" hash-for-method="favouriteAdLinkClickabilityTest">favouriteAdLinkClickabilityTest</a> <!-- method navigator-link -->
                      </span>
                      <br/>
                      <span>
                        <img width="3%" src="passed.png"/>
                        <a href="#" class="method navigator-link" panel-name="suite-Suite" title="com.qa.testCases.AddToFavouritePageTest" hash-for-method="favouriteAdPageTitleTest">favouriteAdPageTitleTest</a> <!-- method navigator-link -->
                      </span>
                      <br/>
                      <span>
                        <img width="3%" src="passed.png"/>
                        <a href="#" class="method navigator-link" panel-name="suite-Suite" title="com.qa.testCases.AddToFavouritePageTest" hash-for-method="favouriteIconEnableTest">favouriteIconEnableTest</a> <!-- method navigator-link -->
                      </span>
                      <br/>
                      <span>
                        <img width="3%" src="passed.png"/>
                        <a href="#" class="method navigator-link" panel-name="suite-Suite" title="com.qa.testCases.AddToFavouritePageTest" hash-for-method="favouriteVerificationTest">favouriteVerificationTest</a> <!-- method navigator-link -->
                      </span>
                      <br/>
                      <span>
                        <img width="3%" src="passed.png"/>
                        <a href="#" class="method navigator-link" panel-name="suite-Suite" title="com.qa.testCases.MyAccountPageTest" hash-for-method="fieldDisabilityTestBeforEdit">fieldDisabilityTestBeforEdit</a> <!-- method navigator-link -->
                      </span>
                      <br/>
                      <span>
                        <img width="3%" src="passed.png"/>
                        <a href="#" class="method navigator-link" panel-name="suite-Suite" title="com.qa.testCases.LoginPageTest" hash-for-method="forgotPasswordTest">forgotPasswordTest</a> <!-- method navigator-link -->
                      </span>
                      <br/>
                      <span>
                        <img width="3%" src="passed.png"/>
                        <a href="#" class="method navigator-link" panel-name="suite-Suite" title="com.qa.testCases.LoginPageTest" hash-for-method="inValidEmailTest">inValidEmailTest</a> <!-- method navigator-link -->
                      </span>
                      <br/>
                      <span>
                        <img width="3%" src="passed.png"/>
                        <a href="#" class="method navigator-link" panel-name="suite-Suite" title="com.qa.testCases.SignUpPageTest" hash-for-method="invalidEmailTest">invalidEmailTest</a> <!-- method navigator-link -->
                      </span>
                      <br/>
                      <span>
                        <img width="3%" src="passed.png"/>
                        <a href="#" class="method navigator-link" panel-name="suite-Suite" title="com.qa.testCases.LoginPageTest" hash-for-method="loginTest">loginTest</a> <!-- method navigator-link -->
                      </span>
                      <br/>
                      <span>
                        <img width="3%" src="passed.png"/>
                        <a href="#" class="method navigator-link" panel-name="suite-Suite" title="com.qa.testCases.LoginPageTest" hash-for-method="loginWithNotMatchedRecoredsTest">loginWithNotMatchedRecoredsTest</a> <!-- method navigator-link -->
                      </span>
                      <br/>
                      <span>
                        <img width="3%" src="passed.png"/>
                        <a href="#" class="method navigator-link" panel-name="suite-Suite" title="com.qa.testCases.LoginPageTest" hash-for-method="loginpageValidationTest">loginpageValidationTest</a> <!-- method navigator-link -->
                      </span>
                      <br/>
                      <span>
                        <img width="3%" src="passed.png"/>
                        <a href="#" class="method navigator-link" panel-name="suite-Suite" title="com.qa.testCases.SignUpPageTest" hash-for-method="maximumPasswordLenghtValidationTest">maximumPasswordLenghtValidationTest</a> <!-- method navigator-link -->
                      </span>
                      <br/>
                      <span>
                        <img width="3%" src="passed.png"/>
                        <a href="#" class="method navigator-link" panel-name="suite-Suite" title="com.qa.testCases.MyAccountPageTest" hash-for-method="myAccountPageTitleTest">myAccountPageTitleTest</a> <!-- method navigator-link -->
                      </span>
                      <br/>
                      <span>
                        <img width="3%" src="passed.png"/>
                        <a href="#" class="method navigator-link" panel-name="suite-Suite" title="com.qa.testCases.PastAdTest" hash-for-method="noPastAdMessageTest">noPastAdMessageTest</a> <!-- method navigator-link -->
                      </span>
                      <br/>
                      <span>
                        <img width="3%" src="passed.png"/>
                        <a href="#" class="method navigator-link" panel-name="suite-Suite" title="com.qa.testCases.SignUpPageTest" hash-for-method="passwordAndConfirmPasswordMismatchTest">passwordAndConfirmPasswordMismatchTest</a> <!-- method navigator-link -->
                      </span>
                      <br/>
                      <span>
                        <img width="3%" src="passed.png"/>
                        <a href="#" class="method navigator-link" panel-name="suite-Suite" title="com.qa.testCases.PastAdTest" hash-for-method="pastAdClickability">pastAdClickability</a> <!-- method navigator-link -->
                      </span>
                      <br/>
                      <span>
                        <img width="3%" src="passed.png"/>
                        <a href="#" class="method navigator-link" panel-name="suite-Suite" title="com.qa.testCases.PastAdTest" hash-for-method="pastAdPageTitletest">pastAdPageTitletest</a> <!-- method navigator-link -->
                      </span>
                      <br/>
                      <span>
                        <img width="3%" src="passed.png"/>
                        <a href="#" class="method navigator-link" panel-name="suite-Suite" title="com.qa.testCases.SearchPageTest" hash-for-method="placeholderTest">placeholderTest</a> <!-- method navigator-link -->
                      </span>
                      <br/>
                      <span>
                        <img width="3%" src="passed.png"/>
                        <a href="#" class="method navigator-link" panel-name="suite-Suite" title="com.qa.testCases.PostAddTest" hash-for-method="postAddButtonClickabilityTest">postAddButtonClickabilityTest</a> <!-- method navigator-link -->
                      </span>
                      <br/>
                      <span>
                        <img width="3%" src="passed.png"/>
                        <a href="#" class="method navigator-link" panel-name="suite-Suite" title="com.qa.testCases.PostAddTest" hash-for-method="postAddTest">postAddTest</a> <!-- method navigator-link -->
                      </span>
                      <br/>
                      <span>
                        <img width="3%" src="passed.png"/>
                        <a href="#" class="method navigator-link" panel-name="suite-Suite" title="com.qa.testCases.SignUpPageTest" hash-for-method="privacyPolicyLinksTest">privacyPolicyLinksTest</a> <!-- method navigator-link -->
                      </span>
                      <br/>
                      <span>
                        <img width="3%" src="passed.png"/>
                        <a href="#" class="method navigator-link" panel-name="suite-Suite" title="com.qa.testCases.ReceivedEnquiryPageTest" hash-for-method="productLinkClickabiltyTest">productLinkClickabiltyTest</a> <!-- method navigator-link -->
                      </span>
                      <br/>
                      <span>
                        <img width="3%" src="passed.png"/>
                        <a href="#" class="method navigator-link" panel-name="suite-Suite" title="com.qa.testCases.ReceivedEnquiryPageTest" hash-for-method="receivedEnquiryPageTitleTest">receivedEnquiryPageTitleTest</a> <!-- method navigator-link -->
                      </span>
                      <br/>
                      <span>
                        <img width="3%" src="passed.png"/>
                        <a href="#" class="method navigator-link" panel-name="suite-Suite" title="com.qa.testCases.ReceivedEnquiryPageTest" hash-for-method="receivedLinkClickabilityTest">receivedLinkClickabilityTest</a> <!-- method navigator-link -->
                      </span>
                      <br/>
                      <span>
                        <img width="3%" src="passed.png"/>
                        <a href="#" class="method navigator-link" panel-name="suite-Suite" title="com.qa.testCases.EnquiryPageTest" hash-for-method="remainingCharacterLengthDescriptionTest">remainingCharacterLengthDescriptionTest</a> <!-- method navigator-link -->
                      </span>
                      <br/>
                      <span>
                        <img width="3%" src="passed.png"/>
                        <a href="#" class="method navigator-link" panel-name="suite-Suite" title="com.qa.testCases.PostAddTest" hash-for-method="requiredFieldValidationTest">requiredFieldValidationTest</a> <!-- method navigator-link -->
                      </span>
                      <br/>
                      <span>
                        <img width="3%" src="passed.png"/>
                        <a href="#" class="method navigator-link" panel-name="suite-Suite" title="com.qa.testCases.PostAddTest" hash-for-method="requiredFieldVerificationTest">requiredFieldVerificationTest</a> <!-- method navigator-link -->
                      </span>
                      <br/>
                      <span>
                        <img width="3%" src="passed.png"/>
                        <a href="#" class="method navigator-link" panel-name="suite-Suite" title="com.qa.testCases.SearchPageTest" hash-for-method="searchButtonClickabilityTest">searchButtonClickabilityTest</a> <!-- method navigator-link -->
                      </span>
                      <br/>
                      <span>
                        <img width="3%" src="passed.png"/>
                        <a href="#" class="method navigator-link" panel-name="suite-Suite" title="com.qa.testCases.SearchPageTest" hash-for-method="searchWithEmptyKeywordTest">searchWithEmptyKeywordTest</a> <!-- method navigator-link -->
                      </span>
                      <br/>
                      <span>
                        <img width="3%" src="passed.png"/>
                        <a href="#" class="method navigator-link" panel-name="suite-Suite" title="com.qa.testCases.EnquiryPageTest" hash-for-method="sendEnquiryTest">sendEnquiryTest</a> <!-- method navigator-link -->
                      </span>
                      <br/>
                      <span>
                        <img width="3%" src="passed.png"/>
                        <a href="#" class="method navigator-link" panel-name="suite-Suite" title="com.qa.testCases.SentEnquiryTest" hash-for-method="sentEnquiryLinkTest">sentEnquiryLinkTest</a> <!-- method navigator-link -->
                      </span>
                      <br/>
                      <span>
                        <img width="3%" src="passed.png"/>
                        <a href="#" class="method navigator-link" panel-name="suite-Suite" title="com.qa.testCases.SentEnquiryTest" hash-for-method="sentEnquiryPageTitleTest">sentEnquiryPageTitleTest</a> <!-- method navigator-link -->
                      </span>
                      <br/>
                      <span>
                        <img width="3%" src="passed.png"/>
                        <a href="#" class="method navigator-link" panel-name="suite-Suite" title="com.qa.testCases.SignUpPageTest" hash-for-method="signUpWithTabTest">signUpWithTabTest</a> <!-- method navigator-link -->
                      </span>
                      <br/>
                      <span>
                        <img width="3%" src="passed.png"/>
                        <a href="#" class="method navigator-link" panel-name="suite-Suite" title="com.qa.testCases.SignUpPageTest" hash-for-method="signUpWithalreadyRegisteredEmail">signUpWithalreadyRegisteredEmail</a> <!-- method navigator-link -->
                      </span>
                      <br/>
                      <span>
                        <img width="3%" src="passed.png"/>
                        <a href="#" class="method navigator-link" panel-name="suite-Suite" title="com.qa.testCases.EnquiryPageTest" hash-for-method="subjectFieldValidationMessageTest">subjectFieldValidationMessageTest</a> <!-- method navigator-link -->
                      </span>
                      <br/>
                      <span>
                        <img width="3%" src="passed.png"/>
                        <a href="#" class="method navigator-link" panel-name="suite-Suite" title="com.qa.testCases.PostAddTest" hash-for-method="tabFunctionalityOfPostAdFormTest">tabFunctionalityOfPostAdFormTest</a> <!-- method navigator-link -->
                      </span>
                      <br/>
                      <span>
                        <img width="3%" src="passed.png"/>
                        <a href="#" class="method navigator-link" panel-name="suite-Suite" title="com.qa.testCases.SignUpPageTest" hash-for-method="termsAndConditionsLinkTest">termsAndConditionsLinkTest</a> <!-- method navigator-link -->
                      </span>
                      <br/>
                      <span>
                        <img width="3%" src="passed.png"/>
                        <a href="#" class="method navigator-link" panel-name="suite-Suite" title="com.qa.testCases.EnquiryPageTest" hash-for-method="textboxPlaceholderTest">textboxPlaceholderTest</a> <!-- method navigator-link -->
                      </span>
                      <br/>
                      <span>
                        <img width="3%" src="passed.png"/>
                        <a href="#" class="method navigator-link" panel-name="suite-Suite" title="com.qa.testCases.MyAccountPageTest" hash-for-method="upGradeNowButtonClickabilityTest">upGradeNowButtonClickabilityTest</a> <!-- method navigator-link -->
                      </span>
                      <br/>
                      <span>
                        <img width="3%" src="passed.png"/>
                        <a href="#" class="method navigator-link" panel-name="suite-Suite" title="com.qa.testCases.MyAccountPageTest" hash-for-method="updateAccountInfoTest">updateAccountInfoTest</a> <!-- method navigator-link -->
                      </span>
                      <br/>
                      <span>
                        <img width="3%" src="passed.png"/>
                        <a href="#" class="method navigator-link" panel-name="suite-Suite" title="com.qa.testCases.MyAccountPageTest" hash-for-method="upgradeNowPageTest">upgradeNowPageTest</a> <!-- method navigator-link -->
                      </span>
                      <br/>
                      <span>
                        <img width="3%" src="passed.png"/>
                        <a href="#" class="method navigator-link" panel-name="suite-Suite" title="com.qa.testCases.PostAddTest" hash-for-method="uploadImageTest">uploadImageTest</a> <!-- method navigator-link -->
                      </span>
                      <br/>
                      <span>
                        <img width="3%" src="passed.png"/>
                        <a href="#" class="method navigator-link" panel-name="suite-Suite" title="com.qa.testCases.SignUpPageTest" hash-for-method="usernameValidationTest">usernameValidationTest</a> <!-- method navigator-link -->
                      </span>
                      <br/>
                      <span>
                        <img width="3%" src="passed.png"/>
                        <a href="#" class="method navigator-link" panel-name="suite-Suite" title="com.qa.testCases.SentEnquiryTest" hash-for-method="verifyLinkOnSentEnquiryPageTest">verifyLinkOnSentEnquiryPageTest</a> <!-- method navigator-link -->
                      </span>
                      <br/>
                      <span>
                        <img width="3%" src="passed.png"/>
                        <a href="#" class="method navigator-link" panel-name="suite-Suite" title="com.qa.testCases.SearchPageTest" hash-for-method="verifySearchResultTest">verifySearchResultTest</a> <!-- method navigator-link -->
                      </span>
                      <br/>
                      <span>
                        <img width="3%" src="passed.png"/>
                        <a href="#" class="method navigator-link" panel-name="suite-Suite" title="com.qa.testCases.ReceivedEnquiryPageTest" hash-for-method="verifyproductLinkOnProductPageTest">verifyproductLinkOnProductPageTest</a> <!-- method navigator-link -->
                      </span>
                      <br/>
                    </div> <!-- method-list-content passed suite-Suite -->
                  </li>
                </ul>
              </div> <!-- suite-section-content -->
            </div> <!-- result-section -->
          </div> <!-- navigator-suite-content -->
        </div> <!-- rounded-window -->
      </div> <!-- suite -->
    </div> <!-- navigator-root -->
    <div class="wrapper">
      <div class="main-panel-root">
        <div panel-name="suite-Suite" class="panel Suite">
          <div class="suite-Suite-class-failed">
            <div class="main-panel-header rounded-window-top">
              <img src="failed.png"/>
              <span class="class-name">com.qa.testCases.ReceivedEnquiryPageTest</span>
            </div> <!-- main-panel-header rounded-window-top -->
            <div class="main-panel-content rounded-window-bottom">
              <div class="method">
                <div class="method-content">
                  <a name="fileLinkClickabilityTest">
                  </a> <!-- fileLinkClickabilityTest -->
                  <span class="method-name">fileLinkClickabilityTest</span>
                  <div class="stack-trace">org.openqa.selenium.NoSuchElementException: no such element: Unable to locate element: {&quot;method&quot;:&quot;xpath&quot;,&quot;selector&quot;:&quot;//a[text()=&apos;File Link&apos;]&quot;}
  (Session info: chrome=72.0.3626.121)
  (Driver info: chromedriver=2.46.628388 (4a34a70827ac54148e092aafb70504c4ea7ae926),platform=Linux 4.4.0-142-generic x86_64) (WARNING: The server did not provide any stacktrace information)
Command duration or timeout: 0 milliseconds
For documentation on this error, please visit: https://www.seleniumhq.org/exceptions/no_such_element.html
Build info: version: &apos;3.141.59&apos;, revision: &apos;e82be7d358&apos;, time: &apos;2018-11-14T08:17:03&apos;
System info: host: &apos;saffron-H81M-S&apos;, ip: &apos;127.0.1.1&apos;, os.name: &apos;Linux&apos;, os.arch: &apos;amd64&apos;, os.version: &apos;4.4.0-142-generic&apos;, java.version: &apos;1.8.0_191&apos;
Driver info: org.openqa.selenium.chrome.ChromeDriver
Capabilities {acceptInsecureCerts: false, acceptSslCerts: false, applicationCacheEnabled: false, browserConnectionEnabled: false, browserName: chrome, chrome: {chromedriverVersion: 2.46.628388 (4a34a70827ac54..., userDataDir: /tmp/.org.chromium.Chromium...}, cssSelectorsEnabled: true, databaseEnabled: false, goog:chromeOptions: {debuggerAddress: localhost:33172}, handlesAlerts: true, hasTouchScreen: false, javascriptEnabled: true, locationContextEnabled: true, mobileEmulationEnabled: false, nativeEvents: true, networkConnectionEnabled: false, pageLoadStrategy: normal, platform: LINUX, platformName: LINUX, proxy: Proxy(), rotatable: false, setWindowRect: true, strictFileInteractability: false, takesHeapSnapshot: true, takesScreenshot: true, timeouts: {implicit: 0, pageLoad: 300000, script: 30000}, unexpectedAlertBehaviour: ignore, unhandledPromptBehavior: ignore, version: 72.0.3626.121, webStorageEnabled: true}
Session ID: 19523df87d8f42b4c97bcf1c21802fa6
*** Element info: {Using=xpath, value=//a[text()=&apos;File Link&apos;]}
	at org.openqa.selenium.remote.ErrorHandler.createThrowable(ErrorHandler.java:214)
	at org.openqa.selenium.remote.ErrorHandler.throwIfResponseFailed(ErrorHandler.java:166)
	at org.openqa.selenium.remote.http.JsonHttpResponseCodec.reconstructValue(JsonHttpResponseCodec.java:40)
	at org.openqa.selenium.remote.http.AbstractHttpResponseCodec.decode(AbstractHttpResponseCodec.java:80)
	at org.openqa.selenium.remote.http.AbstractHttpResponseCodec.decode(AbstractHttpResponseCodec.java:44)
	at org.openqa.selenium.remote.HttpCommandExecutor.execute(HttpCommandExecutor.java:158)
	at org.openqa.selenium.remote.service.DriverCommandExecutor.execute(DriverCommandExecutor.java:83)
	at org.openqa.selenium.remote.RemoteWebDriver.execute(RemoteWebDriver.java:552)
	at org.openqa.selenium.remote.RemoteWebDriver.findElement(RemoteWebDriver.java:323)
	at org.openqa.selenium.remote.RemoteWebDriver.findElementByXPath(RemoteWebDriver.java:428)
	at org.openqa.selenium.By$ByXPath.findElement(By.java:353)
	at org.openqa.selenium.remote.RemoteWebDriver.findElement(RemoteWebDriver.java:315)
	at org.openqa.selenium.support.pagefactory.DefaultElementLocator.findElement(DefaultElementLocator.java:69)
	at org.openqa.selenium.support.pagefactory.internal.LocatingElementHandler.invoke(LocatingElementHandler.java:38)
	at com.sun.proxy.$Proxy9.isEnabled(Unknown Source)
	at com.qa.pages.ReceivedEnquiryPage.fileLinkClickability(ReceivedEnquiryPage.java:73)
	at com.qa.testCases.ReceivedEnquiryPageTest.fileLinkClickabilityTest(ReceivedEnquiryPageTest.java:64)
... Removed 29 stack frames
</div> <!-- stack-trace -->
                </div> <!-- method-content -->
              </div> <!-- method -->
            </div> <!-- main-panel-content rounded-window-bottom -->
          </div> <!-- suite-Suite-class-failed -->
          <div class="suite-Suite-class-failed">
            <div class="main-panel-header rounded-window-top">
              <img src="failed.png"/>
              <span class="class-name">com.qa.testCases.CategoriesPageTest</span>
            </div> <!-- main-panel-header rounded-window-top -->
            <div class="main-panel-content rounded-window-bottom">
              <div class="method">
                <div class="method-content">
                  <a name="verifyCategoryPageTitleTest">
                  </a> <!-- verifyCategoryPageTitleTest -->
                  <span class="method-name">verifyCategoryPageTitleTest</span>
                  <div class="stack-trace">java.lang.AssertionError: expected [] but found [WeeklyPaper - Categories]
	at com.qa.testCases.CategoriesPageTest.verifyCategoryPageTitleTest(CategoriesPageTest.java:54)
... Removed 31 stack frames
</div> <!-- stack-trace -->
                </div> <!-- method-content -->
              </div> <!-- method -->
            </div> <!-- main-panel-content rounded-window-bottom -->
          </div> <!-- suite-Suite-class-failed -->
          <div class="suite-Suite-class-failed">
            <div class="main-panel-header rounded-window-top">
              <img src="failed.png"/>
              <span class="class-name">com.qa.testCases.SignUpPageTest</span>
            </div> <!-- main-panel-header rounded-window-top -->
            <div class="main-panel-content rounded-window-bottom">
              <div class="method">
                <div class="method-content">
                  <a name="SignUpFormTest">
                  </a> <!-- SignUpFormTest -->
                  <span class="method-name">SignUpFormTest</span>
                  <div class="stack-trace">org.openqa.selenium.NoSuchElementException: no such element: Unable to locate element: {&quot;method&quot;:&quot;xpath&quot;,&quot;selector&quot;:&quot;//div[text()=&apos;A verification link has been sent to your email address.&apos;]&quot;}
  (Session info: chrome=72.0.3626.121)
  (Driver info: chromedriver=2.46.628388 (4a34a70827ac54148e092aafb70504c4ea7ae926),platform=Linux 4.4.0-142-generic x86_64) (WARNING: The server did not provide any stacktrace information)
Command duration or timeout: 0 milliseconds
For documentation on this error, please visit: https://www.seleniumhq.org/exceptions/no_such_element.html
Build info: version: &apos;3.141.59&apos;, revision: &apos;e82be7d358&apos;, time: &apos;2018-11-14T08:17:03&apos;
System info: host: &apos;saffron-H81M-S&apos;, ip: &apos;127.0.1.1&apos;, os.name: &apos;Linux&apos;, os.arch: &apos;amd64&apos;, os.version: &apos;4.4.0-142-generic&apos;, java.version: &apos;1.8.0_191&apos;
Driver info: org.openqa.selenium.chrome.ChromeDriver
Capabilities {acceptInsecureCerts: false, acceptSslCerts: false, applicationCacheEnabled: false, browserConnectionEnabled: false, browserName: chrome, chrome: {chromedriverVersion: 2.46.628388 (4a34a70827ac54..., userDataDir: /tmp/.org.chromium.Chromium...}, cssSelectorsEnabled: true, databaseEnabled: false, goog:chromeOptions: {debuggerAddress: localhost:37141}, handlesAlerts: true, hasTouchScreen: false, javascriptEnabled: true, locationContextEnabled: true, mobileEmulationEnabled: false, nativeEvents: true, networkConnectionEnabled: false, pageLoadStrategy: normal, platform: LINUX, platformName: LINUX, proxy: Proxy(), rotatable: false, setWindowRect: true, strictFileInteractability: false, takesHeapSnapshot: true, takesScreenshot: true, timeouts: {implicit: 0, pageLoad: 300000, script: 30000}, unexpectedAlertBehaviour: ignore, unhandledPromptBehavior: ignore, version: 72.0.3626.121, webStorageEnabled: true}
Session ID: 5ca262cd800de92b85fa01a35afa133b
*** Element info: {Using=xpath, value=//div[text()=&apos;A verification link has been sent to your email address.&apos;]}
	at org.openqa.selenium.remote.ErrorHandler.createThrowable(ErrorHandler.java:214)
	at org.openqa.selenium.remote.ErrorHandler.throwIfResponseFailed(ErrorHandler.java:166)
	at org.openqa.selenium.remote.http.JsonHttpResponseCodec.reconstructValue(JsonHttpResponseCodec.java:40)
	at org.openqa.selenium.remote.http.AbstractHttpResponseCodec.decode(AbstractHttpResponseCodec.java:80)
	at org.openqa.selenium.remote.http.AbstractHttpResponseCodec.decode(AbstractHttpResponseCodec.java:44)
	at org.openqa.selenium.remote.HttpCommandExecutor.execute(HttpCommandExecutor.java:158)
	at org.openqa.selenium.remote.service.DriverCommandExecutor.execute(DriverCommandExecutor.java:83)
	at org.openqa.selenium.remote.RemoteWebDriver.execute(RemoteWebDriver.java:552)
	at org.openqa.selenium.remote.RemoteWebDriver.findElement(RemoteWebDriver.java:323)
	at org.openqa.selenium.remote.RemoteWebDriver.findElementByXPath(RemoteWebDriver.java:428)
	at org.openqa.selenium.By$ByXPath.findElement(By.java:353)
	at org.openqa.selenium.remote.RemoteWebDriver.findElement(RemoteWebDriver.java:315)
	at org.openqa.selenium.support.pagefactory.DefaultElementLocator.findElement(DefaultElementLocator.java:69)
	at org.openqa.selenium.support.pagefactory.internal.LocatingElementHandler.invoke(LocatingElementHandler.java:38)
	at com.sun.proxy.$Proxy9.getText(Unknown Source)
	at com.qa.pages.RegistrationPage.getSignUpMessage(RegistrationPage.java:233)
	at com.qa.testCases.SignUpPageTest.SignUpFormTest(SignUpPageTest.java:55)
... Removed 29 stack frames
</div> <!-- stack-trace -->
                </div> <!-- method-content -->
              </div> <!-- method -->
            </div> <!-- main-panel-content rounded-window-bottom -->
          </div> <!-- suite-Suite-class-failed -->
          <div class="suite-Suite-class-failed">
            <div class="main-panel-header rounded-window-top">
              <img src="failed.png"/>
              <span class="class-name">com.qa.testCases.AddToFavouritePageTest</span>
            </div> <!-- main-panel-header rounded-window-top -->
            <div class="main-panel-content rounded-window-bottom">
              <div class="method">
                <div class="method-content">
                  <a name="deleteFavouriteAdTest">
                  </a> <!-- deleteFavouriteAdTest -->
                  <span class="method-name">deleteFavouriteAdTest</span>
                  <div class="stack-trace">org.openqa.selenium.NoSuchElementException: no such element: Unable to locate element: {&quot;method&quot;:&quot;xpath&quot;,&quot;selector&quot;:&quot;//i[@class=&apos;fa fa-times&apos;]&quot;}
  (Session info: chrome=72.0.3626.121)
  (Driver info: chromedriver=2.46.628388 (4a34a70827ac54148e092aafb70504c4ea7ae926),platform=Linux 4.4.0-142-generic x86_64) (WARNING: The server did not provide any stacktrace information)
Command duration or timeout: 0 milliseconds
For documentation on this error, please visit: https://www.seleniumhq.org/exceptions/no_such_element.html
Build info: version: &apos;3.141.59&apos;, revision: &apos;e82be7d358&apos;, time: &apos;2018-11-14T08:17:03&apos;
System info: host: &apos;saffron-H81M-S&apos;, ip: &apos;127.0.1.1&apos;, os.name: &apos;Linux&apos;, os.arch: &apos;amd64&apos;, os.version: &apos;4.4.0-142-generic&apos;, java.version: &apos;1.8.0_191&apos;
Driver info: org.openqa.selenium.chrome.ChromeDriver
Capabilities {acceptInsecureCerts: false, acceptSslCerts: false, applicationCacheEnabled: false, browserConnectionEnabled: false, browserName: chrome, chrome: {chromedriverVersion: 2.46.628388 (4a34a70827ac54..., userDataDir: /tmp/.org.chromium.Chromium...}, cssSelectorsEnabled: true, databaseEnabled: false, goog:chromeOptions: {debuggerAddress: localhost:44832}, handlesAlerts: true, hasTouchScreen: false, javascriptEnabled: true, locationContextEnabled: true, mobileEmulationEnabled: false, nativeEvents: true, networkConnectionEnabled: false, pageLoadStrategy: normal, platform: LINUX, platformName: LINUX, proxy: Proxy(), rotatable: false, setWindowRect: true, strictFileInteractability: false, takesHeapSnapshot: true, takesScreenshot: true, timeouts: {implicit: 0, pageLoad: 300000, script: 30000}, unexpectedAlertBehaviour: ignore, unhandledPromptBehavior: ignore, version: 72.0.3626.121, webStorageEnabled: true}
Session ID: 65ac2aa94ab66b4c787d379e2d0edc5d
*** Element info: {Using=xpath, value=//i[@class=&apos;fa fa-times&apos;]}
	at org.openqa.selenium.remote.ErrorHandler.createThrowable(ErrorHandler.java:214)
	at org.openqa.selenium.remote.ErrorHandler.throwIfResponseFailed(ErrorHandler.java:166)
	at org.openqa.selenium.remote.http.JsonHttpResponseCodec.reconstructValue(JsonHttpResponseCodec.java:40)
	at org.openqa.selenium.remote.http.AbstractHttpResponseCodec.decode(AbstractHttpResponseCodec.java:80)
	at org.openqa.selenium.remote.http.AbstractHttpResponseCodec.decode(AbstractHttpResponseCodec.java:44)
	at org.openqa.selenium.remote.HttpCommandExecutor.execute(HttpCommandExecutor.java:158)
	at org.openqa.selenium.remote.service.DriverCommandExecutor.execute(DriverCommandExecutor.java:83)
	at org.openqa.selenium.remote.RemoteWebDriver.execute(RemoteWebDriver.java:552)
	at org.openqa.selenium.remote.RemoteWebDriver.findElement(RemoteWebDriver.java:323)
	at org.openqa.selenium.remote.RemoteWebDriver.findElementByXPath(RemoteWebDriver.java:428)
	at org.openqa.selenium.By$ByXPath.findElement(By.java:353)
	at org.openqa.selenium.remote.RemoteWebDriver.findElement(RemoteWebDriver.java:315)
	at org.openqa.selenium.support.pagefactory.DefaultElementLocator.findElement(DefaultElementLocator.java:69)
	at org.openqa.selenium.support.pagefactory.internal.LocatingElementHandler.invoke(LocatingElementHandler.java:38)
	at com.sun.proxy.$Proxy9.click(Unknown Source)
	at com.qa.pages.AddToFavouritePage.verifyDeleteAd(AddToFavouritePage.java:95)
	at com.qa.testCases.AddToFavouritePageTest.deleteFavouriteAdTest(AddToFavouritePageTest.java:78)
... Removed 29 stack frames
</div> <!-- stack-trace -->
                </div> <!-- method-content -->
              </div> <!-- method -->
            </div> <!-- main-panel-content rounded-window-bottom -->
          </div> <!-- suite-Suite-class-failed -->
          <div class="suite-Suite-class-failed">
            <div class="main-panel-header rounded-window-top">
              <img src="failed.png"/>
              <span class="class-name">com.qa.testCases.SentEnquiryTest</span>
            </div> <!-- main-panel-header rounded-window-top -->
            <div class="main-panel-content rounded-window-bottom">
              <div class="method">
                <div class="method-content">
                  <a name="verifyEnquiredProductTest">
                  </a> <!-- verifyEnquiredProductTest -->
                  <span class="method-name">verifyEnquiredProductTest</span>
                  <div class="stack-trace">org.openqa.selenium.NoSuchElementException: no such element: Unable to locate element: {&quot;method&quot;:&quot;xpath&quot;,&quot;selector&quot;:&quot;//h2[text()=&apos; gfhf &apos;]&quot;}
  (Session info: chrome=72.0.3626.121)
  (Driver info: chromedriver=2.46.628388 (4a34a70827ac54148e092aafb70504c4ea7ae926),platform=Linux 4.4.0-142-generic x86_64) (WARNING: The server did not provide any stacktrace information)
Command duration or timeout: 0 milliseconds
For documentation on this error, please visit: https://www.seleniumhq.org/exceptions/no_such_element.html
Build info: version: &apos;3.141.59&apos;, revision: &apos;e82be7d358&apos;, time: &apos;2018-11-14T08:17:03&apos;
System info: host: &apos;saffron-H81M-S&apos;, ip: &apos;127.0.1.1&apos;, os.name: &apos;Linux&apos;, os.arch: &apos;amd64&apos;, os.version: &apos;4.4.0-142-generic&apos;, java.version: &apos;1.8.0_191&apos;
Driver info: org.openqa.selenium.chrome.ChromeDriver
Capabilities {acceptInsecureCerts: false, acceptSslCerts: false, applicationCacheEnabled: false, browserConnectionEnabled: false, browserName: chrome, chrome: {chromedriverVersion: 2.46.628388 (4a34a70827ac54..., userDataDir: /tmp/.org.chromium.Chromium...}, cssSelectorsEnabled: true, databaseEnabled: false, goog:chromeOptions: {debuggerAddress: localhost:39727}, handlesAlerts: true, hasTouchScreen: false, javascriptEnabled: true, locationContextEnabled: true, mobileEmulationEnabled: false, nativeEvents: true, networkConnectionEnabled: false, pageLoadStrategy: normal, platform: LINUX, platformName: LINUX, proxy: Proxy(), rotatable: false, setWindowRect: true, strictFileInteractability: false, takesHeapSnapshot: true, takesScreenshot: true, timeouts: {implicit: 0, pageLoad: 300000, script: 30000}, unexpectedAlertBehaviour: ignore, unhandledPromptBehavior: ignore, version: 72.0.3626.121, webStorageEnabled: true}
Session ID: 7f822c79b64001599bc882ee8a245575
*** Element info: {Using=xpath, value=//h2[text()=&apos; gfhf &apos;]}
	at org.openqa.selenium.remote.ErrorHandler.createThrowable(ErrorHandler.java:214)
	at org.openqa.selenium.remote.ErrorHandler.throwIfResponseFailed(ErrorHandler.java:166)
	at org.openqa.selenium.remote.http.JsonHttpResponseCodec.reconstructValue(JsonHttpResponseCodec.java:40)
	at org.openqa.selenium.remote.http.AbstractHttpResponseCodec.decode(AbstractHttpResponseCodec.java:80)
	at org.openqa.selenium.remote.http.AbstractHttpResponseCodec.decode(AbstractHttpResponseCodec.java:44)
	at org.openqa.selenium.remote.HttpCommandExecutor.execute(HttpCommandExecutor.java:158)
	at org.openqa.selenium.remote.service.DriverCommandExecutor.execute(DriverCommandExecutor.java:83)
	at org.openqa.selenium.remote.RemoteWebDriver.execute(RemoteWebDriver.java:552)
	at org.openqa.selenium.remote.RemoteWebDriver.findElement(RemoteWebDriver.java:323)
	at org.openqa.selenium.remote.RemoteWebDriver.findElementByXPath(RemoteWebDriver.java:428)
	at org.openqa.selenium.By$ByXPath.findElement(By.java:353)
	at org.openqa.selenium.remote.RemoteWebDriver.findElement(RemoteWebDriver.java:315)
	at org.openqa.selenium.support.pagefactory.DefaultElementLocator.findElement(DefaultElementLocator.java:69)
	at org.openqa.selenium.support.pagefactory.internal.LocatingElementHandler.invoke(LocatingElementHandler.java:38)
	at com.sun.proxy.$Proxy9.getText(Unknown Source)
	at com.qa.pages.SentEnquiryPage.verifyEnquiriedProduct(SentEnquiryPage.java:84)
	at com.qa.testCases.SentEnquiryTest.verifyEnquiredProductTest(SentEnquiryTest.java:63)
... Removed 29 stack frames
</div> <!-- stack-trace -->
                </div> <!-- method-content -->
              </div> <!-- method -->
            </div> <!-- main-panel-content rounded-window-bottom -->
          </div> <!-- suite-Suite-class-failed -->
          <div class="suite-Suite-class-failed">
            <div class="main-panel-header rounded-window-top">
              <img src="failed.png"/>
              <span class="class-name">com.qa.testCases.PostAddTest</span>
            </div> <!-- main-panel-header rounded-window-top -->
            <div class="main-panel-content rounded-window-bottom">
              <div class="method">
                <div class="method-content">
                  <a name="categoryCountTest">
                  </a> <!-- categoryCountTest -->
                  <span class="method-name">categoryCountTest</span>
                  <div class="stack-trace">org.openqa.selenium.NoSuchElementException: no such element: Unable to locate element: {&quot;method&quot;:&quot;xpath&quot;,&quot;selector&quot;:&quot;//select[@id=&apos;category_id&apos;]&quot;}
  (Session info: chrome=72.0.3626.121)
  (Driver info: chromedriver=2.46.628388 (4a34a70827ac54148e092aafb70504c4ea7ae926),platform=Linux 4.4.0-142-generic x86_64) (WARNING: The server did not provide any stacktrace information)
Command duration or timeout: 0 milliseconds
For documentation on this error, please visit: https://www.seleniumhq.org/exceptions/no_such_element.html
Build info: version: &apos;3.141.59&apos;, revision: &apos;e82be7d358&apos;, time: &apos;2018-11-14T08:17:03&apos;
System info: host: &apos;saffron-H81M-S&apos;, ip: &apos;127.0.1.1&apos;, os.name: &apos;Linux&apos;, os.arch: &apos;amd64&apos;, os.version: &apos;4.4.0-142-generic&apos;, java.version: &apos;1.8.0_191&apos;
Driver info: org.openqa.selenium.chrome.ChromeDriver
Capabilities {acceptInsecureCerts: false, acceptSslCerts: false, applicationCacheEnabled: false, browserConnectionEnabled: false, browserName: chrome, chrome: {chromedriverVersion: 2.46.628388 (4a34a70827ac54..., userDataDir: /tmp/.org.chromium.Chromium...}, cssSelectorsEnabled: true, databaseEnabled: false, goog:chromeOptions: {debuggerAddress: localhost:46764}, handlesAlerts: true, hasTouchScreen: false, javascriptEnabled: true, locationContextEnabled: true, mobileEmulationEnabled: false, nativeEvents: true, networkConnectionEnabled: false, pageLoadStrategy: normal, platform: LINUX, platformName: LINUX, proxy: Proxy(), rotatable: false, setWindowRect: true, strictFileInteractability: false, takesHeapSnapshot: true, takesScreenshot: true, timeouts: {implicit: 0, pageLoad: 300000, script: 30000}, unexpectedAlertBehaviour: ignore, unhandledPromptBehavior: ignore, version: 72.0.3626.121, webStorageEnabled: true}
Session ID: 66c7bd3099a79c83f409ed4ba94000de
*** Element info: {Using=xpath, value=//select[@id=&apos;category_id&apos;]}
	at org.openqa.selenium.remote.ErrorHandler.createThrowable(ErrorHandler.java:214)
	at org.openqa.selenium.remote.ErrorHandler.throwIfResponseFailed(ErrorHandler.java:166)
	at org.openqa.selenium.remote.http.JsonHttpResponseCodec.reconstructValue(JsonHttpResponseCodec.java:40)
	at org.openqa.selenium.remote.http.AbstractHttpResponseCodec.decode(AbstractHttpResponseCodec.java:80)
	at org.openqa.selenium.remote.http.AbstractHttpResponseCodec.decode(AbstractHttpResponseCodec.java:44)
	at org.openqa.selenium.remote.HttpCommandExecutor.execute(HttpCommandExecutor.java:158)
	at org.openqa.selenium.remote.service.DriverCommandExecutor.execute(DriverCommandExecutor.java:83)
	at org.openqa.selenium.remote.RemoteWebDriver.execute(RemoteWebDriver.java:552)
	at org.openqa.selenium.remote.RemoteWebDriver.findElement(RemoteWebDriver.java:323)
	at org.openqa.selenium.remote.RemoteWebDriver.findElementByXPath(RemoteWebDriver.java:428)
	at org.openqa.selenium.By$ByXPath.findElement(By.java:353)
	at org.openqa.selenium.remote.RemoteWebDriver.findElement(RemoteWebDriver.java:315)
	at com.qa.pages.PostAddPage.countCategoryonPostAddPage(PostAddPage.java:207)
	at com.qa.testCases.PostAddTest.categoryCountTest(PostAddTest.java:83)
... Removed 29 stack frames
</div> <!-- stack-trace -->
                </div> <!-- method-content -->
              </div> <!-- method -->
              <div class="method">
                <div class="method-content">
                  <a name="verfyPostAdPageTest">
                  </a> <!-- verfyPostAdPageTest -->
                  <span class="method-name">verfyPostAdPageTest</span>
                  <div class="stack-trace">org.openqa.selenium.NoSuchElementException: no such element: Unable to locate element: {&quot;method&quot;:&quot;xpath&quot;,&quot;selector&quot;:&quot;//h3[text()=&apos; Post Your Free Ads &apos;]&quot;}
  (Session info: chrome=72.0.3626.121)
  (Driver info: chromedriver=2.46.628388 (4a34a70827ac54148e092aafb70504c4ea7ae926),platform=Linux 4.4.0-142-generic x86_64) (WARNING: The server did not provide any stacktrace information)
Command duration or timeout: 0 milliseconds
For documentation on this error, please visit: https://www.seleniumhq.org/exceptions/no_such_element.html
Build info: version: &apos;3.141.59&apos;, revision: &apos;e82be7d358&apos;, time: &apos;2018-11-14T08:17:03&apos;
System info: host: &apos;saffron-H81M-S&apos;, ip: &apos;127.0.1.1&apos;, os.name: &apos;Linux&apos;, os.arch: &apos;amd64&apos;, os.version: &apos;4.4.0-142-generic&apos;, java.version: &apos;1.8.0_191&apos;
Driver info: org.openqa.selenium.chrome.ChromeDriver
Capabilities {acceptInsecureCerts: false, acceptSslCerts: false, applicationCacheEnabled: false, browserConnectionEnabled: false, browserName: chrome, chrome: {chromedriverVersion: 2.46.628388 (4a34a70827ac54..., userDataDir: /tmp/.org.chromium.Chromium...}, cssSelectorsEnabled: true, databaseEnabled: false, goog:chromeOptions: {debuggerAddress: localhost:36923}, handlesAlerts: true, hasTouchScreen: false, javascriptEnabled: true, locationContextEnabled: true, mobileEmulationEnabled: false, nativeEvents: true, networkConnectionEnabled: false, pageLoadStrategy: normal, platform: LINUX, platformName: LINUX, proxy: Proxy(), rotatable: false, setWindowRect: true, strictFileInteractability: false, takesHeapSnapshot: true, takesScreenshot: true, timeouts: {implicit: 0, pageLoad: 300000, script: 30000}, unexpectedAlertBehaviour: ignore, unhandledPromptBehavior: ignore, version: 72.0.3626.121, webStorageEnabled: true}
Session ID: 2e08ff0760bf4a5a73fdca3cb64e307a
*** Element info: {Using=xpath, value=//h3[text()=&apos; Post Your Free Ads &apos;]}
	at org.openqa.selenium.remote.ErrorHandler.createThrowable(ErrorHandler.java:214)
	at org.openqa.selenium.remote.ErrorHandler.throwIfResponseFailed(ErrorHandler.java:166)
	at org.openqa.selenium.remote.http.JsonHttpResponseCodec.reconstructValue(JsonHttpResponseCodec.java:40)
	at org.openqa.selenium.remote.http.AbstractHttpResponseCodec.decode(AbstractHttpResponseCodec.java:80)
	at org.openqa.selenium.remote.http.AbstractHttpResponseCodec.decode(AbstractHttpResponseCodec.java:44)
	at org.openqa.selenium.remote.HttpCommandExecutor.execute(HttpCommandExecutor.java:158)
	at org.openqa.selenium.remote.service.DriverCommandExecutor.execute(DriverCommandExecutor.java:83)
	at org.openqa.selenium.remote.RemoteWebDriver.execute(RemoteWebDriver.java:552)
	at org.openqa.selenium.remote.RemoteWebDriver.findElement(RemoteWebDriver.java:323)
	at org.openqa.selenium.remote.RemoteWebDriver.findElementByXPath(RemoteWebDriver.java:428)
	at org.openqa.selenium.By$ByXPath.findElement(By.java:353)
	at org.openqa.selenium.remote.RemoteWebDriver.findElement(RemoteWebDriver.java:315)
	at com.qa.pages.PostAddPage.verifyPostFreeAdPage(PostAddPage.java:193)
	at com.qa.testCases.PostAddTest.verfyPostAdPageTest(PostAddTest.java:61)
... Removed 29 stack frames
</div> <!-- stack-trace -->
                </div> <!-- method-content -->
              </div> <!-- method -->
            </div> <!-- main-panel-content rounded-window-bottom -->
          </div> <!-- suite-Suite-class-failed -->
          <div class="suite-Suite-class-passed">
            <div class="main-panel-header rounded-window-top">
              <img src="passed.png"/>
              <span class="class-name">com.qa.testCases.EditAdTest</span>
            </div> <!-- main-panel-header rounded-window-top -->
            <div class="main-panel-content rounded-window-bottom">
              <div class="method">
                <div class="method-content">
                  <a name="UpdateAdPageTitleTest">
                  </a> <!-- UpdateAdPageTitleTest -->
                  <span class="method-name">UpdateAdPageTitleTest</span>
                </div> <!-- method-content -->
              </div> <!-- method -->
              <div class="method">
                <div class="method-content">
                  <a name="UpdateAdTest">
                  </a> <!-- UpdateAdTest -->
                  <span class="method-name">UpdateAdTest</span>
                </div> <!-- method-content -->
              </div> <!-- method -->
              <div class="method">
                <div class="method-content">
                  <a name="editButtonClickabilityTest">
                  </a> <!-- editButtonClickabilityTest -->
                  <span class="method-name">editButtonClickabilityTest</span>
                </div> <!-- method-content -->
              </div> <!-- method -->
            </div> <!-- main-panel-content rounded-window-bottom -->
          </div> <!-- suite-Suite-class-passed -->
          <div class="suite-Suite-class-passed">
            <div class="main-panel-header rounded-window-top">
              <img src="passed.png"/>
              <span class="class-name">com.qa.testCases.ReceivedEnquiryPageTest</span>
            </div> <!-- main-panel-header rounded-window-top -->
            <div class="main-panel-content rounded-window-bottom">
              <div class="method">
                <div class="method-content">
                  <a name="DeleteReceivedEnquiryTest">
                  </a> <!-- DeleteReceivedEnquiryTest -->
                  <span class="method-name">DeleteReceivedEnquiryTest</span>
                </div> <!-- method-content -->
              </div> <!-- method -->
              <div class="method">
                <div class="method-content">
                  <a name="deleteLinkClickabilityTest">
                  </a> <!-- deleteLinkClickabilityTest -->
                  <span class="method-name">deleteLinkClickabilityTest</span>
                </div> <!-- method-content -->
              </div> <!-- method -->
              <div class="method">
                <div class="method-content">
                  <a name="productLinkClickabiltyTest">
                  </a> <!-- productLinkClickabiltyTest -->
                  <span class="method-name">productLinkClickabiltyTest</span>
                </div> <!-- method-content -->
              </div> <!-- method -->
              <div class="method">
                <div class="method-content">
                  <a name="receivedEnquiryPageTitleTest">
                  </a> <!-- receivedEnquiryPageTitleTest -->
                  <span class="method-name">receivedEnquiryPageTitleTest</span>
                </div> <!-- method-content -->
              </div> <!-- method -->
              <div class="method">
                <div class="method-content">
                  <a name="receivedLinkClickabilityTest">
                  </a> <!-- receivedLinkClickabilityTest -->
                  <span class="method-name">receivedLinkClickabilityTest</span>
                </div> <!-- method-content -->
              </div> <!-- method -->
              <div class="method">
                <div class="method-content">
                  <a name="verifyproductLinkOnProductPageTest">
                  </a> <!-- verifyproductLinkOnProductPageTest -->
                  <span class="method-name">verifyproductLinkOnProductPageTest</span>
                </div> <!-- method-content -->
              </div> <!-- method -->
            </div> <!-- main-panel-content rounded-window-bottom -->
          </div> <!-- suite-Suite-class-passed -->
          <div class="suite-Suite-class-passed">
            <div class="main-panel-header rounded-window-top">
              <img src="passed.png"/>
              <span class="class-name">com.qa.testCases.CategoriesPageTest</span>
            </div> <!-- main-panel-header rounded-window-top -->
            <div class="main-panel-content rounded-window-bottom">
              <div class="method">
                <div class="method-content">
                  <a name="categoryMenuClickabilityTest">
                  </a> <!-- categoryMenuClickabilityTest -->
                  <span class="method-name">categoryMenuClickabilityTest</span>
                </div> <!-- method-content -->
              </div> <!-- method -->
              <div class="method">
                <div class="method-content">
                  <a name="countArtBookssubcategories">
                  </a> <!-- countArtBookssubcategories -->
                  <span class="method-name">countArtBookssubcategories</span>
                </div> <!-- method-content -->
              </div> <!-- method -->
              <div class="method">
                <div class="method-content">
                  <a name="countAutomotivesubcategories">
                  </a> <!-- countAutomotivesubcategories -->
                  <span class="method-name">countAutomotivesubcategories</span>
                </div> <!-- method-content -->
              </div> <!-- method -->
              <div class="method">
                <div class="method-content">
                  <a name="countBoatsAndSkisSubcategories">
                  </a> <!-- countBoatsAndSkisSubcategories -->
                  <span class="method-name">countBoatsAndSkisSubcategories</span>
                </div> <!-- method-content -->
              </div> <!-- method -->
              <div class="method">
                <div class="method-content">
                  <a name="countCategoryTest">
                  </a> <!-- countCategoryTest -->
                  <span class="method-name">countCategoryTest</span>
                </div> <!-- method-content -->
              </div> <!-- method -->
              <div class="method">
                <div class="method-content">
                  <a name="countClothesAndJewelSubcategories">
                  </a> <!-- countClothesAndJewelSubcategories -->
                  <span class="method-name">countClothesAndJewelSubcategories</span>
                </div> <!-- method-content -->
              </div> <!-- method -->
              <div class="method">
                <div class="method-content">
                  <a name="countCommunitySubCategories">
                  </a> <!-- countCommunitySubCategories -->
                  <span class="method-name">countCommunitySubCategories</span>
                </div> <!-- method-content -->
              </div> <!-- method -->
              <div class="method">
                <div class="method-content">
                  <a name="countConsumerElectronicsSubcategories">
                  </a> <!-- countConsumerElectronicsSubcategories -->
                  <span class="method-name">countConsumerElectronicsSubcategories</span>
                </div> <!-- method-content -->
              </div> <!-- method -->
              <div class="method">
                <div class="method-content">
                  <a name="countDiscussionForumsSubcategories">
                  </a> <!-- countDiscussionForumsSubcategories -->
                  <span class="method-name">countDiscussionForumsSubcategories</span>
                </div> <!-- method-content -->
              </div> <!-- method -->
              <div class="method">
                <div class="method-content">
                  <a name="countJobsSubcategories">
                  </a> <!-- countJobsSubcategories -->
                  <span class="method-name">countJobsSubcategories</span>
                </div> <!-- method-content -->
              </div> <!-- method -->
              <div class="method">
                <div class="method-content">
                  <a name="countLocalPlacesSubcategories">
                  </a> <!-- countLocalPlacesSubcategories -->
                  <span class="method-name">countLocalPlacesSubcategories</span>
                </div> <!-- method-content -->
              </div> <!-- method -->
              <div class="method">
                <div class="method-content">
                  <a name="countOthersSubcategories">
                  </a> <!-- countOthersSubcategories -->
                  <span class="method-name">countOthersSubcategories</span>
                </div> <!-- method-content -->
              </div> <!-- method -->
              <div class="method">
                <div class="method-content">
                  <a name="countPetsSubcategories">
                  </a> <!-- countPetsSubcategories -->
                  <span class="method-name">countPetsSubcategories</span>
                </div> <!-- method-content -->
              </div> <!-- method -->
              <div class="method">
                <div class="method-content">
                  <a name="countRealEstateSubcategories">
                  </a> <!-- countRealEstateSubcategories -->
                  <span class="method-name">countRealEstateSubcategories</span>
                </div> <!-- method-content -->
              </div> <!-- method -->
              <div class="method">
                <div class="method-content">
                  <a name="countResumesSubcategories">
                  </a> <!-- countResumesSubcategories -->
                  <span class="method-name">countResumesSubcategories</span>
                </div> <!-- method-content -->
              </div> <!-- method -->
              <div class="method">
                <div class="method-content">
                  <a name="countServicesSubcategories">
                  </a> <!-- countServicesSubcategories -->
                  <span class="method-name">countServicesSubcategories</span>
                </div> <!-- method-content -->
              </div> <!-- method -->
            </div> <!-- main-panel-content rounded-window-bottom -->
          </div> <!-- suite-Suite-class-passed -->
          <div class="suite-Suite-class-passed">
            <div class="main-panel-header rounded-window-top">
              <img src="passed.png"/>
              <span class="class-name">com.qa.testCases.PastAdTest</span>
            </div> <!-- main-panel-header rounded-window-top -->
            <div class="main-panel-content rounded-window-bottom">
              <div class="method">
                <div class="method-content">
                  <a name="noPastAdMessageTest">
                  </a> <!-- noPastAdMessageTest -->
                  <span class="method-name">noPastAdMessageTest</span>
                </div> <!-- method-content -->
              </div> <!-- method -->
              <div class="method">
                <div class="method-content">
                  <a name="pastAdClickability">
                  </a> <!-- pastAdClickability -->
                  <span class="method-name">pastAdClickability</span>
                </div> <!-- method-content -->
              </div> <!-- method -->
              <div class="method">
                <div class="method-content">
                  <a name="pastAdPageTitletest">
                  </a> <!-- pastAdPageTitletest -->
                  <span class="method-name">pastAdPageTitletest</span>
                </div> <!-- method-content -->
              </div> <!-- method -->
            </div> <!-- main-panel-content rounded-window-bottom -->
          </div> <!-- suite-Suite-class-passed -->
          <div class="suite-Suite-class-passed">
            <div class="main-panel-header rounded-window-top">
              <img src="passed.png"/>
              <span class="class-name">com.qa.testCases.SignUpPageTest</span>
            </div> <!-- main-panel-header rounded-window-top -->
            <div class="main-panel-content rounded-window-bottom">
              <div class="method">
                <div class="method-content">
                  <a name="SignUpPlaceholderTest">
                  </a> <!-- SignUpPlaceholderTest -->
                  <span class="method-name">SignUpPlaceholderTest</span>
                </div> <!-- method-content -->
              </div> <!-- method -->
              <div class="method">
                <div class="method-content">
                  <a name="SignUpPopUpTest">
                  </a> <!-- SignUpPopUpTest -->
                  <span class="method-name">SignUpPopUpTest</span>
                </div> <!-- method-content -->
              </div> <!-- method -->
              <div class="method">
                <div class="method-content">
                  <a name="checkBoxSelectionTest">
                  </a> <!-- checkBoxSelectionTest -->
                  <span class="method-name">checkBoxSelectionTest</span>
                </div> <!-- method-content -->
              </div> <!-- method -->
              <div class="method">
                <div class="method-content">
                  <a name="checkBoxValidationTest">
                  </a> <!-- checkBoxValidationTest -->
                  <span class="method-name">checkBoxValidationTest</span>
                </div> <!-- method-content -->
              </div> <!-- method -->
              <div class="method">
                <div class="method-content">
                  <a name="invalidEmailTest">
                  </a> <!-- invalidEmailTest -->
                  <span class="method-name">invalidEmailTest</span>
                </div> <!-- method-content -->
              </div> <!-- method -->
              <div class="method">
                <div class="method-content">
                  <a name="maximumPasswordLenghtValidationTest">
                  </a> <!-- maximumPasswordLenghtValidationTest -->
                  <span class="method-name">maximumPasswordLenghtValidationTest</span>
                </div> <!-- method-content -->
              </div> <!-- method -->
              <div class="method">
                <div class="method-content">
                  <a name="passwordAndConfirmPasswordMismatchTest">
                  </a> <!-- passwordAndConfirmPasswordMismatchTest -->
                  <span class="method-name">passwordAndConfirmPasswordMismatchTest</span>
                </div> <!-- method-content -->
              </div> <!-- method -->
              <div class="method">
                <div class="method-content">
                  <a name="privacyPolicyLinksTest">
                  </a> <!-- privacyPolicyLinksTest -->
                  <span class="method-name">privacyPolicyLinksTest</span>
                </div> <!-- method-content -->
              </div> <!-- method -->
              <div class="method">
                <div class="method-content">
                  <a name="signUpWithTabTest">
                  </a> <!-- signUpWithTabTest -->
                  <span class="method-name">signUpWithTabTest</span>
                </div> <!-- method-content -->
              </div> <!-- method -->
              <div class="method">
                <div class="method-content">
                  <a name="signUpWithalreadyRegisteredEmail">
                  </a> <!-- signUpWithalreadyRegisteredEmail -->
                  <span class="method-name">signUpWithalreadyRegisteredEmail</span>
                </div> <!-- method-content -->
              </div> <!-- method -->
              <div class="method">
                <div class="method-content">
                  <a name="termsAndConditionsLinkTest">
                  </a> <!-- termsAndConditionsLinkTest -->
                  <span class="method-name">termsAndConditionsLinkTest</span>
                </div> <!-- method-content -->
              </div> <!-- method -->
              <div class="method">
                <div class="method-content">
                  <a name="usernameValidationTest">
                  </a> <!-- usernameValidationTest -->
                  <span class="method-name">usernameValidationTest</span>
                </div> <!-- method-content -->
              </div> <!-- method -->
            </div> <!-- main-panel-content rounded-window-bottom -->
          </div> <!-- suite-Suite-class-passed -->
          <div class="suite-Suite-class-passed">
            <div class="main-panel-header rounded-window-top">
              <img src="passed.png"/>
              <span class="class-name">com.qa.testCases.AddToFavouritePageTest</span>
            </div> <!-- main-panel-header rounded-window-top -->
            <div class="main-panel-content rounded-window-bottom">
              <div class="method">
                <div class="method-content">
                  <a name="favouriteAdLinkClickabilityTest">
                  </a> <!-- favouriteAdLinkClickabilityTest -->
                  <span class="method-name">favouriteAdLinkClickabilityTest</span>
                </div> <!-- method-content -->
              </div> <!-- method -->
              <div class="method">
                <div class="method-content">
                  <a name="favouriteAdPageTitleTest">
                  </a> <!-- favouriteAdPageTitleTest -->
                  <span class="method-name">favouriteAdPageTitleTest</span>
                </div> <!-- method-content -->
              </div> <!-- method -->
              <div class="method">
                <div class="method-content">
                  <a name="favouriteIconEnableTest">
                  </a> <!-- favouriteIconEnableTest -->
                  <span class="method-name">favouriteIconEnableTest</span>
                </div> <!-- method-content -->
              </div> <!-- method -->
              <div class="method">
                <div class="method-content">
                  <a name="favouriteVerificationTest">
                  </a> <!-- favouriteVerificationTest -->
                  <span class="method-name">favouriteVerificationTest</span>
                </div> <!-- method-content -->
              </div> <!-- method -->
            </div> <!-- main-panel-content rounded-window-bottom -->
          </div> <!-- suite-Suite-class-passed -->
          <div class="suite-Suite-class-passed">
            <div class="main-panel-header rounded-window-top">
              <img src="passed.png"/>
              <span class="class-name">com.qa.testCases.MyAccountPageTest</span>
            </div> <!-- main-panel-header rounded-window-top -->
            <div class="main-panel-content rounded-window-bottom">
              <div class="method">
                <div class="method-content">
                  <a name="MyAccountButtonClickabilityTest">
                  </a> <!-- MyAccountButtonClickabilityTest -->
                  <span class="method-name">MyAccountButtonClickabilityTest</span>
                </div> <!-- method-content -->
              </div> <!-- method -->
              <div class="method">
                <div class="method-content">
                  <a name="SubscriptioTypeButtonClickabilityTest">
                  </a> <!-- SubscriptioTypeButtonClickabilityTest -->
                  <span class="method-name">SubscriptioTypeButtonClickabilityTest</span>
                </div> <!-- method-content -->
              </div> <!-- method -->
              <div class="method">
                <div class="method-content">
                  <a name="SwitchToPayPalLoginTest">
                  </a> <!-- SwitchToPayPalLoginTest -->
                  <span class="method-name">SwitchToPayPalLoginTest</span>
                </div> <!-- method-content -->
              </div> <!-- method -->
              <div class="method">
                <div class="method-content">
                  <a name="editButtonClickabilityTest">
                  </a> <!-- editButtonClickabilityTest -->
                  <span class="method-name">editButtonClickabilityTest</span>
                </div> <!-- method-content -->
              </div> <!-- method -->
              <div class="method">
                <div class="method-content">
                  <a name="fieldDisabilityTestBeforEdit">
                  </a> <!-- fieldDisabilityTestBeforEdit -->
                  <span class="method-name">fieldDisabilityTestBeforEdit</span>
                </div> <!-- method-content -->
              </div> <!-- method -->
              <div class="method">
                <div class="method-content">
                  <a name="myAccountPageTitleTest">
                  </a> <!-- myAccountPageTitleTest -->
                  <span class="method-name">myAccountPageTitleTest</span>
                </div> <!-- method-content -->
              </div> <!-- method -->
              <div class="method">
                <div class="method-content">
                  <a name="upGradeNowButtonClickabilityTest">
                  </a> <!-- upGradeNowButtonClickabilityTest -->
                  <span class="method-name">upGradeNowButtonClickabilityTest</span>
                </div> <!-- method-content -->
              </div> <!-- method -->
              <div class="method">
                <div class="method-content">
                  <a name="updateAccountInfoTest">
                  </a> <!-- updateAccountInfoTest -->
                  <span class="method-name">updateAccountInfoTest</span>
                </div> <!-- method-content -->
              </div> <!-- method -->
              <div class="method">
                <div class="method-content">
                  <a name="upgradeNowPageTest">
                  </a> <!-- upgradeNowPageTest -->
                  <span class="method-name">upgradeNowPageTest</span>
                </div> <!-- method-content -->
              </div> <!-- method -->
            </div> <!-- main-panel-content rounded-window-bottom -->
          </div> <!-- suite-Suite-class-passed -->
          <div class="suite-Suite-class-passed">
            <div class="main-panel-header rounded-window-top">
              <img src="passed.png"/>
              <span class="class-name">com.qa.testCases.SentEnquiryTest</span>
            </div> <!-- main-panel-header rounded-window-top -->
            <div class="main-panel-content rounded-window-bottom">
              <div class="method">
                <div class="method-content">
                  <a name="deleteSentEnquiryTest">
                  </a> <!-- deleteSentEnquiryTest -->
                  <span class="method-name">deleteSentEnquiryTest</span>
                </div> <!-- method-content -->
              </div> <!-- method -->
              <div class="method">
                <div class="method-content">
                  <a name="sentEnquiryLinkTest">
                  </a> <!-- sentEnquiryLinkTest -->
                  <span class="method-name">sentEnquiryLinkTest</span>
                </div> <!-- method-content -->
              </div> <!-- method -->
              <div class="method">
                <div class="method-content">
                  <a name="sentEnquiryPageTitleTest">
                  </a> <!-- sentEnquiryPageTitleTest -->
                  <span class="method-name">sentEnquiryPageTitleTest</span>
                </div> <!-- method-content -->
              </div> <!-- method -->
              <div class="method">
                <div class="method-content">
                  <a name="verifyLinkOnSentEnquiryPageTest">
                  </a> <!-- verifyLinkOnSentEnquiryPageTest -->
                  <span class="method-name">verifyLinkOnSentEnquiryPageTest</span>
                </div> <!-- method-content -->
              </div> <!-- method -->
            </div> <!-- main-panel-content rounded-window-bottom -->
          </div> <!-- suite-Suite-class-passed -->
          <div class="suite-Suite-class-passed">
            <div class="main-panel-header rounded-window-top">
              <img src="passed.png"/>
              <span class="class-name">com.qa.testCases.EnquiryPageTest</span>
            </div> <!-- main-panel-header rounded-window-top -->
            <div class="main-panel-content rounded-window-bottom">
              <div class="method">
                <div class="method-content">
                  <a name="EnquirySectionTest">
                  </a> <!-- EnquirySectionTest -->
                  <span class="method-name">EnquirySectionTest</span>
                </div> <!-- method-content -->
              </div> <!-- method -->
              <div class="method">
                <div class="method-content">
                  <a name="chooseFileOfEnquirySectiontest">
                  </a> <!-- chooseFileOfEnquirySectiontest -->
                  <span class="method-name">chooseFileOfEnquirySectiontest</span>
                </div> <!-- method-content -->
              </div> <!-- method -->
              <div class="method">
                <div class="method-content">
                  <a name="descriptionFieldValidationMessageTest">
                  </a> <!-- descriptionFieldValidationMessageTest -->
                  <span class="method-name">descriptionFieldValidationMessageTest</span>
                </div> <!-- method-content -->
              </div> <!-- method -->
              <div class="method">
                <div class="method-content">
                  <a name="emailidFieldDisabilityTest">
                  </a> <!-- emailidFieldDisabilityTest -->
                  <span class="method-name">emailidFieldDisabilityTest</span>
                </div> <!-- method-content -->
              </div> <!-- method -->
              <div class="method">
                <div class="method-content">
                  <a name="remainingCharacterLengthDescriptionTest">
                  </a> <!-- remainingCharacterLengthDescriptionTest -->
                  <span class="method-name">remainingCharacterLengthDescriptionTest</span>
                </div> <!-- method-content -->
              </div> <!-- method -->
              <div class="method">
                <div class="method-content">
                  <a name="sendEnquiryTest">
                  </a> <!-- sendEnquiryTest -->
                  <span class="method-name">sendEnquiryTest</span>
                </div> <!-- method-content -->
              </div> <!-- method -->
              <div class="method">
                <div class="method-content">
                  <a name="subjectFieldValidationMessageTest">
                  </a> <!-- subjectFieldValidationMessageTest -->
                  <span class="method-name">subjectFieldValidationMessageTest</span>
                </div> <!-- method-content -->
              </div> <!-- method -->
              <div class="method">
                <div class="method-content">
                  <a name="textboxPlaceholderTest">
                  </a> <!-- textboxPlaceholderTest -->
                  <span class="method-name">textboxPlaceholderTest</span>
                </div> <!-- method-content -->
              </div> <!-- method -->
            </div> <!-- main-panel-content rounded-window-bottom -->
          </div> <!-- suite-Suite-class-passed -->
          <div class="suite-Suite-class-passed">
            <div class="main-panel-header rounded-window-top">
              <img src="passed.png"/>
              <span class="class-name">com.qa.testCases.PostAddTest</span>
            </div> <!-- main-panel-header rounded-window-top -->
            <div class="main-panel-content rounded-window-bottom">
              <div class="method">
                <div class="method-content">
                  <a name="SubCategoryCorresspondingCategoryTest">
                  </a> <!-- SubCategoryCorresspondingCategoryTest -->
                  <span class="method-name">SubCategoryCorresspondingCategoryTest</span>
                </div> <!-- method-content -->
              </div> <!-- method -->
              <div class="method">
                <div class="method-content">
                  <a name="VerifydeleteAdTest">
                  </a> <!-- VerifydeleteAdTest -->
                  <span class="method-name">VerifydeleteAdTest</span>
                </div> <!-- method-content -->
              </div> <!-- method -->
              <div class="method">
                <div class="method-content">
                  <a name="postAddButtonClickabilityTest">
                  </a> <!-- postAddButtonClickabilityTest -->
                  <span class="method-name">postAddButtonClickabilityTest</span>
                </div> <!-- method-content -->
              </div> <!-- method -->
              <div class="method">
                <div class="method-content">
                  <a name="postAddTest">
                  </a> <!-- postAddTest -->
                  <span class="method-name">postAddTest</span>
                </div> <!-- method-content -->
              </div> <!-- method -->
              <div class="method">
                <div class="method-content">
                  <a name="requiredFieldValidationTest">
                  </a> <!-- requiredFieldValidationTest -->
                  <span class="method-name">requiredFieldValidationTest</span>
                </div> <!-- method-content -->
              </div> <!-- method -->
              <div class="method">
                <div class="method-content">
                  <a name="requiredFieldVerificationTest">
                  </a> <!-- requiredFieldVerificationTest -->
                  <span class="method-name">requiredFieldVerificationTest</span>
                </div> <!-- method-content -->
              </div> <!-- method -->
              <div class="method">
                <div class="method-content">
                  <a name="tabFunctionalityOfPostAdFormTest">
                  </a> <!-- tabFunctionalityOfPostAdFormTest -->
                  <span class="method-name">tabFunctionalityOfPostAdFormTest</span>
                </div> <!-- method-content -->
              </div> <!-- method -->
              <div class="method">
                <div class="method-content">
                  <a name="uploadImageTest">
                  </a> <!-- uploadImageTest -->
                  <span class="method-name">uploadImageTest</span>
                </div> <!-- method-content -->
              </div> <!-- method -->
            </div> <!-- main-panel-content rounded-window-bottom -->
          </div> <!-- suite-Suite-class-passed -->
          <div class="suite-Suite-class-passed">
            <div class="main-panel-header rounded-window-top">
              <img src="passed.png"/>
              <span class="class-name">com.qa.testCases.LoginPageTest</span>
            </div> <!-- main-panel-header rounded-window-top -->
            <div class="main-panel-content rounded-window-bottom">
              <div class="method">
                <div class="method-content">
                  <a name="ForgotPasswordToLoginPopUpSwitchTest">
                  </a> <!-- ForgotPasswordToLoginPopUpSwitchTest -->
                  <span class="method-name">ForgotPasswordToLoginPopUpSwitchTest</span>
                </div> <!-- method-content -->
              </div> <!-- method -->
              <div class="method">
                <div class="method-content">
                  <a name="forgotPasswordTest">
                  </a> <!-- forgotPasswordTest -->
                  <span class="method-name">forgotPasswordTest</span>
                </div> <!-- method-content -->
              </div> <!-- method -->
              <div class="method">
                <div class="method-content">
                  <a name="inValidEmailTest">
                  </a> <!-- inValidEmailTest -->
                  <span class="method-name">inValidEmailTest</span>
                </div> <!-- method-content -->
              </div> <!-- method -->
              <div class="method">
                <div class="method-content">
                  <a name="loginTest">
                  </a> <!-- loginTest -->
                  <span class="method-name">loginTest</span>
                </div> <!-- method-content -->
              </div> <!-- method -->
              <div class="method">
                <div class="method-content">
                  <a name="loginWithNotMatchedRecoredsTest">
                  </a> <!-- loginWithNotMatchedRecoredsTest -->
                  <span class="method-name">loginWithNotMatchedRecoredsTest</span>
                </div> <!-- method-content -->
              </div> <!-- method -->
              <div class="method">
                <div class="method-content">
                  <a name="loginpageValidationTest">
                  </a> <!-- loginpageValidationTest -->
                  <span class="method-name">loginpageValidationTest</span>
                </div> <!-- method-content -->
              </div> <!-- method -->
            </div> <!-- main-panel-content rounded-window-bottom -->
          </div> <!-- suite-Suite-class-passed -->
          <div class="suite-Suite-class-passed">
            <div class="main-panel-header rounded-window-top">
              <img src="passed.png"/>
              <span class="class-name">com.qa.testCases.SearchPageTest</span>
            </div> <!-- main-panel-header rounded-window-top -->
            <div class="main-panel-content rounded-window-bottom">
              <div class="method">
                <div class="method-content">
                  <a name="NoResultFoundOnSearchTest">
                  </a> <!-- NoResultFoundOnSearchTest -->
                  <span class="method-name">NoResultFoundOnSearchTest</span>
                </div> <!-- method-content -->
              </div> <!-- method -->
              <div class="method">
                <div class="method-content">
                  <a name="placeholderTest">
                  </a> <!-- placeholderTest -->
                  <span class="method-name">placeholderTest</span>
                </div> <!-- method-content -->
              </div> <!-- method -->
              <div class="method">
                <div class="method-content">
                  <a name="searchButtonClickabilityTest">
                  </a> <!-- searchButtonClickabilityTest -->
                  <span class="method-name">searchButtonClickabilityTest</span>
                </div> <!-- method-content -->
              </div> <!-- method -->
              <div class="method">
                <div class="method-content">
                  <a name="searchWithEmptyKeywordTest">
                  </a> <!-- searchWithEmptyKeywordTest -->
                  <span class="method-name">searchWithEmptyKeywordTest</span>
                </div> <!-- method-content -->
              </div> <!-- method -->
              <div class="method">
                <div class="method-content">
                  <a name="verifySearchResultTest">
                  </a> <!-- verifySearchResultTest -->
                  <span class="method-name">verifySearchResultTest</span>
                </div> <!-- method-content -->
              </div> <!-- method -->
            </div> <!-- main-panel-content rounded-window-bottom -->
          </div> <!-- suite-Suite-class-passed -->
        </div> <!-- panel Suite -->
        <div panel-name="test-xml-Suite" class="panel">
          <div class="main-panel-header rounded-window-top">
            <span class="header-content">/home/day/eclipse-workspace/WeeklyPaper/testng.xml</span>
          </div> <!-- main-panel-header rounded-window-top -->
          <div class="main-panel-content rounded-window-bottom">
            <pre>
&lt;?xml version=&quot;1.0&quot; encoding=&quot;UTF-8&quot;?&gt;
&lt;!DOCTYPE suite SYSTEM &quot;http://testng.org/testng-1.0.dtd&quot;&gt;
&lt;suite guice-stage=&quot;DEVELOPMENT&quot; name=&quot;Suite&quot;&gt;
  &lt;listeners&gt;
    &lt;listener class-name=&quot;com.qa.utility.ScreenShotListener&quot;/&gt;
  &lt;/listeners&gt;
  &lt;test thread-count=&quot;5&quot; name=&quot;Test1&quot;&gt;
    &lt;classes&gt;
      &lt;class name=&quot;com.qa.testCases.AddToFavouritePageTest&quot;/&gt;
    &lt;/classes&gt;
  &lt;/test&gt; &lt;!-- Test1 --&gt;
  &lt;test thread-count=&quot;5&quot; name=&quot;Test2&quot;&gt;
    &lt;classes&gt;
      &lt;class name=&quot;com.qa.testCases.CategoriesPageTest&quot;/&gt;
    &lt;/classes&gt;
  &lt;/test&gt; &lt;!-- Test2 --&gt;
  &lt;test thread-count=&quot;5&quot; name=&quot;Test3&quot;&gt;
    &lt;classes&gt;
      &lt;class name=&quot;com.qa.testCases.EditAdTest&quot;/&gt;
    &lt;/classes&gt;
  &lt;/test&gt; &lt;!-- Test3 --&gt;
  &lt;test thread-count=&quot;5&quot; name=&quot;Test4&quot;&gt;
    &lt;classes&gt;
      &lt;class name=&quot;com.qa.testCases.EnquiryPageTest&quot;/&gt;
    &lt;/classes&gt;
  &lt;/test&gt; &lt;!-- Test4 --&gt;
  &lt;test thread-count=&quot;5&quot; name=&quot;Test5&quot;&gt;
    &lt;classes&gt;
      &lt;class name=&quot;com.qa.testCases.LoginPageTest&quot;/&gt;
    &lt;/classes&gt;
  &lt;/test&gt; &lt;!-- Test5 --&gt;
  &lt;test thread-count=&quot;5&quot; name=&quot;Test6&quot;&gt;
    &lt;classes&gt;
      &lt;class name=&quot;com.qa.testCases.MyAccountPageTest&quot;/&gt;
    &lt;/classes&gt;
  &lt;/test&gt; &lt;!-- Test6 --&gt;
  &lt;test thread-count=&quot;5&quot; name=&quot;Test7&quot;&gt;
    &lt;classes&gt;
      &lt;class name=&quot;com.qa.testCases.PastAdTest&quot;/&gt;
    &lt;/classes&gt;
  &lt;/test&gt; &lt;!-- Test7 --&gt;
  &lt;test thread-count=&quot;5&quot; name=&quot;Test8&quot;&gt;
    &lt;classes&gt;
      &lt;class name=&quot;com.qa.testCases.PostAddTest&quot;/&gt;
    &lt;/classes&gt;
  &lt;/test&gt; &lt;!-- Test8 --&gt;
  &lt;test thread-count=&quot;5&quot; name=&quot;Test9&quot;&gt;
    &lt;classes&gt;
      &lt;class name=&quot;com.qa.testCases.ReceivedEnquiryPageTest&quot;/&gt;
    &lt;/classes&gt;
  &lt;/test&gt; &lt;!-- Test9 --&gt;
  &lt;test thread-count=&quot;5&quot; name=&quot;Test10&quot;&gt;
    &lt;classes&gt;
      &lt;class name=&quot;com.qa.testCases.SearchPageTest&quot;/&gt;
    &lt;/classes&gt;
  &lt;/test&gt; &lt;!-- Test10 --&gt;
  &lt;test thread-count=&quot;5&quot; name=&quot;Test11&quot;&gt;
    &lt;classes&gt;
      &lt;class name=&quot;com.qa.testCases.SentEnquiryTest&quot;/&gt;
    &lt;/classes&gt;
  &lt;/test&gt; &lt;!-- Test11 --&gt;
  &lt;test thread-count=&quot;5&quot; name=&quot;Test12&quot;&gt;
    &lt;classes&gt;
      &lt;class name=&quot;com.qa.testCases.SignUpPageTest&quot;/&gt;
    &lt;/classes&gt;
  &lt;/test&gt; &lt;!-- Test12 --&gt;
&lt;/suite&gt; &lt;!-- Suite --&gt;
            </pre>
          </div> <!-- main-panel-content rounded-window-bottom -->
        </div> <!-- panel -->
        <div panel-name="testlist-Suite" class="panel">
          <div class="main-panel-header rounded-window-top">
            <span class="header-content">Tests for Suite</span>
          </div> <!-- main-panel-header rounded-window-top -->
          <div class="main-panel-content rounded-window-bottom">
            <ul>
              <li>
                <span class="test-name">Test1 (1 class)</span>
              </li>
              <li>
                <span class="test-name">Test2 (1 class)</span>
              </li>
              <li>
                <span class="test-name">Test3 (1 class)</span>
              </li>
              <li>
                <span class="test-name">Test4 (1 class)</span>
              </li>
              <li>
                <span class="test-name">Test5 (1 class)</span>
              </li>
              <li>
                <span class="test-name">Test6 (1 class)</span>
              </li>
              <li>
                <span class="test-name">Test7 (1 class)</span>
              </li>
              <li>
                <span class="test-name">Test8 (1 class)</span>
              </li>
              <li>
                <span class="test-name">Test9 (1 class)</span>
              </li>
              <li>
                <span class="test-name">Test10 (1 class)</span>
              </li>
              <li>
                <span class="test-name">Test11 (1 class)</span>
              </li>
              <li>
                <span class="test-name">Test12 (1 class)</span>
              </li>
            </ul>
          </div> <!-- main-panel-content rounded-window-bottom -->
        </div> <!-- panel -->
        <div panel-name="group-Suite" class="panel">
          <div class="main-panel-header rounded-window-top">
            <span class="header-content">Groups for Suite</span>
          </div> <!-- main-panel-header rounded-window-top -->
          <div class="main-panel-content rounded-window-bottom">
          </div> <!-- main-panel-content rounded-window-bottom -->
        </div> <!-- panel -->
        <div panel-name="times-Suite" class="panel">
          <div class="main-panel-header rounded-window-top">
            <span class="header-content">Times for Suite</span>
          </div> <!-- main-panel-header rounded-window-top -->
          <div class="main-panel-content rounded-window-bottom">
            <div class="times-div">
              <script type="text/javascript">
suiteTableInitFunctions.push('tableData_Suite');
function tableData_Suite() {
var data = new google.visualization.DataTable();
data.addColumn('number', 'Number');
data.addColumn('string', 'Method');
data.addColumn('string', 'Class');
data.addColumn('number', 'Time (ms)');
data.addRows(91);
data.setCell(0, 0, 0)
data.setCell(0, 1, 'tabFunctionalityOfPostAdFormTest')
data.setCell(0, 2, 'com.qa.testCases.PostAddTest')
data.setCell(0, 3, 63238);
data.setCell(1, 0, 1)
data.setCell(1, 1, 'uploadImageTest')
data.setCell(1, 2, 'com.qa.testCases.PostAddTest')
data.setCell(1, 3, 54637);
data.setCell(2, 0, 2)
data.setCell(2, 1, 'postAddTest')
data.setCell(2, 2, 'com.qa.testCases.PostAddTest')
data.setCell(2, 3, 49859);
data.setCell(3, 0, 3)
data.setCell(3, 1, 'verifyEnquiredProductTest')
data.setCell(3, 2, 'com.qa.testCases.SentEnquiryTest')
data.setCell(3, 3, 42859);
data.setCell(4, 0, 4)
data.setCell(4, 1, 'deleteFavouriteAdTest')
data.setCell(4, 2, 'com.qa.testCases.AddToFavouritePageTest')
data.setCell(4, 3, 42750);
data.setCell(5, 0, 5)
data.setCell(5, 1, 'fileLinkClickabilityTest')
data.setCell(5, 2, 'com.qa.testCases.ReceivedEnquiryPageTest')
data.setCell(5, 3, 39857);
data.setCell(6, 0, 6)
data.setCell(6, 1, 'requiredFieldValidationTest')
data.setCell(6, 2, 'com.qa.testCases.PostAddTest')
data.setCell(6, 3, 38031);
data.setCell(7, 0, 7)
data.setCell(7, 1, 'SubCategoryCorresspondingCategoryTest')
data.setCell(7, 2, 'com.qa.testCases.PostAddTest')
data.setCell(7, 3, 35426);
data.setCell(8, 0, 8)
data.setCell(8, 1, 'chooseFileOfEnquirySectiontest')
data.setCell(8, 2, 'com.qa.testCases.EnquiryPageTest')
data.setCell(8, 3, 32864);
data.setCell(9, 0, 9)
data.setCell(9, 1, 'descriptionFieldValidationMessageTest')
data.setCell(9, 2, 'com.qa.testCases.EnquiryPageTest')
data.setCell(9, 3, 31622);
data.setCell(10, 0, 10)
data.setCell(10, 1, 'subjectFieldValidationMessageTest')
data.setCell(10, 2, 'com.qa.testCases.EnquiryPageTest')
data.setCell(10, 3, 31145);
data.setCell(11, 0, 11)
data.setCell(11, 1, 'sendEnquiryTest')
data.setCell(11, 2, 'com.qa.testCases.EnquiryPageTest')
data.setCell(11, 3, 29624);
data.setCell(12, 0, 12)
data.setCell(12, 1, 'SwitchToPayPalLoginTest')
data.setCell(12, 2, 'com.qa.testCases.MyAccountPageTest')
data.setCell(12, 3, 29129);
data.setCell(13, 0, 13)
data.setCell(13, 1, 'emailidFieldDisabilityTest')
data.setCell(13, 2, 'com.qa.testCases.EnquiryPageTest')
data.setCell(13, 3, 28356);
data.setCell(14, 0, 14)
data.setCell(14, 1, 'signUpWithTabTest')
data.setCell(14, 2, 'com.qa.testCases.SignUpPageTest')
data.setCell(14, 3, 28011);
data.setCell(15, 0, 15)
data.setCell(15, 1, 'VerifydeleteAdTest')
data.setCell(15, 2, 'com.qa.testCases.PostAddTest')
data.setCell(15, 3, 26252);
data.setCell(16, 0, 16)
data.setCell(16, 1, 'SignUpFormTest')
data.setCell(16, 2, 'com.qa.testCases.SignUpPageTest')
data.setCell(16, 3, 25752);
data.setCell(17, 0, 17)
data.setCell(17, 1, 'favouriteAdPageTitleTest')
data.setCell(17, 2, 'com.qa.testCases.AddToFavouritePageTest')
data.setCell(17, 3, 24956);
data.setCell(18, 0, 18)
data.setCell(18, 1, 'verifyproductLinkOnProductPageTest')
data.setCell(18, 2, 'com.qa.testCases.ReceivedEnquiryPageTest')
data.setCell(18, 3, 24435);
data.setCell(19, 0, 19)
data.setCell(19, 1, 'UpdateAdTest')
data.setCell(19, 2, 'com.qa.testCases.EditAdTest')
data.setCell(19, 3, 24219);
data.setCell(20, 0, 20)
data.setCell(20, 1, 'editButtonClickabilityTest')
data.setCell(20, 2, 'com.qa.testCases.EditAdTest')
data.setCell(20, 3, 24145);
data.setCell(21, 0, 21)
data.setCell(21, 1, 'updateAccountInfoTest')
data.setCell(21, 2, 'com.qa.testCases.MyAccountPageTest')
data.setCell(21, 3, 23548);
data.setCell(22, 0, 22)
data.setCell(22, 1, 'favouriteVerificationTest')
data.setCell(22, 2, 'com.qa.testCases.AddToFavouritePageTest')
data.setCell(22, 3, 23174);
data.setCell(23, 0, 23)
data.setCell(23, 1, 'remainingCharacterLengthDescriptionTest')
data.setCell(23, 2, 'com.qa.testCases.EnquiryPageTest')
data.setCell(23, 3, 22606);
data.setCell(24, 0, 24)
data.setCell(24, 1, 'DeleteReceivedEnquiryTest')
data.setCell(24, 2, 'com.qa.testCases.ReceivedEnquiryPageTest')
data.setCell(24, 3, 22563);
data.setCell(25, 0, 25)
data.setCell(25, 1, 'EnquirySectionTest')
data.setCell(25, 2, 'com.qa.testCases.EnquiryPageTest')
data.setCell(25, 3, 22232);
data.setCell(26, 0, 26)
data.setCell(26, 1, 'textboxPlaceholderTest')
data.setCell(26, 2, 'com.qa.testCases.EnquiryPageTest')
data.setCell(26, 3, 21860);
data.setCell(27, 0, 27)
data.setCell(27, 1, 'upGradeNowButtonClickabilityTest')
data.setCell(27, 2, 'com.qa.testCases.MyAccountPageTest')
data.setCell(27, 3, 21443);
data.setCell(28, 0, 28)
data.setCell(28, 1, 'UpdateAdPageTitleTest')
data.setCell(28, 2, 'com.qa.testCases.EditAdTest')
data.setCell(28, 3, 20834);
data.setCell(29, 0, 29)
data.setCell(29, 1, 'deleteSentEnquiryTest')
data.setCell(29, 2, 'com.qa.testCases.SentEnquiryTest')
data.setCell(29, 3, 20495);
data.setCell(30, 0, 30)
data.setCell(30, 1, 'SubscriptioTypeButtonClickabilityTest')
data.setCell(30, 2, 'com.qa.testCases.MyAccountPageTest')
data.setCell(30, 3, 20337);
data.setCell(31, 0, 31)
data.setCell(31, 1, 'categoryCountTest')
data.setCell(31, 2, 'com.qa.testCases.PostAddTest')
data.setCell(31, 3, 20068);
data.setCell(32, 0, 32)
data.setCell(32, 1, 'verfyPostAdPageTest')
data.setCell(32, 2, 'com.qa.testCases.PostAddTest')
data.setCell(32, 3, 20061);
data.setCell(33, 0, 33)
data.setCell(33, 1, 'deleteLinkClickabilityTest')
data.setCell(33, 2, 'com.qa.testCases.ReceivedEnquiryPageTest')
data.setCell(33, 3, 19946);
data.setCell(34, 0, 34)
data.setCell(34, 1, 'productLinkClickabiltyTest')
data.setCell(34, 2, 'com.qa.testCases.ReceivedEnquiryPageTest')
data.setCell(34, 3, 19848);
data.setCell(35, 0, 35)
data.setCell(35, 1, 'upgradeNowPageTest')
data.setCell(35, 2, 'com.qa.testCases.MyAccountPageTest')
data.setCell(35, 3, 19280);
data.setCell(36, 0, 36)
data.setCell(36, 1, 'sentEnquiryLinkTest')
data.setCell(36, 2, 'com.qa.testCases.SentEnquiryTest')
data.setCell(36, 3, 19134);
data.setCell(37, 0, 37)
data.setCell(37, 1, 'favouriteAdLinkClickabilityTest')
data.setCell(37, 2, 'com.qa.testCases.AddToFavouritePageTest')
data.setCell(37, 3, 18408);
data.setCell(38, 0, 38)
data.setCell(38, 1, 'requiredFieldVerificationTest')
data.setCell(38, 2, 'com.qa.testCases.PostAddTest')
data.setCell(38, 3, 18309);
data.setCell(39, 0, 39)
data.setCell(39, 1, 'myAccountPageTitleTest')
data.setCell(39, 2, 'com.qa.testCases.MyAccountPageTest')
data.setCell(39, 3, 18145);
data.setCell(40, 0, 40)
data.setCell(40, 1, 'verifyLinkOnSentEnquiryPageTest')
data.setCell(40, 2, 'com.qa.testCases.SentEnquiryTest')
data.setCell(40, 3, 18107);
data.setCell(41, 0, 41)
data.setCell(41, 1, 'fieldDisabilityTestBeforEdit')
data.setCell(41, 2, 'com.qa.testCases.MyAccountPageTest')
data.setCell(41, 3, 17999);
data.setCell(42, 0, 42)
data.setCell(42, 1, 'pastAdPageTitletest')
data.setCell(42, 2, 'com.qa.testCases.PastAdTest')
data.setCell(42, 3, 17895);
data.setCell(43, 0, 43)
data.setCell(43, 1, 'editButtonClickabilityTest')
data.setCell(43, 2, 'com.qa.testCases.MyAccountPageTest')
data.setCell(43, 3, 17890);
data.setCell(44, 0, 44)
data.setCell(44, 1, 'noPastAdMessageTest')
data.setCell(44, 2, 'com.qa.testCases.PastAdTest')
data.setCell(44, 3, 17885);
data.setCell(45, 0, 45)
data.setCell(45, 1, 'receivedEnquiryPageTitleTest')
data.setCell(45, 2, 'com.qa.testCases.ReceivedEnquiryPageTest')
data.setCell(45, 3, 17876);
data.setCell(46, 0, 46)
data.setCell(46, 1, 'sentEnquiryPageTitleTest')
data.setCell(46, 2, 'com.qa.testCases.SentEnquiryTest')
data.setCell(46, 3, 17762);
data.setCell(47, 0, 47)
data.setCell(47, 1, 'countJobsSubcategories')
data.setCell(47, 2, 'com.qa.testCases.CategoriesPageTest')
data.setCell(47, 3, 17037);
data.setCell(48, 0, 48)
data.setCell(48, 1, 'MyAccountButtonClickabilityTest')
data.setCell(48, 2, 'com.qa.testCases.MyAccountPageTest')
data.setCell(48, 3, 16447);
data.setCell(49, 0, 49)
data.setCell(49, 1, 'receivedLinkClickabilityTest')
data.setCell(49, 2, 'com.qa.testCases.ReceivedEnquiryPageTest')
data.setCell(49, 3, 16325);
data.setCell(50, 0, 50)
data.setCell(50, 1, 'forgotPasswordTest')
data.setCell(50, 2, 'com.qa.testCases.LoginPageTest')
data.setCell(50, 3, 15301);
data.setCell(51, 0, 51)
data.setCell(51, 1, 'favouriteIconEnableTest')
data.setCell(51, 2, 'com.qa.testCases.AddToFavouritePageTest')
data.setCell(51, 3, 15167);
data.setCell(52, 0, 52)
data.setCell(52, 1, 'ForgotPasswordToLoginPopUpSwitchTest')
data.setCell(52, 2, 'com.qa.testCases.LoginPageTest')
data.setCell(52, 3, 15135);
data.setCell(53, 0, 53)
data.setCell(53, 1, 'pastAdClickability')
data.setCell(53, 2, 'com.qa.testCases.PastAdTest')
data.setCell(53, 3, 13581);
data.setCell(54, 0, 54)
data.setCell(54, 1, 'loginTest')
data.setCell(54, 2, 'com.qa.testCases.LoginPageTest')
data.setCell(54, 3, 13367);
data.setCell(55, 0, 55)
data.setCell(55, 1, 'countClothesAndJewelSubcategories')
data.setCell(55, 2, 'com.qa.testCases.CategoriesPageTest')
data.setCell(55, 3, 11951);
data.setCell(56, 0, 56)
data.setCell(56, 1, 'countServicesSubcategories')
data.setCell(56, 2, 'com.qa.testCases.CategoriesPageTest')
data.setCell(56, 3, 11941);
data.setCell(57, 0, 57)
data.setCell(57, 1, 'countRealEstateSubcategories')
data.setCell(57, 2, 'com.qa.testCases.CategoriesPageTest')
data.setCell(57, 3, 11896);
data.setCell(58, 0, 58)
data.setCell(58, 1, 'countDiscussionForumsSubcategories')
data.setCell(58, 2, 'com.qa.testCases.CategoriesPageTest')
data.setCell(58, 3, 11877);
data.setCell(59, 0, 59)
data.setCell(59, 1, 'countAutomotivesubcategories')
data.setCell(59, 2, 'com.qa.testCases.CategoriesPageTest')
data.setCell(59, 3, 11871);
data.setCell(60, 0, 60)
data.setCell(60, 1, 'countBoatsAndSkisSubcategories')
data.setCell(60, 2, 'com.qa.testCases.CategoriesPageTest')
data.setCell(60, 3, 11865);
data.setCell(61, 0, 61)
data.setCell(61, 1, 'countPetsSubcategories')
data.setCell(61, 2, 'com.qa.testCases.CategoriesPageTest')
data.setCell(61, 3, 11853);
data.setCell(62, 0, 62)
data.setCell(62, 1, 'countResumesSubcategories')
data.setCell(62, 2, 'com.qa.testCases.CategoriesPageTest')
data.setCell(62, 3, 11844);
data.setCell(63, 0, 63)
data.setCell(63, 1, 'countLocalPlacesSubcategories')
data.setCell(63, 2, 'com.qa.testCases.CategoriesPageTest')
data.setCell(63, 3, 11825);
data.setCell(64, 0, 64)
data.setCell(64, 1, 'countArtBookssubcategories')
data.setCell(64, 2, 'com.qa.testCases.CategoriesPageTest')
data.setCell(64, 3, 11823);
data.setCell(65, 0, 65)
data.setCell(65, 1, 'countOthersSubcategories')
data.setCell(65, 2, 'com.qa.testCases.CategoriesPageTest')
data.setCell(65, 3, 11802);
data.setCell(66, 0, 66)
data.setCell(66, 1, 'countConsumerElectronicsSubcategories')
data.setCell(66, 2, 'com.qa.testCases.CategoriesPageTest')
data.setCell(66, 3, 11793);
data.setCell(67, 0, 67)
data.setCell(67, 1, 'countCommunitySubCategories')
data.setCell(67, 2, 'com.qa.testCases.CategoriesPageTest')
data.setCell(67, 3, 11788);
data.setCell(68, 0, 68)
data.setCell(68, 1, 'SignUpPopUpTest')
data.setCell(68, 2, 'com.qa.testCases.SignUpPageTest')
data.setCell(68, 3, 10077);
data.setCell(69, 0, 69)
data.setCell(69, 1, 'invalidEmailTest')
data.setCell(69, 2, 'com.qa.testCases.SignUpPageTest')
data.setCell(69, 3, 9497);
data.setCell(70, 0, 70)
data.setCell(70, 1, 'verifyCategoryPageTitleTest')
data.setCell(70, 2, 'com.qa.testCases.CategoriesPageTest')
data.setCell(70, 3, 6765);
data.setCell(71, 0, 71)
data.setCell(71, 1, 'signUpWithalreadyRegisteredEmail')
data.setCell(71, 2, 'com.qa.testCases.SignUpPageTest')
data.setCell(71, 3, 6742);
data.setCell(72, 0, 72)
data.setCell(72, 1, 'passwordAndConfirmPasswordMismatchTest')
data.setCell(72, 2, 'com.qa.testCases.SignUpPageTest')
data.setCell(72, 3, 6721);
data.setCell(73, 0, 73)
data.setCell(73, 1, 'checkBoxValidationTest')
data.setCell(73, 2, 'com.qa.testCases.SignUpPageTest')
data.setCell(73, 3, 6622);
data.setCell(74, 0, 74)
data.setCell(74, 1, 'termsAndConditionsLinkTest')
data.setCell(74, 2, 'com.qa.testCases.SignUpPageTest')
data.setCell(74, 3, 6568);
data.setCell(75, 0, 75)
data.setCell(75, 1, 'privacyPolicyLinksTest')
data.setCell(75, 2, 'com.qa.testCases.SignUpPageTest')
data.setCell(75, 3, 6496);
data.setCell(76, 0, 76)
data.setCell(76, 1, 'loginWithNotMatchedRecoredsTest')
data.setCell(76, 2, 'com.qa.testCases.LoginPageTest')
data.setCell(76, 3, 5483);
data.setCell(77, 0, 77)
data.setCell(77, 1, 'inValidEmailTest')
data.setCell(77, 2, 'com.qa.testCases.LoginPageTest')
data.setCell(77, 3, 5411);
data.setCell(78, 0, 78)
data.setCell(78, 1, 'usernameValidationTest')
data.setCell(78, 2, 'com.qa.testCases.SignUpPageTest')
data.setCell(78, 3, 5108);
data.setCell(79, 0, 79)
data.setCell(79, 1, 'loginpageValidationTest')
data.setCell(79, 2, 'com.qa.testCases.LoginPageTest')
data.setCell(79, 3, 5103);
data.setCell(80, 0, 80)
data.setCell(80, 1, 'SignUpPlaceholderTest')
data.setCell(80, 2, 'com.qa.testCases.SignUpPageTest')
data.setCell(80, 3, 5096);
data.setCell(81, 0, 81)
data.setCell(81, 1, 'checkBoxSelectionTest')
data.setCell(81, 2, 'com.qa.testCases.SignUpPageTest')
data.setCell(81, 3, 5055);
data.setCell(82, 0, 82)
data.setCell(82, 1, 'verifySearchResultTest')
data.setCell(82, 2, 'com.qa.testCases.SearchPageTest')
data.setCell(82, 3, 4221);
data.setCell(83, 0, 83)
data.setCell(83, 1, 'NoResultFoundOnSearchTest')
data.setCell(83, 2, 'com.qa.testCases.SearchPageTest')
data.setCell(83, 3, 2572);
data.setCell(84, 0, 84)
data.setCell(84, 1, 'maximumPasswordLenghtValidationTest')
data.setCell(84, 2, 'com.qa.testCases.SignUpPageTest')
data.setCell(84, 3, 2110);
data.setCell(85, 0, 85)
data.setCell(85, 1, 'countCategoryTest')
data.setCell(85, 2, 'com.qa.testCases.CategoriesPageTest')
data.setCell(85, 3, 1704);
data.setCell(86, 0, 86)
data.setCell(86, 1, 'searchWithEmptyKeywordTest')
data.setCell(86, 2, 'com.qa.testCases.SearchPageTest')
data.setCell(86, 3, 62);
data.setCell(87, 0, 87)
data.setCell(87, 1, 'categoryMenuClickabilityTest')
data.setCell(87, 2, 'com.qa.testCases.CategoriesPageTest')
data.setCell(87, 3, 28);
data.setCell(88, 0, 88)
data.setCell(88, 1, 'searchButtonClickabilityTest')
data.setCell(88, 2, 'com.qa.testCases.SearchPageTest')
data.setCell(88, 3, 24);
data.setCell(89, 0, 89)
data.setCell(89, 1, 'postAddButtonClickabilityTest')
data.setCell(89, 2, 'com.qa.testCases.PostAddTest')
data.setCell(89, 3, 23);
data.setCell(90, 0, 90)
data.setCell(90, 1, 'placeholderTest')
data.setCell(90, 2, 'com.qa.testCases.SearchPageTest')
data.setCell(90, 3, 22);
window.suiteTableData['Suite']= { tableData: data, tableDiv: 'times-div-Suite'}
return data;
}
              </script>
              <span class="suite-total-time">Total running time: 27 minutes</span>
              <div id="times-div-Suite">
              </div> <!-- times-div-Suite -->
            </div> <!-- times-div -->
          </div> <!-- main-panel-content rounded-window-bottom -->
        </div> <!-- panel -->
        <div panel-name="reporter-Suite" class="panel">
          <div class="main-panel-header rounded-window-top">
            <span class="header-content">Reporter output for Suite</span>
          </div> <!-- main-panel-header rounded-window-top -->
          <div class="main-panel-content rounded-window-bottom">
            <div class="reporter-method-div">
              <span class="reporter-method-name">deleteFavouriteAdTest</span>
              <div class="reporter-method-output-div">
                <span class="reporter-method-output"><a href='/home/day/eclipse-workspace/WeeklyPaper/target/surefire-reports/failure_screenshots/deleteFavouriteAdTest_19_03_2019_02_41_38.png'> <img src='/home/day/eclipse-workspace/WeeklyPaper/target/surefire-reports/failure_screenshots/deleteFavouriteAdTest_19_03_2019_02_41_38.png' height='100' width='100'/> </a></span>
              </div> <!-- reporter-method-output-div -->
            </div> <!-- reporter-method-div -->
            <div class="reporter-method-div">
              <span class="reporter-method-name">verifyCategoryPageTitleTest</span>
              <div class="reporter-method-output-div">
                <span class="reporter-method-output"><a href='/home/day/eclipse-workspace/WeeklyPaper/target/surefire-reports/failure_screenshots/verifyCategoryPageTitleTest_19_03_2019_02_44_01.png'> <img src='/home/day/eclipse-workspace/WeeklyPaper/target/surefire-reports/failure_screenshots/verifyCategoryPageTitleTest_19_03_2019_02_44_01.png' height='100' width='100'/> </a></span>
              </div> <!-- reporter-method-output-div -->
            </div> <!-- reporter-method-div -->
            <div class="reporter-method-div">
              <span class="reporter-method-name">verfyPostAdPageTest</span>
              <div class="reporter-method-output-div">
                <span class="reporter-method-output"><a href='/home/day/eclipse-workspace/WeeklyPaper/target/surefire-reports/failure_screenshots/verfyPostAdPageTest_19_03_2019_03_34_55.png'> <img src='/home/day/eclipse-workspace/WeeklyPaper/target/surefire-reports/failure_screenshots/verfyPostAdPageTest_19_03_2019_03_34_55.png' height='100' width='100'/> </a></span>
              </div> <!-- reporter-method-output-div -->
            </div> <!-- reporter-method-div -->
            <div class="reporter-method-div">
              <span class="reporter-method-name">categoryCountTest</span>
              <div class="reporter-method-output-div">
                <span class="reporter-method-output"><a href='/home/day/eclipse-workspace/WeeklyPaper/target/surefire-reports/failure_screenshots/categoryCountTest_19_03_2019_03_37_40.png'> <img src='/home/day/eclipse-workspace/WeeklyPaper/target/surefire-reports/failure_screenshots/categoryCountTest_19_03_2019_03_37_40.png' height='100' width='100'/> </a></span>
              </div> <!-- reporter-method-output-div -->
            </div> <!-- reporter-method-div -->
            <div class="reporter-method-div">
              <span class="reporter-method-name">fileLinkClickabilityTest</span>
              <div class="reporter-method-output-div">
                <span class="reporter-method-output"><a href='/home/day/eclipse-workspace/WeeklyPaper/target/surefire-reports/failure_screenshots/fileLinkClickabilityTest_19_03_2019_03_48_36.png'> <img src='/home/day/eclipse-workspace/WeeklyPaper/target/surefire-reports/failure_screenshots/fileLinkClickabilityTest_19_03_2019_03_48_36.png' height='100' width='100'/> </a></span>
              </div> <!-- reporter-method-output-div -->
            </div> <!-- reporter-method-div -->
            <div class="reporter-method-div">
              <span class="reporter-method-name">verifyEnquiredProductTest</span>
              <div class="reporter-method-output-div">
                <span class="reporter-method-output"><a href='/home/day/eclipse-workspace/WeeklyPaper/target/surefire-reports/failure_screenshots/verifyEnquiredProductTest_19_03_2019_04_01_02.png'> <img src='/home/day/eclipse-workspace/WeeklyPaper/target/surefire-reports/failure_screenshots/verifyEnquiredProductTest_19_03_2019_04_01_02.png' height='100' width='100'/> </a></span>
              </div> <!-- reporter-method-output-div -->
            </div> <!-- reporter-method-div -->
            <div class="reporter-method-div">
              <span class="reporter-method-name">SignUpFormTest</span>
              <div class="reporter-method-output-div">
                <span class="reporter-method-output"><a href='/home/day/eclipse-workspace/WeeklyPaper/target/surefire-reports/failure_screenshots/SignUpFormTest_19_03_2019_04_04_20.png'> <img src='/home/day/eclipse-workspace/WeeklyPaper/target/surefire-reports/failure_screenshots/SignUpFormTest_19_03_2019_04_04_20.png' height='100' width='100'/> </a></span>
              </div> <!-- reporter-method-output-div -->
            </div> <!-- reporter-method-div -->
          </div> <!-- main-panel-content rounded-window-bottom -->
        </div> <!-- panel -->
        <div panel-name="ignored-methods-Suite" class="panel">
          <div class="main-panel-header rounded-window-top">
            <span class="header-content">0 ignored methods</span>
          </div> <!-- main-panel-header rounded-window-top -->
          <div class="main-panel-content rounded-window-bottom">
          </div> <!-- main-panel-content rounded-window-bottom -->
        </div> <!-- panel -->
        <div panel-name="chronological-Suite" class="panel">
          <div class="main-panel-header rounded-window-top">
            <span class="header-content">Methods in chronological order</span>
          </div> <!-- main-panel-header rounded-window-top -->
          <div class="main-panel-content rounded-window-bottom">
            <div class="chronological-class">
              <div class="chronological-class-name">com.qa.testCases.AddToFavouritePageTest</div> <!-- chronological-class-name -->
              <div class="configuration-method before">
                <span class="method-name">setUp</span>
                <span class="method-start">0 ms</span>
              </div> <!-- configuration-method before -->
              <div class="test-method">
                <span class="method-name">favouriteAdLinkClickabilityTest</span>
                <span class="method-start">51913 ms</span>
              </div> <!-- test-method -->
              <div class="configuration-method after">
                <span class="method-name">teardown([TestResult name=favouriteAdLinkClickabilityTest status=SUCCESS method=AddToFavouritePageTest.favour...)</span>
                <span class="method-start">70323 ms</span>
              </div> <!-- configuration-method after -->
              <div class="configuration-method before">
                <span class="method-name">setUp</span>
                <span class="method-start">70402 ms</span>
              </div> <!-- configuration-method before -->
              <div class="test-method">
                <span class="method-name">favouriteAdPageTitleTest</span>
                <span class="method-start">116822 ms</span>
              </div> <!-- test-method -->
              <div class="configuration-method after">
                <span class="method-name">teardown([TestResult name=favouriteAdPageTitleTest status=SUCCESS method=AddToFavouritePageTest.favouriteAdPa...)</span>
                <span class="method-start">141780 ms</span>
              </div> <!-- configuration-method after -->
              <div class="configuration-method before">
                <span class="method-name">setUp</span>
                <span class="method-start">141851 ms</span>
              </div> <!-- configuration-method before -->
              <div class="test-method">
                <span class="method-name">favouriteIconEnableTest</span>
                <span class="method-start">186578 ms</span>
              </div> <!-- test-method -->
              <div class="configuration-method after">
                <span class="method-name">teardown([TestResult name=favouriteIconEnableTest status=SUCCESS method=AddToFavouritePageTest.favouriteIconE...)</span>
                <span class="method-start">201749 ms</span>
              </div> <!-- configuration-method after -->
              <div class="configuration-method before">
                <span class="method-name">setUp</span>
                <span class="method-start">201824 ms</span>
              </div> <!-- configuration-method before -->
              <div class="test-method">
                <span class="method-name">favouriteVerificationTest</span>
                <span class="method-start">246352 ms</span>
              </div> <!-- test-method -->
              <div class="configuration-method after">
                <span class="method-name">teardown([TestResult name=favouriteVerificationTest status=SUCCESS method=AddToFavouritePageTest.favouriteVer...)</span>
                <span class="method-start">269527 ms</span>
              </div> <!-- configuration-method after -->
              <div class="configuration-method before">
                <span class="method-name">setUp</span>
                <span class="method-start">269597 ms</span>
              </div> <!-- configuration-method before -->
              <div class="test-method">
                <img src="failed.png">
                </img>
                <span class="method-name">deleteFavouriteAdTest</span>
                <span class="method-start">314283 ms</span>
              </div> <!-- test-method -->
              <div class="configuration-method after">
                <span class="method-name">teardown([TestResult name=deleteFavouriteAdTest status=FAILURE method=AddToFavouritePageTest.deleteFavouriteA...)</span>
                <span class="method-start">357272 ms</span>
              </div> <!-- configuration-method after -->
            </div> <!-- chronological-class -->
            <div class="chronological-class">
              <div class="chronological-class-name">com.qa.testCases.CategoriesPageTest</div> <!-- chronological-class-name -->
              <div class="configuration-method before">
                <span class="method-name">setUp</span>
                <span class="method-start">357868 ms</span>
              </div> <!-- configuration-method before -->
              <div class="test-method">
                <span class="method-name">countCategoryTest</span>
                <span class="method-start">402226 ms</span>
              </div> <!-- test-method -->
              <div class="configuration-method after">
                <span class="method-name">teardown([TestResult name=countCategoryTest status=SUCCESS method=CategoriesPageTest.countCategoryTest()[pri:...)</span>
                <span class="method-start">403931 ms</span>
              </div> <!-- configuration-method after -->
              <div class="configuration-method before">
                <span class="method-name">setUp</span>
                <span class="method-start">404004 ms</span>
              </div> <!-- configuration-method before -->
              <div class="test-method">
                <span class="method-name">categoryMenuClickabilityTest</span>
                <span class="method-start">448529 ms</span>
              </div> <!-- test-method -->
              <div class="configuration-method after">
                <span class="method-name">teardown([TestResult name=categoryMenuClickabilityTest status=SUCCESS method=CategoriesPageTest.categoryMenuC...)</span>
                <span class="method-start">448558 ms</span>
              </div> <!-- configuration-method after -->
              <div class="configuration-method before">
                <span class="method-name">setUp</span>
                <span class="method-start">448630 ms</span>
              </div> <!-- configuration-method before -->
              <div class="test-method">
                <img src="failed.png">
                </img>
                <span class="method-name">verifyCategoryPageTitleTest</span>
                <span class="method-start">493252 ms</span>
              </div> <!-- test-method -->
              <div class="configuration-method after">
                <span class="method-name">teardown([TestResult name=verifyCategoryPageTitleTest status=FAILURE method=CategoriesPageTest.verifyCategory...)</span>
                <span class="method-start">500119 ms</span>
              </div> <!-- configuration-method after -->
              <div class="configuration-method before">
                <span class="method-name">setUp</span>
                <span class="method-start">500331 ms</span>
              </div> <!-- configuration-method before -->
              <div class="test-method">
                <span class="method-name">countArtBookssubcategories</span>
                <span class="method-start">544656 ms</span>
              </div> <!-- test-method -->
              <div class="configuration-method after">
                <span class="method-name">teardown([TestResult name=countArtBookssubcategories status=SUCCESS method=CategoriesPageTest.countArtBookssu...)</span>
                <span class="method-start">556480 ms</span>
              </div> <!-- configuration-method after -->
              <div class="configuration-method before">
                <span class="method-name">setUp</span>
                <span class="method-start">556552 ms</span>
              </div> <!-- configuration-method before -->
              <div class="test-method">
                <span class="method-name">countAutomotivesubcategories</span>
                <span class="method-start">603648 ms</span>
              </div> <!-- test-method -->
              <div class="configuration-method after">
                <span class="method-name">teardown([TestResult name=countAutomotivesubcategories status=SUCCESS method=CategoriesPageTest.countAutomoti...)</span>
                <span class="method-start">615521 ms</span>
              </div> <!-- configuration-method after -->
              <div class="configuration-method before">
                <span class="method-name">setUp</span>
                <span class="method-start">615597 ms</span>
              </div> <!-- configuration-method before -->
              <div class="test-method">
                <span class="method-name">countBoatsAndSkisSubcategories</span>
                <span class="method-start">660510 ms</span>
              </div> <!-- test-method -->
              <div class="configuration-method after">
                <span class="method-name">teardown([TestResult name=countBoatsAndSkisSubcategories status=SUCCESS method=CategoriesPageTest.countBoatsA...)</span>
                <span class="method-start">672376 ms</span>
              </div> <!-- configuration-method after -->
              <div class="configuration-method before">
                <span class="method-name">setUp</span>
                <span class="method-start">672448 ms</span>
              </div> <!-- configuration-method before -->
              <div class="test-method">
                <span class="method-name">countClothesAndJewelSubcategories</span>
                <span class="method-start">717257 ms</span>
              </div> <!-- test-method -->
              <div class="configuration-method after">
                <span class="method-name">teardown([TestResult name=countClothesAndJewelSubcategories status=SUCCESS method=CategoriesPageTest.countClo...)</span>
                <span class="method-start">729209 ms</span>
              </div> <!-- configuration-method after -->
              <div class="configuration-method before">
                <span class="method-name">setUp</span>
                <span class="method-start">729283 ms</span>
              </div> <!-- configuration-method before -->
              <div class="test-method">
                <span class="method-name">countCommunitySubCategories</span>
                <span class="method-start">773788 ms</span>
              </div> <!-- test-method -->
              <div class="configuration-method after">
                <span class="method-name">teardown([TestResult name=countCommunitySubCategories status=SUCCESS method=CategoriesPageTest.countCommunity...)</span>
                <span class="method-start">785577 ms</span>
              </div> <!-- configuration-method after -->
              <div class="configuration-method before">
                <span class="method-name">setUp</span>
                <span class="method-start">785648 ms</span>
              </div> <!-- configuration-method before -->
              <div class="test-method">
                <span class="method-name">countConsumerElectronicsSubcategories</span>
                <span class="method-start">830417 ms</span>
              </div> <!-- test-method -->
              <div class="configuration-method after">
                <span class="method-name">teardown([TestResult name=countConsumerElectronicsSubcategories status=SUCCESS method=CategoriesPageTest.coun...)</span>
                <span class="method-start">842211 ms</span>
              </div> <!-- configuration-method after -->
              <div class="configuration-method before">
                <span class="method-name">setUp</span>
                <span class="method-start">842281 ms</span>
              </div> <!-- configuration-method before -->
              <div class="test-method">
                <span class="method-name">countDiscussionForumsSubcategories</span>
                <span class="method-start">886923 ms</span>
              </div> <!-- test-method -->
              <div class="configuration-method after">
                <span class="method-name">teardown([TestResult name=countDiscussionForumsSubcategories status=SUCCESS method=CategoriesPageTest.countDi...)</span>
                <span class="method-start">898800 ms</span>
              </div> <!-- configuration-method after -->
              <div class="configuration-method before">
                <span class="method-name">setUp</span>
                <span class="method-start">898876 ms</span>
              </div> <!-- configuration-method before -->
              <div class="test-method">
                <span class="method-name">countJobsSubcategories</span>
                <span class="method-start">943445 ms</span>
              </div> <!-- test-method -->
              <div class="configuration-method after">
                <span class="method-name">teardown([TestResult name=countJobsSubcategories status=SUCCESS method=CategoriesPageTest.countJobsSubcategor...)</span>
                <span class="method-start">960483 ms</span>
              </div> <!-- configuration-method after -->
              <div class="configuration-method before">
                <span class="method-name">setUp</span>
                <span class="method-start">960556 ms</span>
              </div> <!-- configuration-method before -->
              <div class="test-method">
                <span class="method-name">countLocalPlacesSubcategories</span>
                <span class="method-start">1008445 ms</span>
              </div> <!-- test-method -->
              <div class="configuration-method after">
                <span class="method-name">teardown([TestResult name=countLocalPlacesSubcategories status=SUCCESS method=CategoriesPageTest.countLocalPl...)</span>
                <span class="method-start">1020270 ms</span>
              </div> <!-- configuration-method after -->
              <div class="configuration-method before">
                <span class="method-name">setUp</span>
                <span class="method-start">1020345 ms</span>
              </div> <!-- configuration-method before -->
              <div class="test-method">
                <span class="method-name">countOthersSubcategories</span>
                <span class="method-start">1065040 ms</span>
              </div> <!-- test-method -->
              <div class="configuration-method after">
                <span class="method-name">teardown([TestResult name=countOthersSubcategories status=SUCCESS method=CategoriesPageTest.countOthersSubcat...)</span>
                <span class="method-start">1076843 ms</span>
              </div> <!-- configuration-method after -->
              <div class="configuration-method before">
                <span class="method-name">setUp</span>
                <span class="method-start">1076913 ms</span>
              </div> <!-- configuration-method before -->
              <div class="test-method">
                <span class="method-name">countPetsSubcategories</span>
                <span class="method-start">1121388 ms</span>
              </div> <!-- test-method -->
              <div class="configuration-method after">
                <span class="method-name">teardown([TestResult name=countPetsSubcategories status=SUCCESS method=CategoriesPageTest.countPetsSubcategor...)</span>
                <span class="method-start">1133243 ms</span>
              </div> <!-- configuration-method after -->
              <div class="configuration-method before">
                <span class="method-name">setUp</span>
                <span class="method-start">1133312 ms</span>
              </div> <!-- configuration-method before -->
              <div class="test-method">
                <span class="method-name">countRealEstateSubcategories</span>
                <span class="method-start">1177972 ms</span>
              </div> <!-- test-method -->
              <div class="configuration-method after">
                <span class="method-name">teardown([TestResult name=countRealEstateSubcategories status=SUCCESS method=CategoriesPageTest.countRealEsta...)</span>
                <span class="method-start">1189869 ms</span>
              </div> <!-- configuration-method after -->
              <div class="configuration-method before">
                <span class="method-name">setUp</span>
                <span class="method-start">1189939 ms</span>
              </div> <!-- configuration-method before -->
              <div class="test-method">
                <span class="method-name">countResumesSubcategories</span>
                <span class="method-start">1241833 ms</span>
              </div> <!-- test-method -->
              <div class="configuration-method after">
                <span class="method-name">teardown([TestResult name=countResumesSubcategories status=SUCCESS method=CategoriesPageTest.countResumesSubc...)</span>
                <span class="method-start">1253677 ms</span>
              </div> <!-- configuration-method after -->
              <div class="configuration-method before">
                <span class="method-name">setUp</span>
                <span class="method-start">1253747 ms</span>
              </div> <!-- configuration-method before -->
              <div class="test-method">
                <span class="method-name">countServicesSubcategories</span>
                <span class="method-start">1298086 ms</span>
              </div> <!-- test-method -->
              <div class="configuration-method after">
                <span class="method-name">teardown([TestResult name=countServicesSubcategories status=SUCCESS method=CategoriesPageTest.countServicesSu...)</span>
                <span class="method-start">1310027 ms</span>
              </div> <!-- configuration-method after -->
            </div> <!-- chronological-class -->
            <div class="chronological-class">
              <div class="chronological-class-name">com.qa.testCases.EditAdTest</div> <!-- chronological-class-name -->
              <div class="configuration-method before">
                <span class="method-name">setUp</span>
                <span class="method-start">1310124 ms</span>
              </div> <!-- configuration-method before -->
              <div class="test-method">
                <span class="method-name">editButtonClickabilityTest</span>
                <span class="method-start">1354651 ms</span>
              </div> <!-- test-method -->
              <div class="configuration-method after">
                <span class="method-name">teardown([TestResult name=editButtonClickabilityTest status=SUCCESS method=EditAdTest.editButtonClickabilityT...)</span>
                <span class="method-start">1378797 ms</span>
              </div> <!-- configuration-method after -->
              <div class="configuration-method before">
                <span class="method-name">setUp</span>
                <span class="method-start">1378871 ms</span>
              </div> <!-- configuration-method before -->
              <div class="test-method">
                <span class="method-name">UpdateAdTest</span>
                <span class="method-start">1424371 ms</span>
              </div> <!-- test-method -->
              <div class="configuration-method after">
                <span class="method-name">teardown([TestResult name=UpdateAdTest status=SUCCESS method=EditAdTest.UpdateAdTest()[pri:2, instance:com.qa...)</span>
                <span class="method-start">1448591 ms</span>
              </div> <!-- configuration-method after -->
              <div class="configuration-method before">
                <span class="method-name">setUp</span>
                <span class="method-start">1448661 ms</span>
              </div> <!-- configuration-method before -->
              <div class="test-method">
                <span class="method-name">UpdateAdPageTitleTest</span>
                <span class="method-start">1496998 ms</span>
              </div> <!-- test-method -->
              <div class="configuration-method after">
                <span class="method-name">teardown([TestResult name=UpdateAdPageTitleTest status=SUCCESS method=EditAdTest.UpdateAdPageTitleTest()[pri:...)</span>
                <span class="method-start">1517832 ms</span>
              </div> <!-- configuration-method after -->
            </div> <!-- chronological-class -->
            <div class="chronological-class">
              <div class="chronological-class-name">com.qa.testCases.EnquiryPageTest</div> <!-- chronological-class-name -->
              <div class="configuration-method before">
                <span class="method-name">setUp</span>
                <span class="method-start">1517917 ms</span>
              </div> <!-- configuration-method before -->
              <div class="test-method">
                <span class="method-name">EnquirySectionTest</span>
                <span class="method-start">1567413 ms</span>
              </div> <!-- test-method -->
              <div class="configuration-method after">
                <span class="method-name">teardown([TestResult name=EnquirySectionTest status=SUCCESS method=EnquiryPageTest.EnquirySectionTest()[pri:1...)</span>
                <span class="method-start">1589646 ms</span>
              </div> <!-- configuration-method after -->
              <div class="configuration-method before">
                <span class="method-name">setUp</span>
                <span class="method-start">1589715 ms</span>
              </div> <!-- configuration-method before -->
              <div class="test-method">
                <span class="method-name">textboxPlaceholderTest</span>
                <span class="method-start">1638145 ms</span>
              </div> <!-- test-method -->
              <div class="configuration-method after">
                <span class="method-name">teardown([TestResult name=textboxPlaceholderTest status=SUCCESS method=EnquiryPageTest.textboxPlaceholderTest...)</span>
                <span class="method-start">1660008 ms</span>
              </div> <!-- configuration-method after -->
              <div class="configuration-method before">
                <span class="method-name">setUp</span>
                <span class="method-start">1660081 ms</span>
              </div> <!-- configuration-method before -->
              <div class="test-method">
                <span class="method-name">subjectFieldValidationMessageTest</span>
                <span class="method-start">1708681 ms</span>
              </div> <!-- test-method -->
              <div class="configuration-method after">
                <span class="method-name">teardown([TestResult name=subjectFieldValidationMessageTest status=SUCCESS method=EnquiryPageTest.subjectFiel...)</span>
                <span class="method-start">1739826 ms</span>
              </div> <!-- configuration-method after -->
              <div class="configuration-method before">
                <span class="method-name">setUp</span>
                <span class="method-start">1739901 ms</span>
              </div> <!-- configuration-method before -->
              <div class="test-method">
                <span class="method-name">descriptionFieldValidationMessageTest</span>
                <span class="method-start">1788250 ms</span>
              </div> <!-- test-method -->
              <div class="configuration-method after">
                <span class="method-name">teardown([TestResult name=descriptionFieldValidationMessageTest status=SUCCESS method=EnquiryPageTest.descrip...)</span>
                <span class="method-start">1819873 ms</span>
              </div> <!-- configuration-method after -->
              <div class="configuration-method before">
                <span class="method-name">setUp</span>
                <span class="method-start">1819949 ms</span>
              </div> <!-- configuration-method before -->
              <div class="test-method">
                <span class="method-name">sendEnquiryTest</span>
                <span class="method-start">1868054 ms</span>
              </div> <!-- test-method -->
              <div class="configuration-method after">
                <span class="method-name">teardown([TestResult name=sendEnquiryTest status=SUCCESS method=EnquiryPageTest.sendEnquiryTest()[pri:5, inst...)</span>
                <span class="method-start">1897679 ms</span>
              </div> <!-- configuration-method after -->
              <div class="configuration-method before">
                <span class="method-name">setUp</span>
                <span class="method-start">1897752 ms</span>
              </div> <!-- configuration-method before -->
              <div class="test-method">
                <span class="method-name">emailidFieldDisabilityTest</span>
                <span class="method-start">1946489 ms</span>
              </div> <!-- test-method -->
              <div class="configuration-method after">
                <span class="method-name">teardown([TestResult name=emailidFieldDisabilityTest status=SUCCESS method=EnquiryPageTest.emailidFieldDisabi...)</span>
                <span class="method-start">1974846 ms</span>
              </div> <!-- configuration-method after -->
              <div class="configuration-method before">
                <span class="method-name">setUp</span>
                <span class="method-start">1974917 ms</span>
              </div> <!-- configuration-method before -->
              <div class="test-method">
                <span class="method-name">remainingCharacterLengthDescriptionTest</span>
                <span class="method-start">2023223 ms</span>
              </div> <!-- test-method -->
              <div class="configuration-method after">
                <span class="method-name">teardown([TestResult name=remainingCharacterLengthDescriptionTest status=SUCCESS method=EnquiryPageTest.remai...)</span>
                <span class="method-start">2045830 ms</span>
              </div> <!-- configuration-method after -->
              <div class="configuration-method before">
                <span class="method-name">setUp</span>
                <span class="method-start">2045901 ms</span>
              </div> <!-- configuration-method before -->
              <div class="test-method">
                <span class="method-name">chooseFileOfEnquirySectiontest</span>
                <span class="method-start">2094142 ms</span>
              </div> <!-- test-method -->
              <div class="configuration-method after">
                <span class="method-name">teardown([TestResult name=chooseFileOfEnquirySectiontest status=SUCCESS method=EnquiryPageTest.chooseFileOfEn...)</span>
                <span class="method-start">2127007 ms</span>
              </div> <!-- configuration-method after -->
            </div> <!-- chronological-class -->
            <div class="chronological-class">
              <div class="chronological-class-name">com.qa.testCases.LoginPageTest</div> <!-- chronological-class-name -->
              <div class="configuration-method before">
                <span class="method-name">setUp</span>
                <span class="method-start">2127081 ms</span>
              </div> <!-- configuration-method before -->
              <div class="test-method">
                <span class="method-name">loginTest</span>
                <span class="method-start">2175712 ms</span>
              </div> <!-- test-method -->
              <div class="configuration-method after">
                <span class="method-name">tearDown</span>
                <span class="method-start">2189080 ms</span>
              </div> <!-- configuration-method after -->
              <div class="configuration-method before">
                <span class="method-name">setUp</span>
                <span class="method-start">2189154 ms</span>
              </div> <!-- configuration-method before -->
              <div class="test-method">
                <span class="method-name">loginpageValidationTest</span>
                <span class="method-start">2237380 ms</span>
              </div> <!-- test-method -->
              <div class="configuration-method after">
                <span class="method-name">tearDown</span>
                <span class="method-start">2242483 ms</span>
              </div> <!-- configuration-method after -->
              <div class="configuration-method before">
                <span class="method-name">setUp</span>
                <span class="method-start">2242558 ms</span>
              </div> <!-- configuration-method before -->
              <div class="test-method">
                <span class="method-name">inValidEmailTest</span>
                <span class="method-start">2291518 ms</span>
              </div> <!-- test-method -->
              <div class="configuration-method after">
                <span class="method-name">tearDown</span>
                <span class="method-start">2296929 ms</span>
              </div> <!-- configuration-method after -->
              <div class="configuration-method before">
                <span class="method-name">setUp</span>
                <span class="method-start">2297011 ms</span>
              </div> <!-- configuration-method before -->
              <div class="test-method">
                <span class="method-name">loginWithNotMatchedRecoredsTest</span>
                <span class="method-start">2343351 ms</span>
              </div> <!-- test-method -->
              <div class="configuration-method after">
                <span class="method-name">tearDown</span>
                <span class="method-start">2348835 ms</span>
              </div> <!-- configuration-method after -->
              <div class="configuration-method before">
                <span class="method-name">setUp</span>
                <span class="method-start">2348903 ms</span>
              </div> <!-- configuration-method before -->
              <div class="test-method">
                <span class="method-name">forgotPasswordTest</span>
                <span class="method-start">2396845 ms</span>
              </div> <!-- test-method -->
              <div class="configuration-method after">
                <span class="method-name">tearDown</span>
                <span class="method-start">2412147 ms</span>
              </div> <!-- configuration-method after -->
              <div class="configuration-method before">
                <span class="method-name">setUp</span>
                <span class="method-start">2412220 ms</span>
              </div> <!-- configuration-method before -->
              <div class="test-method">
                <span class="method-name">ForgotPasswordToLoginPopUpSwitchTest</span>
                <span class="method-start">2459397 ms</span>
              </div> <!-- test-method -->
              <div class="configuration-method after">
                <span class="method-name">tearDown</span>
                <span class="method-start">2474533 ms</span>
              </div> <!-- configuration-method after -->
            </div> <!-- chronological-class -->
            <div class="chronological-class">
              <div class="chronological-class-name">com.qa.testCases.MyAccountPageTest</div> <!-- chronological-class-name -->
              <div class="configuration-method before">
                <span class="method-name">setUp</span>
                <span class="method-start">2474614 ms</span>
              </div> <!-- configuration-method before -->
              <div class="test-method">
                <span class="method-name">MyAccountButtonClickabilityTest</span>
                <span class="method-start">2520977 ms</span>
              </div> <!-- test-method -->
              <div class="configuration-method after">
                <span class="method-name">teardown([TestResult name=MyAccountButtonClickabilityTest status=SUCCESS method=MyAccountPageTest.MyAccountBu...)</span>
                <span class="method-start">2537424 ms</span>
              </div> <!-- configuration-method after -->
              <div class="configuration-method before">
                <span class="method-name">setUp</span>
                <span class="method-start">2537494 ms</span>
              </div> <!-- configuration-method before -->
              <div class="test-method">
                <span class="method-name">myAccountPageTitleTest</span>
                <span class="method-start">2585083 ms</span>
              </div> <!-- test-method -->
              <div class="configuration-method after">
                <span class="method-name">teardown([TestResult name=myAccountPageTitleTest status=SUCCESS method=MyAccountPageTest.myAccountPageTitleTe...)</span>
                <span class="method-start">2603229 ms</span>
              </div> <!-- configuration-method after -->
              <div class="configuration-method before">
                <span class="method-name">setUp</span>
                <span class="method-start">2603300 ms</span>
              </div> <!-- configuration-method before -->
              <div class="test-method">
                <span class="method-name">upGradeNowButtonClickabilityTest</span>
                <span class="method-start">2650154 ms</span>
              </div> <!-- test-method -->
              <div class="configuration-method after">
                <span class="method-name">teardown([TestResult name=upGradeNowButtonClickabilityTest status=SUCCESS method=MyAccountPageTest.upGradeNow...)</span>
                <span class="method-start">2671597 ms</span>
              </div> <!-- configuration-method after -->
              <div class="configuration-method before">
                <span class="method-name">setUp</span>
                <span class="method-start">2671670 ms</span>
              </div> <!-- configuration-method before -->
              <div class="test-method">
                <span class="method-name">editButtonClickabilityTest</span>
                <span class="method-start">2719131 ms</span>
              </div> <!-- test-method -->
              <div class="configuration-method after">
                <span class="method-name">teardown([TestResult name=editButtonClickabilityTest status=SUCCESS method=MyAccountPageTest.editButtonClicka...)</span>
                <span class="method-start">2737022 ms</span>
              </div> <!-- configuration-method after -->
              <div class="configuration-method before">
                <span class="method-name">setUp</span>
                <span class="method-start">2737092 ms</span>
              </div> <!-- configuration-method before -->
              <div class="test-method">
                <span class="method-name">fieldDisabilityTestBeforEdit</span>
                <span class="method-start">2783249 ms</span>
              </div> <!-- test-method -->
              <div class="configuration-method after">
                <span class="method-name">teardown([TestResult name=fieldDisabilityTestBeforEdit status=SUCCESS method=MyAccountPageTest.fieldDisabilit...)</span>
                <span class="method-start">2801249 ms</span>
              </div> <!-- configuration-method after -->
              <div class="configuration-method before">
                <span class="method-name">setUp</span>
                <span class="method-start">2801320 ms</span>
              </div> <!-- configuration-method before -->
              <div class="test-method">
                <span class="method-name">updateAccountInfoTest</span>
                <span class="method-start">2847714 ms</span>
              </div> <!-- test-method -->
              <div class="configuration-method after">
                <span class="method-name">teardown([TestResult name=updateAccountInfoTest status=SUCCESS method=MyAccountPageTest.updateAccountInfoTest...)</span>
                <span class="method-start">2871262 ms</span>
              </div> <!-- configuration-method after -->
              <div class="configuration-method before">
                <span class="method-name">setUp</span>
                <span class="method-start">2871335 ms</span>
              </div> <!-- configuration-method before -->
              <div class="test-method">
                <span class="method-name">upgradeNowPageTest</span>
                <span class="method-start">2917984 ms</span>
              </div> <!-- test-method -->
              <div class="configuration-method after">
                <span class="method-name">teardown([TestResult name=upgradeNowPageTest status=SUCCESS method=MyAccountPageTest.upgradeNowPageTest()[pri...)</span>
                <span class="method-start">2937265 ms</span>
              </div> <!-- configuration-method after -->
              <div class="configuration-method before">
                <span class="method-name">setUp</span>
                <span class="method-start">2937335 ms</span>
              </div> <!-- configuration-method before -->
              <div class="test-method">
                <span class="method-name">SubscriptioTypeButtonClickabilityTest</span>
                <span class="method-start">2985720 ms</span>
              </div> <!-- test-method -->
              <div class="configuration-method after">
                <span class="method-name">teardown([TestResult name=SubscriptioTypeButtonClickabilityTest status=SUCCESS method=MyAccountPageTest.Subsc...)</span>
                <span class="method-start">3006057 ms</span>
              </div> <!-- configuration-method after -->
              <div class="configuration-method before">
                <span class="method-name">setUp</span>
                <span class="method-start">3006134 ms</span>
              </div> <!-- configuration-method before -->
              <div class="test-method">
                <span class="method-name">SwitchToPayPalLoginTest</span>
                <span class="method-start">3069749 ms</span>
              </div> <!-- test-method -->
              <div class="configuration-method after">
                <span class="method-name">teardown([TestResult name=SwitchToPayPalLoginTest status=SUCCESS method=MyAccountPageTest.SwitchToPayPalLogin...)</span>
                <span class="method-start">3098878 ms</span>
              </div> <!-- configuration-method after -->
            </div> <!-- chronological-class -->
            <div class="chronological-class">
              <div class="chronological-class-name">com.qa.testCases.PastAdTest</div> <!-- chronological-class-name -->
              <div class="configuration-method before">
                <span class="method-name">setUp</span>
                <span class="method-start">3098972 ms</span>
              </div> <!-- configuration-method before -->
              <div class="test-method">
                <span class="method-name">pastAdClickability</span>
                <span class="method-start">3145492 ms</span>
              </div> <!-- test-method -->
              <div class="configuration-method after">
                <span class="method-name">teardown([TestResult name=pastAdClickability status=SUCCESS method=PastAdTest.pastAdClickability()[pri:1, ins...)</span>
                <span class="method-start">3159073 ms</span>
              </div> <!-- configuration-method after -->
              <div class="configuration-method before">
                <span class="method-name">setUp</span>
                <span class="method-start">3159150 ms</span>
              </div> <!-- configuration-method before -->
              <div class="test-method">
                <span class="method-name">pastAdPageTitletest</span>
                <span class="method-start">3205600 ms</span>
              </div> <!-- test-method -->
              <div class="configuration-method after">
                <span class="method-name">teardown([TestResult name=pastAdPageTitletest status=SUCCESS method=PastAdTest.pastAdPageTitletest()[pri:2, i...)</span>
                <span class="method-start">3223496 ms</span>
              </div> <!-- configuration-method after -->
              <div class="configuration-method before">
                <span class="method-name">setUp</span>
                <span class="method-start">3223571 ms</span>
              </div> <!-- configuration-method before -->
              <div class="test-method">
                <span class="method-name">noPastAdMessageTest</span>
                <span class="method-start">3269743 ms</span>
              </div> <!-- test-method -->
              <div class="configuration-method after">
                <span class="method-name">teardown([TestResult name=noPastAdMessageTest status=SUCCESS method=PastAdTest.noPastAdMessageTest()[pri:3, i...)</span>
                <span class="method-start">3287629 ms</span>
              </div> <!-- configuration-method after -->
            </div> <!-- chronological-class -->
            <div class="chronological-class">
              <div class="chronological-class-name">com.qa.testCases.PostAddTest</div> <!-- chronological-class-name -->
              <div class="configuration-method before">
                <span class="method-name">setUp</span>
                <span class="method-start">3287702 ms</span>
              </div> <!-- configuration-method before -->
              <div class="test-method">
                <span class="method-name">postAddButtonClickabilityTest</span>
                <span class="method-start">3335433 ms</span>
              </div> <!-- test-method -->
              <div class="configuration-method after">
                <span class="method-name">tearDown</span>
                <span class="method-start">3335456 ms</span>
              </div> <!-- configuration-method after -->
              <div class="configuration-method before">
                <span class="method-name">setUp</span>
                <span class="method-start">3335529 ms</span>
              </div> <!-- configuration-method before -->
              <div class="test-method">
                <span class="method-name">requiredFieldVerificationTest</span>
                <span class="method-start">3385088 ms</span>
              </div> <!-- test-method -->
              <div class="configuration-method after">
                <span class="method-name">tearDown</span>
                <span class="method-start">3403398 ms</span>
              </div> <!-- configuration-method after -->
              <div class="configuration-method before">
                <span class="method-name">setUp</span>
                <span class="method-start">3403469 ms</span>
              </div> <!-- configuration-method before -->
              <div class="test-method">
                <span class="method-name">requiredFieldValidationTest</span>
                <span class="method-start">3449861 ms</span>
              </div> <!-- test-method -->
              <div class="configuration-method after">
                <span class="method-name">tearDown</span>
                <span class="method-start">3487893 ms</span>
              </div> <!-- configuration-method after -->
              <div class="configuration-method before">
                <span class="method-name">setUp</span>
                <span class="method-start">3487967 ms</span>
              </div> <!-- configuration-method before -->
              <div class="test-method">
                <img src="failed.png">
                </img>
                <span class="method-name">verfyPostAdPageTest</span>
                <span class="method-start">3534294 ms</span>
              </div> <!-- test-method -->
              <div class="configuration-method after">
                <span class="method-name">tearDown</span>
                <span class="method-start">3554563 ms</span>
              </div> <!-- configuration-method after -->
              <div class="configuration-method before">
                <span class="method-name">setUp</span>
                <span class="method-start">3554638 ms</span>
              </div> <!-- configuration-method before -->
              <div class="test-method">
                <span class="method-name">postAddTest</span>
                <span class="method-start">3601719 ms</span>
              </div> <!-- test-method -->
              <div class="configuration-method after">
                <span class="method-name">tearDown</span>
                <span class="method-start">3651578 ms</span>
              </div> <!-- configuration-method after -->
              <div class="configuration-method before">
                <span class="method-name">setUp</span>
                <span class="method-start">3651652 ms</span>
              </div> <!-- configuration-method before -->
              <div class="test-method">
                <img src="failed.png">
                </img>
                <span class="method-name">categoryCountTest</span>
                <span class="method-start">3698697 ms</span>
              </div> <!-- test-method -->
              <div class="configuration-method after">
                <span class="method-name">tearDown</span>
                <span class="method-start">3718976 ms</span>
              </div> <!-- configuration-method after -->
              <div class="configuration-method before">
                <span class="method-name">setUp</span>
                <span class="method-start">3719047 ms</span>
              </div> <!-- configuration-method before -->
              <div class="test-method">
                <span class="method-name">uploadImageTest</span>
                <span class="method-start">3770965 ms</span>
              </div> <!-- test-method -->
              <div class="configuration-method after">
                <span class="method-name">tearDown</span>
                <span class="method-start">3825603 ms</span>
              </div> <!-- configuration-method after -->
              <div class="configuration-method before">
                <span class="method-name">setUp</span>
                <span class="method-start">3825673 ms</span>
              </div> <!-- configuration-method before -->
              <div class="test-method">
                <span class="method-name">VerifydeleteAdTest</span>
                <span class="method-start">3872712 ms</span>
              </div> <!-- test-method -->
              <div class="configuration-method after">
                <span class="method-name">tearDown</span>
                <span class="method-start">3898964 ms</span>
              </div> <!-- configuration-method after -->
              <div class="configuration-method before">
                <span class="method-name">setUp</span>
                <span class="method-start">3899041 ms</span>
              </div> <!-- configuration-method before -->
              <div class="test-method">
                <span class="method-name">SubCategoryCorresspondingCategoryTest</span>
                <span class="method-start">3947460 ms</span>
              </div> <!-- test-method -->
              <div class="configuration-method after">
                <span class="method-name">tearDown</span>
                <span class="method-start">3982886 ms</span>
              </div> <!-- configuration-method after -->
              <div class="configuration-method before">
                <span class="method-name">setUp</span>
                <span class="method-start">3982962 ms</span>
              </div> <!-- configuration-method before -->
              <div class="test-method">
                <span class="method-name">tabFunctionalityOfPostAdFormTest</span>
                <span class="method-start">4029465 ms</span>
              </div> <!-- test-method -->
              <div class="configuration-method after">
                <span class="method-name">tearDown</span>
                <span class="method-start">4092704 ms</span>
              </div> <!-- configuration-method after -->
            </div> <!-- chronological-class -->
            <div class="chronological-class">
              <div class="chronological-class-name">com.qa.testCases.ReceivedEnquiryPageTest</div> <!-- chronological-class-name -->
              <div class="configuration-method before">
                <span class="method-name">setUp</span>
                <span class="method-start">4092797 ms</span>
              </div> <!-- configuration-method before -->
              <div class="test-method">
                <span class="method-name">receivedLinkClickabilityTest</span>
                <span class="method-start">4139651 ms</span>
              </div> <!-- test-method -->
              <div class="configuration-method after">
                <span class="method-name">teardown([TestResult name=receivedLinkClickabilityTest status=SUCCESS method=ReceivedEnquiryPageTest.received...)</span>
                <span class="method-start">4155977 ms</span>
              </div> <!-- configuration-method after -->
              <div class="configuration-method before">
                <span class="method-name">setUp</span>
                <span class="method-start">4156047 ms</span>
              </div> <!-- configuration-method before -->
              <div class="test-method">
                <span class="method-name">receivedEnquiryPageTitleTest</span>
                <span class="method-start">4202953 ms</span>
              </div> <!-- test-method -->
              <div class="configuration-method after">
                <span class="method-name">teardown([TestResult name=receivedEnquiryPageTitleTest status=SUCCESS method=ReceivedEnquiryPageTest.received...)</span>
                <span class="method-start">4220830 ms</span>
              </div> <!-- configuration-method after -->
              <div class="configuration-method before">
                <span class="method-name">setUp</span>
                <span class="method-start">4220905 ms</span>
              </div> <!-- configuration-method before -->
              <div class="test-method">
                <span class="method-name">productLinkClickabiltyTest</span>
                <span class="method-start">4268235 ms</span>
              </div> <!-- test-method -->
              <div class="configuration-method after">
                <span class="method-name">teardown([TestResult name=productLinkClickabiltyTest status=SUCCESS method=ReceivedEnquiryPageTest.productLin...)</span>
                <span class="method-start">4288083 ms</span>
              </div> <!-- configuration-method after -->
              <div class="configuration-method before">
                <span class="method-name">setUp</span>
                <span class="method-start">4288157 ms</span>
              </div> <!-- configuration-method before -->
              <div class="test-method">
                <img src="failed.png">
                </img>
                <span class="method-name">fileLinkClickabilityTest</span>
                <span class="method-start">4335030 ms</span>
              </div> <!-- test-method -->
              <div class="configuration-method after">
                <span class="method-name">teardown([TestResult name=fileLinkClickabilityTest status=FAILURE method=ReceivedEnquiryPageTest.fileLinkClic...)</span>
                <span class="method-start">4374971 ms</span>
              </div> <!-- configuration-method after -->
              <div class="configuration-method before">
                <span class="method-name">setUp</span>
                <span class="method-start">4375139 ms</span>
              </div> <!-- configuration-method before -->
              <div class="test-method">
                <span class="method-name">deleteLinkClickabilityTest</span>
                <span class="method-start">4421678 ms</span>
              </div> <!-- test-method -->
              <div class="configuration-method after">
                <span class="method-name">teardown([TestResult name=deleteLinkClickabilityTest status=SUCCESS method=ReceivedEnquiryPageTest.deleteLink...)</span>
                <span class="method-start">4441625 ms</span>
              </div> <!-- configuration-method after -->
              <div class="configuration-method before">
                <span class="method-name">setUp</span>
                <span class="method-start">4441700 ms</span>
              </div> <!-- configuration-method before -->
              <div class="test-method">
                <span class="method-name">verifyproductLinkOnProductPageTest</span>
                <span class="method-start">4488813 ms</span>
              </div> <!-- test-method -->
              <div class="configuration-method after">
                <span class="method-name">teardown([TestResult name=verifyproductLinkOnProductPageTest status=SUCCESS method=ReceivedEnquiryPageTest.ve...)</span>
                <span class="method-start">4513249 ms</span>
              </div> <!-- configuration-method after -->
              <div class="configuration-method before">
                <span class="method-name">setUp</span>
                <span class="method-start">4513321 ms</span>
              </div> <!-- configuration-method before -->
              <div class="test-method">
                <span class="method-name">DeleteReceivedEnquiryTest</span>
                <span class="method-start">4561608 ms</span>
              </div> <!-- test-method -->
              <div class="configuration-method after">
                <span class="method-name">teardown([TestResult name=DeleteReceivedEnquiryTest status=SUCCESS method=ReceivedEnquiryPageTest.DeleteRecei...)</span>
                <span class="method-start">4584171 ms</span>
              </div> <!-- configuration-method after -->
            </div> <!-- chronological-class -->
            <div class="chronological-class">
              <div class="chronological-class-name">com.qa.testCases.SearchPageTest</div> <!-- chronological-class-name -->
              <div class="configuration-method before">
                <span class="method-name">setUp</span>
                <span class="method-start">4584263 ms</span>
              </div> <!-- configuration-method before -->
              <div class="test-method">
                <span class="method-name">searchWithEmptyKeywordTest</span>
                <span class="method-start">4630546 ms</span>
              </div> <!-- test-method -->
              <div class="configuration-method after">
                <span class="method-name">teardown([TestResult name=searchWithEmptyKeywordTest status=SUCCESS method=SearchPageTest.searchWithEmptyKeyw...)</span>
                <span class="method-start">4630608 ms</span>
              </div> <!-- configuration-method after -->
              <div class="configuration-method before">
                <span class="method-name">setUp</span>
                <span class="method-start">4630684 ms</span>
              </div> <!-- configuration-method before -->
              <div class="test-method">
                <span class="method-name">searchButtonClickabilityTest</span>
                <span class="method-start">4677026 ms</span>
              </div> <!-- test-method -->
              <div class="configuration-method after">
                <span class="method-name">teardown([TestResult name=searchButtonClickabilityTest status=SUCCESS method=SearchPageTest.searchButtonClick...)</span>
                <span class="method-start">4677051 ms</span>
              </div> <!-- configuration-method after -->
              <div class="configuration-method before">
                <span class="method-name">setUp</span>
                <span class="method-start">4677124 ms</span>
              </div> <!-- configuration-method before -->
              <div class="test-method">
                <span class="method-name">NoResultFoundOnSearchTest</span>
                <span class="method-start">4723319 ms</span>
              </div> <!-- test-method -->
              <div class="configuration-method after">
                <span class="method-name">teardown([TestResult name=NoResultFoundOnSearchTest status=SUCCESS method=SearchPageTest.NoResultFoundOnSearc...)</span>
                <span class="method-start">4725892 ms</span>
              </div> <!-- configuration-method after -->
              <div class="configuration-method before">
                <span class="method-name">setUp</span>
                <span class="method-start">4725960 ms</span>
              </div> <!-- configuration-method before -->
              <div class="test-method">
                <span class="method-name">verifySearchResultTest</span>
                <span class="method-start">4772900 ms</span>
              </div> <!-- test-method -->
              <div class="configuration-method after">
                <span class="method-name">teardown([TestResult name=verifySearchResultTest status=SUCCESS method=SearchPageTest.verifySearchResultTest(...)</span>
                <span class="method-start">4777122 ms</span>
              </div> <!-- configuration-method after -->
              <div class="configuration-method before">
                <span class="method-name">setUp</span>
                <span class="method-start">4777191 ms</span>
              </div> <!-- configuration-method before -->
              <div class="test-method">
                <span class="method-name">placeholderTest</span>
                <span class="method-start">4824213 ms</span>
              </div> <!-- test-method -->
              <div class="configuration-method after">
                <span class="method-name">teardown([TestResult name=placeholderTest status=SUCCESS method=SearchPageTest.placeholderTest()[pri:5, insta...)</span>
                <span class="method-start">4824236 ms</span>
              </div> <!-- configuration-method after -->
            </div> <!-- chronological-class -->
            <div class="chronological-class">
              <div class="chronological-class-name">com.qa.testCases.SentEnquiryTest</div> <!-- chronological-class-name -->
              <div class="configuration-method before">
                <span class="method-name">setUp</span>
                <span class="method-start">4824313 ms</span>
              </div> <!-- configuration-method before -->
              <div class="test-method">
                <span class="method-name">sentEnquiryLinkTest</span>
                <span class="method-start">4873493 ms</span>
              </div> <!-- test-method -->
              <div class="configuration-method after">
                <span class="method-name">teardown([TestResult name=sentEnquiryLinkTest status=SUCCESS method=SentEnquiryTest.sentEnquiryLinkTest()[pri...)</span>
                <span class="method-start">4892628 ms</span>
              </div> <!-- configuration-method after -->
              <div class="configuration-method before">
                <span class="method-name">setUp</span>
                <span class="method-start">4892700 ms</span>
              </div> <!-- configuration-method before -->
              <div class="test-method">
                <span class="method-name">sentEnquiryPageTitleTest</span>
                <span class="method-start">4948680 ms</span>
              </div> <!-- test-method -->
              <div class="configuration-method after">
                <span class="method-name">teardown([TestResult name=sentEnquiryPageTitleTest status=SUCCESS method=SentEnquiryTest.sentEnquiryPageTitle...)</span>
                <span class="method-start">4966443 ms</span>
              </div> <!-- configuration-method after -->
              <div class="configuration-method before">
                <span class="method-name">setUp</span>
                <span class="method-start">4966514 ms</span>
              </div> <!-- configuration-method before -->
              <div class="test-method">
                <span class="method-name">verifyLinkOnSentEnquiryPageTest</span>
                <span class="method-start">5013168 ms</span>
              </div> <!-- test-method -->
              <div class="configuration-method after">
                <span class="method-name">teardown([TestResult name=verifyLinkOnSentEnquiryPageTest status=SUCCESS method=SentEnquiryTest.verifyLinkOnS...)</span>
                <span class="method-start">5031275 ms</span>
              </div> <!-- configuration-method after -->
              <div class="configuration-method before">
                <span class="method-name">setUp</span>
                <span class="method-start">5031349 ms</span>
              </div> <!-- configuration-method before -->
              <div class="test-method">
                <img src="failed.png">
                </img>
                <span class="method-name">verifyEnquiredProductTest</span>
                <span class="method-start">5077993 ms</span>
              </div> <!-- test-method -->
              <div class="configuration-method after">
                <span class="method-name">teardown([TestResult name=verifyEnquiredProductTest status=FAILURE method=SentEnquiryTest.verifyEnquiredProdu...)</span>
                <span class="method-start">5121002 ms</span>
              </div> <!-- configuration-method after -->
              <div class="configuration-method before">
                <span class="method-name">setUp</span>
                <span class="method-start">5121872 ms</span>
              </div> <!-- configuration-method before -->
              <div class="test-method">
                <span class="method-name">deleteSentEnquiryTest</span>
                <span class="method-start">5169002 ms</span>
              </div> <!-- test-method -->
              <div class="configuration-method after">
                <span class="method-name">teardown([TestResult name=deleteSentEnquiryTest status=SUCCESS method=SentEnquiryTest.deleteSentEnquiryTest()...)</span>
                <span class="method-start">5189497 ms</span>
              </div> <!-- configuration-method after -->
            </div> <!-- chronological-class -->
            <div class="chronological-class">
              <div class="chronological-class-name">com.qa.testCases.SignUpPageTest</div> <!-- chronological-class-name -->
              <div class="configuration-method before">
                <span class="method-name">setUp</span>
                <span class="method-start">5189580 ms</span>
              </div> <!-- configuration-method before -->
              <div class="test-method">
                <span class="method-name">SignUpPopUpTest</span>
                <span class="method-start">5236604 ms</span>
              </div> <!-- test-method -->
              <div class="configuration-method after">
                <span class="method-name">teardown([TestResult name=SignUpPopUpTest status=SUCCESS method=SignUpPageTest.SignUpPopUpTest()[pri:1, insta...)</span>
                <span class="method-start">5246682 ms</span>
              </div> <!-- configuration-method after -->
              <div class="configuration-method before">
                <span class="method-name">setUp</span>
                <span class="method-start">5246750 ms</span>
              </div> <!-- configuration-method before -->
              <div class="test-method">
                <img src="failed.png">
                </img>
                <span class="method-name">SignUpFormTest</span>
                <span class="method-start">5293149 ms</span>
              </div> <!-- test-method -->
              <div class="configuration-method after">
                <span class="method-name">teardown([TestResult name=SignUpFormTest status=FAILURE method=SignUpPageTest.SignUpFormTest()[pri:2, instanc...)</span>
                <span class="method-start">5319169 ms</span>
              </div> <!-- configuration-method after -->
              <div class="configuration-method before">
                <span class="method-name">setUp</span>
                <span class="method-start">5319443 ms</span>
              </div> <!-- configuration-method before -->
              <div class="test-method">
                <span class="method-name">usernameValidationTest</span>
                <span class="method-start">5365986 ms</span>
              </div> <!-- test-method -->
              <div class="configuration-method after">
                <span class="method-name">teardown([TestResult name=usernameValidationTest status=SUCCESS method=SignUpPageTest.usernameValidationTest(...)</span>
                <span class="method-start">5371094 ms</span>
              </div> <!-- configuration-method after -->
              <div class="configuration-method before">
                <span class="method-name">setUp</span>
                <span class="method-start">5371170 ms</span>
              </div> <!-- configuration-method before -->
              <div class="test-method">
                <span class="method-name">termsAndConditionsLinkTest</span>
                <span class="method-start">5418338 ms</span>
              </div> <!-- test-method -->
              <div class="configuration-method after">
                <span class="method-name">teardown([TestResult name=termsAndConditionsLinkTest status=SUCCESS method=SignUpPageTest.termsAndConditionsL...)</span>
                <span class="method-start">5424907 ms</span>
              </div> <!-- configuration-method after -->
              <div class="configuration-method before">
                <span class="method-name">setUp</span>
                <span class="method-start">5424979 ms</span>
              </div> <!-- configuration-method before -->
              <div class="test-method">
                <span class="method-name">privacyPolicyLinksTest</span>
                <span class="method-start">5471432 ms</span>
              </div> <!-- test-method -->
              <div class="configuration-method after">
                <span class="method-name">teardown([TestResult name=privacyPolicyLinksTest status=SUCCESS method=SignUpPageTest.privacyPolicyLinksTest(...)</span>
                <span class="method-start">5477929 ms</span>
              </div> <!-- configuration-method after -->
              <div class="configuration-method before">
                <span class="method-name">setUp</span>
                <span class="method-start">5478001 ms</span>
              </div> <!-- configuration-method before -->
              <div class="test-method">
                <span class="method-name">signUpWithalreadyRegisteredEmail</span>
                <span class="method-start">5524438 ms</span>
              </div> <!-- test-method -->
              <div class="configuration-method after">
                <span class="method-name">teardown([TestResult name=signUpWithalreadyRegisteredEmail status=SUCCESS method=SignUpPageTest.signUpWithalr...)</span>
                <span class="method-start">5531180 ms</span>
              </div> <!-- configuration-method after -->
              <div class="configuration-method before">
                <span class="method-name">setUp</span>
                <span class="method-start">5531252 ms</span>
              </div> <!-- configuration-method before -->
              <div class="test-method">
                <span class="method-name">passwordAndConfirmPasswordMismatchTest</span>
                <span class="method-start">5595302 ms</span>
              </div> <!-- test-method -->
              <div class="configuration-method after">
                <span class="method-name">teardown([TestResult name=passwordAndConfirmPasswordMismatchTest status=SUCCESS method=SignUpPageTest.passwor...)</span>
                <span class="method-start">5602024 ms</span>
              </div> <!-- configuration-method after -->
              <div class="configuration-method before">
                <span class="method-name">setUp</span>
                <span class="method-start">5602093 ms</span>
              </div> <!-- configuration-method before -->
              <div class="test-method">
                <span class="method-name">checkBoxValidationTest</span>
                <span class="method-start">5648622 ms</span>
              </div> <!-- test-method -->
              <div class="configuration-method after">
                <span class="method-name">teardown([TestResult name=checkBoxValidationTest status=SUCCESS method=SignUpPageTest.checkBoxValidationTest(...)</span>
                <span class="method-start">5655244 ms</span>
              </div> <!-- configuration-method after -->
              <div class="configuration-method before">
                <span class="method-name">setUp</span>
                <span class="method-start">5655317 ms</span>
              </div> <!-- configuration-method before -->
              <div class="test-method">
                <span class="method-name">signUpWithTabTest</span>
                <span class="method-start">5716515 ms</span>
              </div> <!-- test-method -->
              <div class="configuration-method after">
                <span class="method-name">teardown([TestResult name=signUpWithTabTest status=SUCCESS method=SignUpPageTest.signUpWithTabTest()[pri:8, i...)</span>
                <span class="method-start">5744526 ms</span>
              </div> <!-- configuration-method after -->
              <div class="configuration-method before">
                <span class="method-name">setUp</span>
                <span class="method-start">5744598 ms</span>
              </div> <!-- configuration-method before -->
              <div class="test-method">
                <span class="method-name">SignUpPlaceholderTest</span>
                <span class="method-start">5792920 ms</span>
              </div> <!-- test-method -->
              <div class="configuration-method after">
                <span class="method-name">teardown([TestResult name=SignUpPlaceholderTest status=SUCCESS method=SignUpPageTest.SignUpPlaceholderTest()[...)</span>
                <span class="method-start">5798017 ms</span>
              </div> <!-- configuration-method after -->
              <div class="configuration-method before">
                <span class="method-name">setUp</span>
                <span class="method-start">5798093 ms</span>
              </div> <!-- configuration-method before -->
              <div class="test-method">
                <span class="method-name">maximumPasswordLenghtValidationTest</span>
                <span class="method-start">5849143 ms</span>
              </div> <!-- test-method -->
              <div class="configuration-method after">
                <span class="method-name">teardown([TestResult name=maximumPasswordLenghtValidationTest status=SUCCESS method=SignUpPageTest.maximumPas...)</span>
                <span class="method-start">5851254 ms</span>
              </div> <!-- configuration-method after -->
              <div class="configuration-method before">
                <span class="method-name">setUp</span>
                <span class="method-start">5851327 ms</span>
              </div> <!-- configuration-method before -->
              <div class="test-method">
                <span class="method-name">invalidEmailTest</span>
                <span class="method-start">5897832 ms</span>
              </div> <!-- test-method -->
              <div class="configuration-method after">
                <span class="method-name">teardown([TestResult name=invalidEmailTest status=SUCCESS method=SignUpPageTest.invalidEmailTest()[pri:11, in...)</span>
                <span class="method-start">5907330 ms</span>
              </div> <!-- configuration-method after -->
              <div class="configuration-method before">
                <span class="method-name">setUp</span>
                <span class="method-start">5907398 ms</span>
              </div> <!-- configuration-method before -->
              <div class="test-method">
                <span class="method-name">checkBoxSelectionTest</span>
                <span class="method-start">5954514 ms</span>
              </div> <!-- test-method -->
              <div class="configuration-method after">
                <span class="method-name">teardown([TestResult name=checkBoxSelectionTest status=SUCCESS method=SignUpPageTest.checkBoxSelectionTest()[...)</span>
                <span class="method-start">5959570 ms</span>
              </div> <!-- configuration-method after -->
          </div> <!-- main-panel-content rounded-window-bottom -->
        </div> <!-- panel -->
      </div> <!-- main-panel-root -->
    </div> <!-- wrapper -->
  </body>
</html>
