<?xml version="1.0" encoding="UTF-8"?>
<!-- Generated by org.testng.reporters.JUnitReportReporter -->
<testsuite skipped="0" hostname="saffron-H81M-S" name="com.qa.testCases.CategoriesPageTest" tests="17" failures="1" timestamp="19 Mar 2019 10:45:01 GMT" time="952.101" errors="0">
  <testcase name="countCategoryTest" time="46.469" classname="com.qa.testCases.CategoriesPageTest"/>
  <testcase name="categoryMenuClickabilityTest" time="44.907" classname="com.qa.testCases.CategoriesPageTest"/>
  <testcase name="verifyCategoryPageTitleTest" time="51.750" classname="com.qa.testCases.CategoriesPageTest">
    <failure type="java.lang.AssertionError" message="expected [] but found [WeeklyPaper - Categories]">
      <![CDATA[java.lang.AssertionError: expected [] but found [WeeklyPaper - Categories]
at org.testng.Assert.fail(Assert.java:96)
at org.testng.Assert.failNotEquals(Assert.java:776)
at org.testng.Assert.assertEqualsImpl(Assert.java:137)
at org.testng.Assert.assertEquals(Assert.java:118)
at org.testng.Assert.assertEquals(Assert.java:453)
at org.testng.Assert.assertEquals(Assert.java:463)
at com.qa.testCases.CategoriesPageTest.verifyCategoryPageTitleTest(CategoriesPageTest.java:54)
at sun.reflect.NativeMethodAccessorImpl.invoke0(Native Method)
at sun.reflect.NativeMethodAccessorImpl.invoke(NativeMethodAccessorImpl.java:62)
at sun.reflect.DelegatingMethodAccessorImpl.invoke(DelegatingMethodAccessorImpl.java:43)
at java.lang.reflect.Method.invoke(Method.java:498)
at org.testng.internal.MethodInvocationHelper.invokeMethod(MethodInvocationHelper.java:124)
at org.testng.internal.Invoker.invokeMethod(Invoker.java:580)
at org.testng.internal.Invoker.invokeTestMethod(Invoker.java:716)
at org.testng.internal.Invoker.invokeTestMethods(Invoker.java:988)
at org.testng.internal.TestMethodWorker.invokeTestMethods(TestMethodWorker.java:125)
at org.testng.internal.TestMethodWorker.run(TestMethodWorker.java:109)
at org.testng.TestRunner.privateRun(TestRunner.java:648)
at org.testng.TestRunner.run(TestRunner.java:505)
at org.testng.SuiteRunner.runTest(SuiteRunner.java:455)
at org.testng.SuiteRunner.runSequentially(SuiteRunner.java:450)
at org.testng.SuiteRunner.privateRun(SuiteRunner.java:415)
at org.testng.SuiteRunner.run(SuiteRunner.java:364)
at org.testng.SuiteRunnerWorker.runSuite(SuiteRunnerWorker.java:52)
at org.testng.SuiteRunnerWorker.run(SuiteRunnerWorker.java:84)
at org.testng.TestNG.runSuitesSequentially(TestNG.java:1208)
at org.testng.TestNG.runSuitesLocally(TestNG.java:1137)
at org.testng.TestNG.runSuites(TestNG.java:1049)
at org.testng.TestNG.run(TestNG.java:1017)
at org.testng.remote.AbstractRemoteTestNG.run(AbstractRemoteTestNG.java:114)
at org.testng.remote.RemoteTestNG.initAndRun(RemoteTestNG.java:251)
at org.testng.remote.RemoteTestNG.main(RemoteTestNG.java:77)
]]>
    </failure>
  </testcase> <!-- verifyCategoryPageTitleTest -->
  <testcase name="countArtBookssubcategories" time="56.541" classname="com.qa.testCases.CategoriesPageTest"/>
  <testcase name="countAutomotivesubcategories" time="56.467" classname="com.qa.testCases.CategoriesPageTest"/>
  <testcase name="countBoatsAndSkisSubcategories" time="56.275" classname="com.qa.testCases.CategoriesPageTest"/>
  <testcase name="countClothesAndJewelSubcategories" time="56.731" classname="com.qa.testCases.CategoriesPageTest"/>
  <testcase name="countCommunitySubCategories" time="56.478" classname="com.qa.testCases.CategoriesPageTest"/>
  <testcase name="countConsumerElectronicsSubcategories" time="63.759" classname="com.qa.testCases.CategoriesPageTest"/>
  <testcase name="countDiscussionForumsSubcategories" time="59.047" classname="com.qa.testCases.CategoriesPageTest"/>
  <testcase name="countJobsSubcategories" time="61.876" classname="com.qa.testCases.CategoriesPageTest"/>
  <testcase name="countLocalPlacesSubcategories" time="59.783" classname="com.qa.testCases.CategoriesPageTest"/>
  <testcase name="countOthersSubcategories" time="56.380" classname="com.qa.testCases.CategoriesPageTest"/>
  <testcase name="countPetsSubcategories" time="56.283" classname="com.qa.testCases.CategoriesPageTest"/>
  <testcase name="countRealEstateSubcategories" time="56.296" classname="com.qa.testCases.CategoriesPageTest"/>
  <testcase name="countResumesSubcategories" time="56.574" classname="com.qa.testCases.CategoriesPageTest"/>
  <testcase name="countServicesSubcategories" time="56.485" classname="com.qa.testCases.CategoriesPageTest"/>
</testsuite> <!-- com.qa.testCases.CategoriesPageTest -->
